#
# A fatal error has been detected by the Java Runtime Environment:
#
#  EXCEPTION_ACCESS_VIOLATION (0xc0000005) at pc=0x00007ff8f4b026c4, pid=10584, tid=22208
#
# JRE version: OpenJDK Runtime Environment (25.0.2+10) (build 25.0.2+10-69)
# Java VM: OpenJDK 64-Bit Server VM (25.0.2+10-69, mixed mode, emulated-client, sharing, tiered, compressed oops, compressed class ptrs, g1 gc, windows-amd64)
# Problematic frame:
# C  [libasyncProfiler.dll+0x926c4]
#
# No core dump will be written. Minidumps are not enabled by default on client versions of Windows
#
# JFR recording file will be written. Location: C:\Users\sharo\knowly_back\hs_err_pid10584.jfr
#
# If you would like to submit a bug report, please visit:
#   https://bugreport.java.com/bugreport/crash.jsp
# The crash happened outside the Java Virtual Machine in native code.
# See problematic frame for where to report the bug.
#

---------------  S U M M A R Y ------------

Command Line: --enable-preview -XX:TieredStopAtLevel=1 -Dspring.output.ansi.enabled=always -Dcom.sun.management.jmxremote -Dspring.jmx.enabled=true -Dspring.liveBeansView.mbeanDomain -Dspring.application.admin.enabled=true -Dmanagement.endpoints.jmx.exposure.include=* -javaagent:C:\Program Files\JetBrains\IntelliJ IDEA 2025.1.1.1\lib\idea_rt.jar=49877 -agentpath:C:\Users\sharo\AppData\Local\Temp\idea_libasyncProfiler_dll_temp_folder1\libasyncProfiler.dll=start,jfr,event=wall,interval=10ms,jfrsync=profile,cstack=no,file=C:\Users\sharo\IdeaSnapshots\KnowlyBackApplication_2026_03_30_212351.jfr,dbghelppath=C:\Users\sharo\AppData\Local\Temp\idea_dbghelp_dll_temp_folder\dbghelp.dll,log=C:\Users\sharo\AppData\Local\Temp\KnowlyBackApplication_2026_03_30_212351.jfr.log.txt,logLevel=DEBUG -Dfile.encoding=UTF-8 -Dsun.stdout.encoding=UTF-8 -Dsun.stderr.encoding=UTF-8 com.proyecto.knowly_back.KnowlyBackApplication

Host: AMD Ryzen 5 7520U with Radeon Graphics         , 8 cores, 15G,  Windows 11 , 64 bit Build 26100 (10.0.26100.7920)
Time: Mon Mar 30 21:23:52 2026 Hora est. Pac璗ico, Sudam廨ica elapsed time: 1.242112 seconds (0d 0h 0m 1s)

---------------  T H R E A D  ---------------

Current thread (0x0000021f5eb65ad0):  JavaThread "main"             [_thread_in_native, id=22208, stack(0x000000bf52900000,0x000000bf52a00000) (1024K)]

Stack: [0x000000bf52900000,0x000000bf52a00000],  sp=0x000000bf529fe670,  free space=1017k
Native frames: (J=compiled Java code, j=interpreted, Vv=VM code, C=native code)
C  [libasyncProfiler.dll+0x926c4]  (no source info available)
C  [libasyncProfiler.dll+0x92b9b]  (no source info available)
C  [libasyncProfiler.dll+0x917f4]  (no source info available)
C  [libasyncProfiler.dll+0x9206a]  (no source info available)
C  [libasyncProfiler.dll+0x8cc21]  (no source info available)
C  [libasyncProfiler.dll+0x7e5e1]  (no source info available)
C  [libasyncProfiler.dll+0x7d2f8]  (no source info available)
C  [libasyncProfiler.dll+0x7d1e0]  (no source info available)
C  [libasyncProfiler.dll+0x832fc]  (no source info available)
V  [jvm.dll+0x64b1ae]  (no source info available)
V  [jvm.dll+0x910f3d]  (no source info available)
V  [jvm.dll+0x4f9331]  (no source info available)
V  [jvm.dll+0x4fabc1]  (no source info available)
C  [jli.dll+0x543e]  (no source info available)
C  [ucrtbase.dll+0x37b0]  (no source info available)
C  [KERNEL32.DLL+0x2e8d7]  (no source info available)
C  [ntdll.dll+0x8c48c]  (no source info available)


siginfo: EXCEPTION_ACCESS_VIOLATION (0xc0000005), reading address 0xffffffffffffffff


Registers:
RAX=0x0000000000000010, RBX=0x0000000000000000, RCX=0xffffffffffffffff, RDX=0x007ff895fb64e010
RSP=0x000000bf529fe670, RBP=0x0000021f77aba060, RSI=0x000000bf529fe7e0, RDI=0x0000021f77aba060
R8 =0x0000000000000042, R9 =0x000000071ac01eb8, R10=0x00007ff89623f480, R11=0x0000000000000002
R12=0x000000bf529fe7e0, R13=0x0000021f5efdd4e0, R14=0x0000021f5eb65f18, R15=0x0000021f5eb65f18
RIP=0x00007ff8f4b026c4, EFLAGS=0x0000000000010202

XMM[0]=0x0000000000000000 0x0000000000000000
XMM[1]=0x0000000000000000 0x0000000000000000
XMM[2]=0x0000000000000000 0x0000000000000000
XMM[3]=0x0000000000000000 0x0000000000000000
XMM[4]=0x0000000000000000 0x0000000000000000
XMM[5]=0x0000000000000000 0x0000000000000000
XMM[6]=0x0000000000000000 0x0000000000000000
XMM[7]=0x0000000000000000 0x0000000000000000
XMM[8]=0x0000000000000000 0x0000000000000000
XMM[9]=0x0000000000000000 0x0000000000000000
XMM[10]=0x0000000000000000 0x0000000000000000
XMM[11]=0x0000000000000000 0x0000000000000000
XMM[12]=0x0000000000000000 0x0000000000000000
XMM[13]=0x0000000000000000 0x0000000000000000
XMM[14]=0x0000000000000000 0x0000000000000000
XMM[15]=0x0000000000000000 0x0000000000000000
  MXCSR=0x00001fa0


Register to memory mapping:

RAX=0x0000000000000010 is an unknown value
RBX=0x0 is null
RCX=0xffffffffffffffff is an unknown value
RDX=0x007ff895fb64e010 is an unknown value
RSP=0x000000bf529fe670 is pointing into the stack for thread: 0x0000021f5eb65ad0
RBP=0x0000021f77aba060 points into unknown readable memory: 0x000000071ac01eb8 | b8 1e c0 1a 07 00 00 00
RSI=0x000000bf529fe7e0 is pointing into the stack for thread: 0x0000021f5eb65ad0
RDI=0x0000021f77aba060 points into unknown readable memory: 0x000000071ac01eb8 | b8 1e c0 1a 07 00 00 00
R8 =0x0000000000000042 is an unknown value
R9 =0x000000071ac01eb8 is an oop: java.lang.Thread 
{0x000000071ac01eb8} - klass: 'java/lang/Thread' - flags: 

 - ---- fields (total size 14 words):
 - 'threadLocalRandomProbe' 'I' @12  0 (0x00000000)
 - private volatile 'eetop' 'J' @16  2333756250832 (0x0000021f5eb65ad0)
 - private final 'tid' 'J' @24  3 (0x0000000000000003)
 - 'threadLocalRandomSeed' 'J' @32  0 (0x0000000000000000)
 - injected 'jvmti_thread_state' 'J' @40  2333757861600 (0x0000021f5eceeee0)
 - 'threadLocalRandomSecondarySeed' 'I' @48  0 (0x00000000)
 - injected 'jvmti_VTMS_transition_disable_count' 'I' @52  0 (0x00000000)
 - injected 'jfr_epoch' 'S' @56  0 (0x0000)
 - volatile 'interrupted' 'Z' @58  false (0x00)
 - injected 'jvmti_is_in_VTMS_transition' 'Z' @59  false (0x00)
 - private volatile 'name' 'Ljava/lang/String;' @60  "main"{0x000000071ac01f28} (0xe35803e5)
 - private volatile 'contextClassLoader' 'Ljava/lang/ClassLoader;' @64  a 'jdk/internal/loader/ClassLoaders$AppClassLoader'{0x000000071ac4dfb8} (0xe3589bf7)
 - private final 'holder' 'Ljava/lang/Thread$FieldHolder;' @68  a 'java/lang/Thread$FieldHolder'{0x000000071ac01f68} (0xe35803ed)
 - private 'threadLocals' 'Ljava/lang/ThreadLocal$ThreadLocalMap;' @72  null (0x00000000)
 - private 'inheritableThreadLocals' 'Ljava/lang/ThreadLocal$ThreadLocalMap;' @76  null (0x00000000)
 - private 'scopedValueBindings' 'Ljava/lang/Object;' @80  a 'java/lang/Class'{0x00000007ffe7f210} = 'java/lang/Thread' (0xfffcfe42)
 - final 'interruptLock' 'Ljava/lang/Object;' @84  a 'java/lang/Object'{0x000000071ac01f58} (0xe35803eb)
 - private volatile 'parkBlocker' 'Ljava/lang/Object;' @88  null (0x00000000)
 - private 'nioBlocker' 'Lsun/nio/ch/Interruptible;' @92  null (0x00000000)
 - private 'cont' 'Ljdk/internal/vm/Continuation;' @96  null (0x00000000)
 - private volatile 'uncaughtExceptionHandler' 'Ljava/lang/Thread$UncaughtExceptionHandler;' @100  null (0x00000000)
 - private 'container' 'Ljdk/internal/vm/ThreadContainer;' @104  null (0x00000000)
 - private volatile 'headStackableScopes' 'Ljdk/internal/vm/StackableScope;' @108  null (0x00000000)
R10=0x00007ff89623f480 jvm.dll
R11=0x0000000000000002 is an unknown value
R12=0x000000bf529fe7e0 is pointing into the stack for thread: 0x0000021f5eb65ad0
R13=0x0000021f5efdd4e0 points into unknown readable memory: 0x00007ff8961afc50 | 50 fc 1a 96 f8 7f 00 00
R14=0x0000021f5eb65f18 points into unknown readable memory: 0x00007ff8961a6ba0 | a0 6b 1a 96 f8 7f 00 00
R15=0x0000021f5eb65f18 points into unknown readable memory: 0x00007ff8961a6ba0 | a0 6b 1a 96 f8 7f 00 00

Top of Stack: (sp=0x000000bf529fe670)
0x000000bf529fe670:   000000bf529fe7e0 0000021f77aba060   ...R....`..w....
0x000000bf529fe680:   0000000000000000 0000021f5f05eab8   ..........._....
0x000000bf529fe690:   000000000000001d 00007ff8f4b02b9b   .........+......
0x000000bf529fe6a0:   0000000000000000 0000021f5eb65f18   ........._.^....
0x000000bf529fe6b0:   000000bf529fe701 0000000000000000   ...R............
0x000000bf529fe6c0:   0000021f791535d0 00007ff8f4b017f4   .5.y............
0x000000bf529fe6d0:   0000000000000000 000000000000001d   ................
0x000000bf529fe6e0:   0000000000000000 000000000000001d   ................
0x000000bf529fe6f0:   0000000d00000002 0000021f79199f00   ...........y....
0x000000bf529fe700:   0000021f791535d0 0000021f79153644   .5.y....D6.y....
0x000000bf529fe710:   0000021f79153678 0000000000003c2c   x6.y....,<......
0x000000bf529fe720:   0000000000000000 0000000000000000   ................
0x000000bf529fe730:   0000000000000000 00007ff8959a8434   ........4.......
0x000000bf529fe740:   00007ff8f4c44ca0 0000000000002958   .L......X)......
0x000000bf529fe750:   00007ff8f4c44ca0 00000000ffffffff   .L..............
0x000000bf529fe760:   0000000000000000 00007ff8f4b0206a   ........j ......
0x000000bf529fe770:   0000021f5eb65f18 0000000000000000   ._.^............
0x000000bf529fe780:   000000bf529fe7e9 0000021f5efdd4e0   ...R.......^....
0x000000bf529fe790:   0000021f77802040 0000021f5cb30000   @ .w.......\....
0x000000bf529fe7a0:   0000021f77802040 00007ff91ca9ca39   @ .w....9.......
0x000000bf529fe7b0:   0000021f5eb65f18 00007ff8f4c44ca0   ._.^.....L......
0x000000bf529fe7c0:   00007ff8f4bef0d8 00007ff8f4bef0c8   ................
0x000000bf529fe7d0:   0000000000000000 0000021f5eb65f18   ........._.^....
0x000000bf529fe7e0:   0000021f791c1a60 0000021f791c1e00   `..y.......y....
0x000000bf529fe7f0:   0000021f791c1e00 00007ff8f4c44ca0   ...y.....L......
0x000000bf529fe800:   0000021f5efd15c8 000000bf529fe978   ...^....x..R....
0x000000bf529fe810:   000000bf529feab0 0000000000008840   ...R....@.......
0x000000bf529fe820:   00007ff8f4c37080 00007ff8f4c44cf0   .p.......L......
0x000000bf529fe830:   0000000000989680 0000000000989680   ................
0x000000bf529fe840:   000000bf529fe950 00007ff8f4afcc21   P..R....!.......
0x000000bf529fe850:   00007ff8f4c44ca0 00007ff8f4c44cf8   .L.......L......
0x000000bf529fe860:   00007ff800000000 003d1f9f00000001   ..............=.

Instructions: (pc=0x00007ff8f4b026c4)
  0x00007ff8f4b025c4:   cc cc cc cc cc cc cc cc cc cc cc cc cc cc cc cc
  0x00007ff8f4b025d4:   cc cc cc cc cc cc cc cc cc cc cc cc cc cc cc cc
  0x00007ff8f4b025e4:   cc cc cc cc cc cc cc cc cc cc cc cc cc cc cc cc
  0x00007ff8f4b025f4:   cc cc cc cc cc cc cc cc cc cc cc cc cc cc cc cc
  0x00007ff8f4b02604:   cc cc cc cc cc cc cc cc cc cc cc cc cc cc cc cc
  0x00007ff8f4b02614:   cc cc cc cc cc cc cc cc cc cc cc cc cc cc cc cc
  0x00007ff8f4b02624:   cc cc cc cc cc cc cc cc cc cc cc cc cc cc cc cc
  0x00007ff8f4b02634:   cc cc cc cc cc cc cc cc cc cc cc cc cc cc cc cc
  0x00007ff8f4b02644:   cc cc cc cc cc cc cc cc cc cc cc cc 40 57 48 83
  0x00007ff8f4b02654:   ec 20 48 8b f9 48 8b 0d 10 28 14 00 48 85 c9 74
  0x00007ff8f4b02664:   20 48 8b 01 48 8d 54 24 38 41 b8 06 00 01 00 4c
  0x00007ff8f4b02674:   8b 48 30 41 ff d1 85 c0 75 07 48 8b 4c 24 38 eb
  0x00007ff8f4b02684:   02 33 c9 4c 8b 05 ea 28 14 00 48 89 5c 24 30 4d
  0x00007ff8f4b02694:   85 c0 74 4a 48 8b 01 48 8b d7 4c 8b 88 28 03 00
  0x00007ff8f4b026a4:   00 41 ff d1 48 85 c0 74 35 48 63 0d f8 e6 13 00
  0x00007ff8f4b026b4:   48 8b 14 01 48 85 d2 74 15 48 63 05 fc e6 13 00
=>0x00007ff8f4b026c4:   8b 04 10 48 8b 5c 24 30 48 83 c4 20 5f c3 b8 ff
  0x00007ff8f4b026d4:   ff ff ff 48 8b 5c 24 30 48 83 c4 20 5f c3 80 3d
  0x00007ff8f4b026e4:   9b 27 14 00 00 bb ff ff ff ff 74 20 4c 8b 0d 31
  0x00007ff8f4b026f4:   24 14 00 4c 8d 44 24 38 48 8b 0d 15 24 14 00 48
  0x00007ff8f4b02704:   8b d7 41 ff d1 85 c0 0f 44 5c 24 38 8b c3 48 8b
  0x00007ff8f4b02714:   5c 24 30 48 83 c4 20 5f c3 cc cc cc cc cc cc cc
  0x00007ff8f4b02724:   cc cc cc cc cc cc cc cc cc cc cc cc cc cc cc cc
  0x00007ff8f4b02734:   cc cc cc cc cc cc cc cc cc cc cc cc cc cc cc cc
  0x00007ff8f4b02744:   cc cc cc cc cc cc cc cc cc cc cc cc 48 89 54 24
  0x00007ff8f4b02754:   10 53 55 56 57 41 56 41 57 48 83 ec 28 48 8b f2
  0x00007ff8f4b02764:   4c 8b f1 48 89 4c 24 78 45 33 ff 44 89 7c 24 68
  0x00007ff8f4b02774:   c7 44 24 60 01 00 00 00 48 8d 4c 24 68 e8 ed 42
  0x00007ff8f4b02784:   f7 ff 8b d8 48 8d 4c 24 60 e8 e1 42 f7 ff 8b e8
  0x00007ff8f4b02794:   49 8b ce e8 00 fc f6 ff 48 8b f8 90 8b c3 f0 0f
  0x00007ff8f4b027a4:   b1 2f 74 04 f3 90 eb f4 4c 89 3e 4c 89 7e 08 4c
  0x00007ff8f4b027b4:   89 7e 10 49 8b 6e 08 4d 8b 76 10 49 3b ee 0f 84


Stack slot to memory mapping:

stack at sp + 0 slots: 0x000000bf529fe7e0 is pointing into the stack for thread: 0x0000021f5eb65ad0
stack at sp + 1 slots: 0x0000021f77aba060 points into unknown readable memory: 0x000000071ac01eb8 | b8 1e c0 1a 07 00 00 00
stack at sp + 2 slots: 0x0 is null
stack at sp + 3 slots: 0x0000021f5f05eab8 points into unknown readable memory: 0x6e616c2e6176616a | 6a 61 76 61 2e 6c 61 6e
stack at sp + 4 slots: 0x000000000000001d is an unknown value
stack at sp + 5 slots: 0x00007ff8f4b02b9b libasyncProfiler.dll
stack at sp + 6 slots: 0x0 is null
stack at sp + 7 slots: 0x0000021f5eb65f18 points into unknown readable memory: 0x00007ff8961a6ba0 | a0 6b 1a 96 f8 7f 00 00

Lock stack of current Java thread (top to bottom):


---------------  P R O C E S S  ---------------

Threads class SMR info:
_java_thread_list=0x0000021f79040a60, length=19, elements={
0x0000021f5eb65ad0, 0x0000021f5ecb7a50, 0x0000021f5ecb84b0, 0x0000021f5ecbefd0,
0x0000021f5ecc1020, 0x0000021f5ecc7c00, 0x0000021f5ecc87c0, 0x0000021f5ecc95e0,
0x0000021f72cd7fb0, 0x0000021f72cd77a0, 0x0000021f72dd5b30, 0x0000021f77439910,
0x0000021f78fc2390, 0x0000021f72cdc030, 0x0000021f79124cd0, 0x0000021f791391f0,
0x0000021f7916d090, 0x0000021f79164d80, 0x0000021f5ecd0220
}

Java Threads: ( => current thread )
=>0x0000021f5eb65ad0 JavaThread "main"                              [_thread_in_native, id=22208, stack(0x000000bf52900000,0x000000bf52a00000) (1024K)]
  0x0000021f5ecb7a50 JavaThread "Reference Handler"          daemon [_thread_blocked, id=16728, stack(0x000000bf53100000,0x000000bf53200000) (1024K)]
  0x0000021f5ecb84b0 JavaThread "Finalizer"                  daemon [_thread_blocked, id=14936, stack(0x000000bf53200000,0x000000bf53300000) (1024K)]
  0x0000021f5ecbefd0 JavaThread "Signal Dispatcher"          daemon [_thread_blocked, id=14836, stack(0x000000bf53300000,0x000000bf53400000) (1024K)]
  0x0000021f5ecc1020 JavaThread "Attach Listener"            daemon [_thread_blocked, id=11496, stack(0x000000bf53400000,0x000000bf53500000) (1024K)]
  0x0000021f5ecc7c00 JavaThread "Service Thread"             daemon [_thread_blocked, id=10060, stack(0x000000bf53500000,0x000000bf53600000) (1024K)]
  0x0000021f5ecc87c0 JavaThread "Monitor Deflation Thread"   daemon [_thread_blocked, id=11448, stack(0x000000bf53600000,0x000000bf53700000) (1024K)]
  0x0000021f5ecc95e0 JavaThread "C1 CompilerThread0"         daemon [_thread_blocked, id=256, stack(0x000000bf53700000,0x000000bf53800000) (1024K)]
  0x0000021f72cd7fb0 JavaThread "C1 CompilerThread1"         daemon [_thread_blocked, id=9076, stack(0x000000bf53800000,0x000000bf53900000) (1024K)]
  0x0000021f72cd77a0 JavaThread "C1 CompilerThread2"         daemon [_thread_blocked, id=15308, stack(0x000000bf53900000,0x000000bf53a00000) (1024K)]
  0x0000021f72dd5b30 JavaThread "Common-Cleaner"             daemon [_thread_blocked, id=14488, stack(0x000000bf53a00000,0x000000bf53b00000) (1024K)]
  0x0000021f77439910 JavaThread "Monitor Ctrl-Break"         daemon [_thread_in_native, id=21480, stack(0x000000bf53b00000,0x000000bf53c00000) (1024K)]
  0x0000021f78fc2390 JavaThread "JFR Recorder Thread"        daemon [_thread_in_native, id=13680, stack(0x000000bf53c00000,0x000000bf53d00000) (1024K)]
  0x0000021f72cdc030 JavaThread "C1 CompilerThread3"         daemon [_thread_blocked, id=6760, stack(0x000000bf53d00000,0x000000bf53e00000) (1024K)]
  0x0000021f79124cd0 JavaThread "JFR Periodic Tasks"         daemon [_thread_blocked, id=19688, stack(0x000000bf53e00000,0x000000bf53f00000) (1024K)]
  0x0000021f791391f0 JavaThread "RMI TCP Accept-0"           daemon [_thread_in_native, id=4640, stack(0x000000bf53f00000,0x000000bf54000000) (1024K)]
  0x0000021f7916d090 JavaThread "RMI TCP Connection(1)-192.168.5.105" daemon [_thread_in_native, id=20032, stack(0x000000bf54000000,0x000000bf54100000) (1024K)]
  0x0000021f79164d80 JavaThread "RMI Scheduler(0)"           daemon [_thread_blocked, id=15404, stack(0x000000bf54100000,0x000000bf54200000) (1024K)]
  0x0000021f5ecd0220 JavaThread "JMX server connection timeout 33" daemon [_thread_blocked, id=19472, stack(0x000000bf54200000,0x000000bf54300000) (1024K)]
Total: 19

Other Threads:
  0x0000021f5eca8e10 VMThread "VM Thread"                           [id=13068, stack(0x000000bf53000000,0x000000bf53100000) (1024K)]
  0x0000021f5ec96790 WatcherThread "VM Periodic Task Thread"        [id=19748, stack(0x000000bf52f00000,0x000000bf53000000) (1024K)]
  0x0000021f5ebcd4b0 WorkerThread "GC Thread#0"                     [id=18544, stack(0x000000bf52a00000,0x000000bf52b00000) (1024K)]
  0x0000021f5ebe5440 ConcurrentGCThread "G1 Main Marker"            [id=3724, stack(0x000000bf52b00000,0x000000bf52c00000) (1024K)]
  0x0000021f5ebea010 WorkerThread "G1 Conc#0"                       [id=20548, stack(0x000000bf52c00000,0x000000bf52d00000) (1024K)]
  0x0000021f5ec3b710 ConcurrentGCThread "G1 Refine#0"               [id=2980, stack(0x000000bf52d00000,0x000000bf52e00000) (1024K)]
  0x0000021f5ec3e130 ConcurrentGCThread "G1 Service"                [id=19548, stack(0x000000bf52e00000,0x000000bf52f00000) (1024K)]
Total: 7

Threads with active compile tasks:
Total: 0

VM state: not at safepoint (normal execution)

VM Mutex/Monitor currently owned by a thread: None

Heap address: 0x000000070b800000, size: 3912 MB, Compressed Oops mode: Zero based, Oop shift amount: 3

CDS archive(s) mapped at: [0x000000009b000000-0x000000009bdd0000-0x000000009bdd0000), size 14483456, SharedBaseAddress: 0x000000009b000000, ArchiveRelocationMode: 1.
Compressed class space mapped at: 0x000000009c000000-0x00000000dc000000, reserved size: 1073741824
UseCompressedClassPointers 1, UseCompactObjectHeaders 0
Narrow klass pointer bits 32, Max shift 3
Narrow klass base: 0x000000009b000000, Narrow klass shift: 0
Encoding Range: [0x000000009b000000 - 0x000000019b000000), (4294967296 bytes)
Klass Range:    [0x000000009b010000 - 0x00000000dc000000), (1090453504 bytes)
Klass ID Range:  [65536 - 1090519033) (1090453497)
Protection zone: [0x000000009b000000 - 0x000000009b010000), (65536 bytes)

GC Precious Log:
 CardTable entry size: 512
 Card Set container configuration: InlinePtr #cards 4 size 8 Array Of Cards #cards 16 size 48 Howl #buckets 8 coarsen threshold 3686 Howl Bitmap #cards 512 size 80 coarsen threshold 460 Card regions per heap region 1 cards per card region 4096
 CPUs: 8 total, 8 available
 Memory: 15647M
 Large Page Support: Disabled
 NUMA Support: Disabled
 Compressed Oops: Enabled (Zero based)
 Heap Region Size: 2M
 Heap Min Capacity: 8M
 Heap Initial Capacity: 246M
 Heap Max Capacity: 3912M
 Pre-touch: Disabled
 Parallel Workers: 8
 Concurrent Workers: 2
 Concurrent Refinement Workers: 8
 Periodic GC: Disabled

Heap:
 garbage-first heap   total reserved 4005888K, committed 253952K, used 35987K [0x000000070b800000, 0x0000000800000000)
  region size 2048K, 19 young (38912K), 0 survivors (0K)

Heap Regions: E=young(eden), S=young(survivor), O=old, HS=humongous(starts), HC=humongous(continues), CS=collection set, F=free, TAMS=top-at-mark-start, PB=parsable bottom
|   0|0x000000070b800000, 0x000000070b800000, 0x000000070ba00000|  0%| F|  |TAMS 0x000000070b800000| PB 0x000000070b800000| Untracked |  0
|   1|0x000000070ba00000, 0x000000070ba00000, 0x000000070bc00000|  0%| F|  |TAMS 0x000000070ba00000| PB 0x000000070ba00000| Untracked |  0
|   2|0x000000070bc00000, 0x000000070bc00000, 0x000000070be00000|  0%| F|  |TAMS 0x000000070bc00000| PB 0x000000070bc00000| Untracked |  0
|   3|0x000000070be00000, 0x000000070be00000, 0x000000070c000000|  0%| F|  |TAMS 0x000000070be00000| PB 0x000000070be00000| Untracked |  0
|   4|0x000000070c000000, 0x000000070c000000, 0x000000070c200000|  0%| F|  |TAMS 0x000000070c000000| PB 0x000000070c000000| Untracked |  0
|   5|0x000000070c200000, 0x000000070c200000, 0x000000070c400000|  0%| F|  |TAMS 0x000000070c200000| PB 0x000000070c200000| Untracked |  0
|   6|0x000000070c400000, 0x000000070c400000, 0x000000070c600000|  0%| F|  |TAMS 0x000000070c400000| PB 0x000000070c400000| Untracked |  0
|   7|0x000000070c600000, 0x000000070c600000, 0x000000070c800000|  0%| F|  |TAMS 0x000000070c600000| PB 0x000000070c600000| Untracked |  0
|   8|0x000000070c800000, 0x000000070c800000, 0x000000070ca00000|  0%| F|  |TAMS 0x000000070c800000| PB 0x000000070c800000| Untracked |  0
|   9|0x000000070ca00000, 0x000000070ca00000, 0x000000070cc00000|  0%| F|  |TAMS 0x000000070ca00000| PB 0x000000070ca00000| Untracked |  0
|  10|0x000000070cc00000, 0x000000070cc00000, 0x000000070ce00000|  0%| F|  |TAMS 0x000000070cc00000| PB 0x000000070cc00000| Untracked |  0
|  11|0x000000070ce00000, 0x000000070ce00000, 0x000000070d000000|  0%| F|  |TAMS 0x000000070ce00000| PB 0x000000070ce00000| Untracked |  0
|  12|0x000000070d000000, 0x000000070d000000, 0x000000070d200000|  0%| F|  |TAMS 0x000000070d000000| PB 0x000000070d000000| Untracked |  0
|  13|0x000000070d200000, 0x000000070d200000, 0x000000070d400000|  0%| F|  |TAMS 0x000000070d200000| PB 0x000000070d200000| Untracked |  0
|  14|0x000000070d400000, 0x000000070d400000, 0x000000070d600000|  0%| F|  |TAMS 0x000000070d400000| PB 0x000000070d400000| Untracked |  0
|  15|0x000000070d600000, 0x000000070d600000, 0x000000070d800000|  0%| F|  |TAMS 0x000000070d600000| PB 0x000000070d600000| Untracked |  0
|  16|0x000000070d800000, 0x000000070d800000, 0x000000070da00000|  0%| F|  |TAMS 0x000000070d800000| PB 0x000000070d800000| Untracked |  0
|  17|0x000000070da00000, 0x000000070da00000, 0x000000070dc00000|  0%| F|  |TAMS 0x000000070da00000| PB 0x000000070da00000| Untracked |  0
|  18|0x000000070dc00000, 0x000000070dc00000, 0x000000070de00000|  0%| F|  |TAMS 0x000000070dc00000| PB 0x000000070dc00000| Untracked |  0
|  19|0x000000070de00000, 0x000000070de00000, 0x000000070e000000|  0%| F|  |TAMS 0x000000070de00000| PB 0x000000070de00000| Untracked |  0
|  20|0x000000070e000000, 0x000000070e000000, 0x000000070e200000|  0%| F|  |TAMS 0x000000070e000000| PB 0x000000070e000000| Untracked |  0
|  21|0x000000070e200000, 0x000000070e200000, 0x000000070e400000|  0%| F|  |TAMS 0x000000070e200000| PB 0x000000070e200000| Untracked |  0
|  22|0x000000070e400000, 0x000000070e400000, 0x000000070e600000|  0%| F|  |TAMS 0x000000070e400000| PB 0x000000070e400000| Untracked |  0
|  23|0x000000070e600000, 0x000000070e600000, 0x000000070e800000|  0%| F|  |TAMS 0x000000070e600000| PB 0x000000070e600000| Untracked |  0
|  24|0x000000070e800000, 0x000000070e800000, 0x000000070ea00000|  0%| F|  |TAMS 0x000000070e800000| PB 0x000000070e800000| Untracked |  0
|  25|0x000000070ea00000, 0x000000070ea00000, 0x000000070ec00000|  0%| F|  |TAMS 0x000000070ea00000| PB 0x000000070ea00000| Untracked |  0
|  26|0x000000070ec00000, 0x000000070ec00000, 0x000000070ee00000|  0%| F|  |TAMS 0x000000070ec00000| PB 0x000000070ec00000| Untracked |  0
|  27|0x000000070ee00000, 0x000000070ee00000, 0x000000070f000000|  0%| F|  |TAMS 0x000000070ee00000| PB 0x000000070ee00000| Untracked |  0
|  28|0x000000070f000000, 0x000000070f000000, 0x000000070f200000|  0%| F|  |TAMS 0x000000070f000000| PB 0x000000070f000000| Untracked |  0
|  29|0x000000070f200000, 0x000000070f200000, 0x000000070f400000|  0%| F|  |TAMS 0x000000070f200000| PB 0x000000070f200000| Untracked |  0
|  30|0x000000070f400000, 0x000000070f400000, 0x000000070f600000|  0%| F|  |TAMS 0x000000070f400000| PB 0x000000070f400000| Untracked |  0
|  31|0x000000070f600000, 0x000000070f600000, 0x000000070f800000|  0%| F|  |TAMS 0x000000070f600000| PB 0x000000070f600000| Untracked |  0
|  32|0x000000070f800000, 0x000000070f800000, 0x000000070fa00000|  0%| F|  |TAMS 0x000000070f800000| PB 0x000000070f800000| Untracked |  0
|  33|0x000000070fa00000, 0x000000070fa00000, 0x000000070fc00000|  0%| F|  |TAMS 0x000000070fa00000| PB 0x000000070fa00000| Untracked |  0
|  34|0x000000070fc00000, 0x000000070fc00000, 0x000000070fe00000|  0%| F|  |TAMS 0x000000070fc00000| PB 0x000000070fc00000| Untracked |  0
|  35|0x000000070fe00000, 0x000000070fe00000, 0x0000000710000000|  0%| F|  |TAMS 0x000000070fe00000| PB 0x000000070fe00000| Untracked |  0
|  36|0x0000000710000000, 0x0000000710000000, 0x0000000710200000|  0%| F|  |TAMS 0x0000000710000000| PB 0x0000000710000000| Untracked |  0
|  37|0x0000000710200000, 0x0000000710200000, 0x0000000710400000|  0%| F|  |TAMS 0x0000000710200000| PB 0x0000000710200000| Untracked |  0
|  38|0x0000000710400000, 0x0000000710400000, 0x0000000710600000|  0%| F|  |TAMS 0x0000000710400000| PB 0x0000000710400000| Untracked |  0
|  39|0x0000000710600000, 0x0000000710600000, 0x0000000710800000|  0%| F|  |TAMS 0x0000000710600000| PB 0x0000000710600000| Untracked |  0
|  40|0x0000000710800000, 0x0000000710800000, 0x0000000710a00000|  0%| F|  |TAMS 0x0000000710800000| PB 0x0000000710800000| Untracked |  0
|  41|0x0000000710a00000, 0x0000000710a00000, 0x0000000710c00000|  0%| F|  |TAMS 0x0000000710a00000| PB 0x0000000710a00000| Untracked |  0
|  42|0x0000000710c00000, 0x0000000710c00000, 0x0000000710e00000|  0%| F|  |TAMS 0x0000000710c00000| PB 0x0000000710c00000| Untracked |  0
|  43|0x0000000710e00000, 0x0000000710e00000, 0x0000000711000000|  0%| F|  |TAMS 0x0000000710e00000| PB 0x0000000710e00000| Untracked |  0
|  44|0x0000000711000000, 0x0000000711000000, 0x0000000711200000|  0%| F|  |TAMS 0x0000000711000000| PB 0x0000000711000000| Untracked |  0
|  45|0x0000000711200000, 0x0000000711200000, 0x0000000711400000|  0%| F|  |TAMS 0x0000000711200000| PB 0x0000000711200000| Untracked |  0
|  46|0x0000000711400000, 0x0000000711400000, 0x0000000711600000|  0%| F|  |TAMS 0x0000000711400000| PB 0x0000000711400000| Untracked |  0
|  47|0x0000000711600000, 0x0000000711600000, 0x0000000711800000|  0%| F|  |TAMS 0x0000000711600000| PB 0x0000000711600000| Untracked |  0
|  48|0x0000000711800000, 0x0000000711800000, 0x0000000711a00000|  0%| F|  |TAMS 0x0000000711800000| PB 0x0000000711800000| Untracked |  0
|  49|0x0000000711a00000, 0x0000000711a00000, 0x0000000711c00000|  0%| F|  |TAMS 0x0000000711a00000| PB 0x0000000711a00000| Untracked |  0
|  50|0x0000000711c00000, 0x0000000711c00000, 0x0000000711e00000|  0%| F|  |TAMS 0x0000000711c00000| PB 0x0000000711c00000| Untracked |  0
|  51|0x0000000711e00000, 0x0000000711e00000, 0x0000000712000000|  0%| F|  |TAMS 0x0000000711e00000| PB 0x0000000711e00000| Untracked |  0
|  52|0x0000000712000000, 0x0000000712000000, 0x0000000712200000|  0%| F|  |TAMS 0x0000000712000000| PB 0x0000000712000000| Untracked |  0
|  53|0x0000000712200000, 0x0000000712200000, 0x0000000712400000|  0%| F|  |TAMS 0x0000000712200000| PB 0x0000000712200000| Untracked |  0
|  54|0x0000000712400000, 0x0000000712400000, 0x0000000712600000|  0%| F|  |TAMS 0x0000000712400000| PB 0x0000000712400000| Untracked |  0
|  55|0x0000000712600000, 0x0000000712600000, 0x0000000712800000|  0%| F|  |TAMS 0x0000000712600000| PB 0x0000000712600000| Untracked |  0
|  56|0x0000000712800000, 0x0000000712800000, 0x0000000712a00000|  0%| F|  |TAMS 0x0000000712800000| PB 0x0000000712800000| Untracked |  0
|  57|0x0000000712a00000, 0x0000000712a00000, 0x0000000712c00000|  0%| F|  |TAMS 0x0000000712a00000| PB 0x0000000712a00000| Untracked |  0
|  58|0x0000000712c00000, 0x0000000712c00000, 0x0000000712e00000|  0%| F|  |TAMS 0x0000000712c00000| PB 0x0000000712c00000| Untracked |  0
|  59|0x0000000712e00000, 0x0000000712e00000, 0x0000000713000000|  0%| F|  |TAMS 0x0000000712e00000| PB 0x0000000712e00000| Untracked |  0
|  60|0x0000000713000000, 0x0000000713000000, 0x0000000713200000|  0%| F|  |TAMS 0x0000000713000000| PB 0x0000000713000000| Untracked |  0
|  61|0x0000000713200000, 0x0000000713200000, 0x0000000713400000|  0%| F|  |TAMS 0x0000000713200000| PB 0x0000000713200000| Untracked |  0
|  62|0x0000000713400000, 0x0000000713400000, 0x0000000713600000|  0%| F|  |TAMS 0x0000000713400000| PB 0x0000000713400000| Untracked |  0
|  63|0x0000000713600000, 0x0000000713600000, 0x0000000713800000|  0%| F|  |TAMS 0x0000000713600000| PB 0x0000000713600000| Untracked |  0
|  64|0x0000000713800000, 0x0000000713800000, 0x0000000713a00000|  0%| F|  |TAMS 0x0000000713800000| PB 0x0000000713800000| Untracked |  0
|  65|0x0000000713a00000, 0x0000000713a00000, 0x0000000713c00000|  0%| F|  |TAMS 0x0000000713a00000| PB 0x0000000713a00000| Untracked |  0
|  66|0x0000000713c00000, 0x0000000713c00000, 0x0000000713e00000|  0%| F|  |TAMS 0x0000000713c00000| PB 0x0000000713c00000| Untracked |  0
|  67|0x0000000713e00000, 0x0000000713e00000, 0x0000000714000000|  0%| F|  |TAMS 0x0000000713e00000| PB 0x0000000713e00000| Untracked |  0
|  68|0x0000000714000000, 0x0000000714000000, 0x0000000714200000|  0%| F|  |TAMS 0x0000000714000000| PB 0x0000000714000000| Untracked |  0
|  69|0x0000000714200000, 0x0000000714200000, 0x0000000714400000|  0%| F|  |TAMS 0x0000000714200000| PB 0x0000000714200000| Untracked |  0
|  70|0x0000000714400000, 0x0000000714400000, 0x0000000714600000|  0%| F|  |TAMS 0x0000000714400000| PB 0x0000000714400000| Untracked |  0
|  71|0x0000000714600000, 0x0000000714600000, 0x0000000714800000|  0%| F|  |TAMS 0x0000000714600000| PB 0x0000000714600000| Untracked |  0
|  72|0x0000000714800000, 0x0000000714800000, 0x0000000714a00000|  0%| F|  |TAMS 0x0000000714800000| PB 0x0000000714800000| Untracked |  0
|  73|0x0000000714a00000, 0x0000000714a00000, 0x0000000714c00000|  0%| F|  |TAMS 0x0000000714a00000| PB 0x0000000714a00000| Untracked |  0
|  74|0x0000000714c00000, 0x0000000714c00000, 0x0000000714e00000|  0%| F|  |TAMS 0x0000000714c00000| PB 0x0000000714c00000| Untracked |  0
|  75|0x0000000714e00000, 0x0000000714e00000, 0x0000000715000000|  0%| F|  |TAMS 0x0000000714e00000| PB 0x0000000714e00000| Untracked |  0
|  76|0x0000000715000000, 0x0000000715000000, 0x0000000715200000|  0%| F|  |TAMS 0x0000000715000000| PB 0x0000000715000000| Untracked |  0
|  77|0x0000000715200000, 0x0000000715200000, 0x0000000715400000|  0%| F|  |TAMS 0x0000000715200000| PB 0x0000000715200000| Untracked |  0
|  78|0x0000000715400000, 0x0000000715400000, 0x0000000715600000|  0%| F|  |TAMS 0x0000000715400000| PB 0x0000000715400000| Untracked |  0
|  79|0x0000000715600000, 0x0000000715600000, 0x0000000715800000|  0%| F|  |TAMS 0x0000000715600000| PB 0x0000000715600000| Untracked |  0
|  80|0x0000000715800000, 0x0000000715800000, 0x0000000715a00000|  0%| F|  |TAMS 0x0000000715800000| PB 0x0000000715800000| Untracked |  0
|  81|0x0000000715a00000, 0x0000000715a00000, 0x0000000715c00000|  0%| F|  |TAMS 0x0000000715a00000| PB 0x0000000715a00000| Untracked |  0
|  82|0x0000000715c00000, 0x0000000715c00000, 0x0000000715e00000|  0%| F|  |TAMS 0x0000000715c00000| PB 0x0000000715c00000| Untracked |  0
|  83|0x0000000715e00000, 0x0000000715e00000, 0x0000000716000000|  0%| F|  |TAMS 0x0000000715e00000| PB 0x0000000715e00000| Untracked |  0
|  84|0x0000000716000000, 0x0000000716000000, 0x0000000716200000|  0%| F|  |TAMS 0x0000000716000000| PB 0x0000000716000000| Untracked |  0
|  85|0x0000000716200000, 0x0000000716200000, 0x0000000716400000|  0%| F|  |TAMS 0x0000000716200000| PB 0x0000000716200000| Untracked |  0
|  86|0x0000000716400000, 0x0000000716400000, 0x0000000716600000|  0%| F|  |TAMS 0x0000000716400000| PB 0x0000000716400000| Untracked |  0
|  87|0x0000000716600000, 0x0000000716600000, 0x0000000716800000|  0%| F|  |TAMS 0x0000000716600000| PB 0x0000000716600000| Untracked |  0
|  88|0x0000000716800000, 0x0000000716800000, 0x0000000716a00000|  0%| F|  |TAMS 0x0000000716800000| PB 0x0000000716800000| Untracked |  0
|  89|0x0000000716a00000, 0x0000000716a00000, 0x0000000716c00000|  0%| F|  |TAMS 0x0000000716a00000| PB 0x0000000716a00000| Untracked |  0
|  90|0x0000000716c00000, 0x0000000716c00000, 0x0000000716e00000|  0%| F|  |TAMS 0x0000000716c00000| PB 0x0000000716c00000| Untracked |  0
|  91|0x0000000716e00000, 0x0000000716e00000, 0x0000000717000000|  0%| F|  |TAMS 0x0000000716e00000| PB 0x0000000716e00000| Untracked |  0
|  92|0x0000000717000000, 0x0000000717000000, 0x0000000717200000|  0%| F|  |TAMS 0x0000000717000000| PB 0x0000000717000000| Untracked |  0
|  93|0x0000000717200000, 0x0000000717200000, 0x0000000717400000|  0%| F|  |TAMS 0x0000000717200000| PB 0x0000000717200000| Untracked |  0
|  94|0x0000000717400000, 0x0000000717400000, 0x0000000717600000|  0%| F|  |TAMS 0x0000000717400000| PB 0x0000000717400000| Untracked |  0
|  95|0x0000000717600000, 0x0000000717600000, 0x0000000717800000|  0%| F|  |TAMS 0x0000000717600000| PB 0x0000000717600000| Untracked |  0
|  96|0x0000000717800000, 0x0000000717800000, 0x0000000717a00000|  0%| F|  |TAMS 0x0000000717800000| PB 0x0000000717800000| Untracked |  0
|  97|0x0000000717a00000, 0x0000000717a00000, 0x0000000717c00000|  0%| F|  |TAMS 0x0000000717a00000| PB 0x0000000717a00000| Untracked |  0
|  98|0x0000000717c00000, 0x0000000717c00000, 0x0000000717e00000|  0%| F|  |TAMS 0x0000000717c00000| PB 0x0000000717c00000| Untracked |  0
|  99|0x0000000717e00000, 0x0000000717e00000, 0x0000000718000000|  0%| F|  |TAMS 0x0000000717e00000| PB 0x0000000717e00000| Untracked |  0
| 100|0x0000000718000000, 0x0000000718000000, 0x0000000718200000|  0%| F|  |TAMS 0x0000000718000000| PB 0x0000000718000000| Untracked |  0
| 101|0x0000000718200000, 0x0000000718200000, 0x0000000718400000|  0%| F|  |TAMS 0x0000000718200000| PB 0x0000000718200000| Untracked |  0
| 102|0x0000000718400000, 0x0000000718400000, 0x0000000718600000|  0%| F|  |TAMS 0x0000000718400000| PB 0x0000000718400000| Untracked |  0
| 103|0x0000000718600000, 0x0000000718600000, 0x0000000718800000|  0%| F|  |TAMS 0x0000000718600000| PB 0x0000000718600000| Untracked |  0
| 104|0x0000000718800000, 0x00000007189ef878, 0x0000000718a00000| 96%| E|  |TAMS 0x0000000718800000| PB 0x0000000718800000| Complete |  0
| 105|0x0000000718a00000, 0x0000000718c00000, 0x0000000718c00000|100%| E|CS|TAMS 0x0000000718a00000| PB 0x0000000718a00000| Complete |  0
| 106|0x0000000718c00000, 0x0000000718e00000, 0x0000000718e00000|100%| E|CS|TAMS 0x0000000718c00000| PB 0x0000000718c00000| Complete |  0
| 107|0x0000000718e00000, 0x0000000719000000, 0x0000000719000000|100%| E|CS|TAMS 0x0000000718e00000| PB 0x0000000718e00000| Complete |  0
| 108|0x0000000719000000, 0x0000000719200000, 0x0000000719200000|100%| E|CS|TAMS 0x0000000719000000| PB 0x0000000719000000| Complete |  0
| 109|0x0000000719200000, 0x0000000719400000, 0x0000000719400000|100%| E|CS|TAMS 0x0000000719200000| PB 0x0000000719200000| Complete |  0
| 110|0x0000000719400000, 0x0000000719600000, 0x0000000719600000|100%| E|CS|TAMS 0x0000000719400000| PB 0x0000000719400000| Complete |  0
| 111|0x0000000719600000, 0x0000000719800000, 0x0000000719800000|100%| E|CS|TAMS 0x0000000719600000| PB 0x0000000719600000| Complete |  0
| 112|0x0000000719800000, 0x0000000719a00000, 0x0000000719a00000|100%| E|CS|TAMS 0x0000000719800000| PB 0x0000000719800000| Complete |  0
| 113|0x0000000719a00000, 0x0000000719c00000, 0x0000000719c00000|100%| E|CS|TAMS 0x0000000719a00000| PB 0x0000000719a00000| Complete |  0
| 114|0x0000000719c00000, 0x0000000719e00000, 0x0000000719e00000|100%| E|CS|TAMS 0x0000000719c00000| PB 0x0000000719c00000| Complete |  0
| 115|0x0000000719e00000, 0x000000071a000000, 0x000000071a000000|100%| E|CS|TAMS 0x0000000719e00000| PB 0x0000000719e00000| Complete |  0
| 116|0x000000071a000000, 0x000000071a200000, 0x000000071a200000|100%| E|CS|TAMS 0x000000071a000000| PB 0x000000071a000000| Complete |  0
| 117|0x000000071a200000, 0x000000071a400000, 0x000000071a400000|100%| E|CS|TAMS 0x000000071a200000| PB 0x000000071a200000| Complete |  0
| 118|0x000000071a400000, 0x000000071a600000, 0x000000071a600000|100%| E|CS|TAMS 0x000000071a400000| PB 0x000000071a400000| Complete |  0
| 119|0x000000071a600000, 0x000000071a800000, 0x000000071a800000|100%| E|CS|TAMS 0x000000071a600000| PB 0x000000071a600000| Complete |  0
| 120|0x000000071a800000, 0x000000071aa00000, 0x000000071aa00000|100%| E|  |TAMS 0x000000071a800000| PB 0x000000071a800000| Complete |  0
| 121|0x000000071aa00000, 0x000000071ac00000, 0x000000071ac00000|100%| E|CS|TAMS 0x000000071aa00000| PB 0x000000071aa00000| Complete |  0
| 122|0x000000071ac00000, 0x000000071ae00000, 0x000000071ae00000|100%| E|CS|TAMS 0x000000071ac00000| PB 0x000000071ac00000| Complete |  0
|1955|0x00000007ffe00000, 0x00000007fff24ea8, 0x0000000800000000| 57%| O|  |TAMS 0x00000007ffe00000| PB 0x00000007ffe00000| Untracked |  0

Card table byte_map: [0x0000021f6be40000,0x0000021f6c5f0000] _byte_map_base: 0x0000021f685e4000

Marking Bits: (CMBitMap*) 0x0000021f5ebcdc40
 Bits: [0x0000021f6c5f0000, 0x0000021f70310000)

Polling page: 0x0000021f5cb20000

Metaspace:
Metaspace        used 6612K, committed 6784K, reserved 1114112K
 class space     used 822K, committed 896K, reserved 1048576K

Usage:
  Non-class:      5.65 MB used.
      Class:    822.69 KB used.
       Both:      6.46 MB used.

Virtual space:
  Non-class space:       64.00 MB reserved,       5.75 MB (  9%) committed,  1 nodes.
      Class space:        1.00 GB reserved,     896.00 KB ( <1%) committed,  1 nodes.
             Both:        1.06 GB reserved,       6.62 MB ( <1%) committed. 

Chunk freelists:
   Non-Class:  10.08 MB
       Class:  15.08 MB
        Both:  25.16 MB

MaxMetaspaceSize: unlimited
CompressedClassSpaceSize: 1.00 GB
Initial GC threshold: 21.00 MB
Current GC threshold: 21.00 MB
CDS: on
 - commit_granule_bytes: 65536.
 - commit_granule_words: 8192.
 - virtual_space_node_default_size: 8388608.
 - enlarge_chunks_in_place: 1.
UseCompressedClassPointers 1, UseCompactObjectHeaders 0
Narrow klass pointer bits 32, Max shift 3
Narrow klass base: 0x000000009b000000, Narrow klass shift: 0
Encoding Range: [0x000000009b000000 - 0x000000019b000000), (4294967296 bytes)
Klass Range:    [0x000000009b010000 - 0x00000000dc000000), (1090453504 bytes)
Klass ID Range:  [65536 - 1090519033) (1090453497)
Protection zone: [0x000000009b000000 - 0x000000009b010000), (65536 bytes)


Internal statistics:

num_allocs_failed_limit: 0.
num_arena_births: 156.
num_arena_deaths: 0.
num_vsnodes_births: 2.
num_vsnodes_deaths: 0.
num_space_committed: 106.
num_space_uncommitted: 0.
num_chunks_returned_to_freelist: 0.
num_chunks_taken_from_freelist: 218.
num_chunk_merges: 0.
num_chunk_splits: 119.
num_chunks_enlarged: 28.
num_inconsistent_stats: 0.

CodeCache: size=49152Kb used=4862Kb max_used=4862Kb free=44289Kb
 bounds [0x0000021f68030000, 0x0000021f684f0000, 0x0000021f6b030000]
 total_blobs=2362, nmethods=1861, adapters=422, full_count=0
Compilation: enabled, stopped_count=0, restarted_count=0

Compilation events (20 events):
Event: 1.208 Thread 0x0000021f5ecc95e0 1850       1       java.lang.invoke.LambdaFormBuffer::ownedCount (7 bytes)
Event: 1.208 Thread 0x0000021f5ecc95e0 nmethod 1850 0x0000021f684ec608 code [0x0000021f684ec700, 0x0000021f684ec7c8]
Event: 1.208 Thread 0x0000021f72cdc030 1851       1       jdk.internal.classfile.impl.DirectCodeBuilder::astore (32 bytes)
Event: 1.209 Thread 0x0000021f72cdc030 nmethod 1851 0x0000021f684ecc08 code [0x0000021f684ecd00, 0x0000021f684ecee8]
Event: 1.209 Thread 0x0000021f72cd77a0 1854       1       java.lang.invoke.InvokerBytecodeGenerator::emitStoreResult (31 bytes)
Event: 1.209 Thread 0x0000021f72cdc030 1855       1       java.lang.invoke.LambdaForm$NamedFunction::intrinsicName (21 bytes)
Event: 1.209 Thread 0x0000021f5ecc95e0 1856       1       java.lang.invoke.InvokerBytecodeGenerator::emitPushArguments (48 bytes)
Event: 1.209 Thread 0x0000021f72cd7fb0 1857       1       java.lang.invoke.LambdaForm$NamedFunction::member (26 bytes)
Event: 1.209 Thread 0x0000021f72cd7fb0 nmethod 1857 0x0000021f684ed208 code [0x0000021f684ed300, 0x0000021f684ed3c8]
Event: 1.210 Thread 0x0000021f72cdc030 nmethod 1855 0x0000021f684ed508 code [0x0000021f684ed600, 0x0000021f684ed738]
Event: 1.210 Thread 0x0000021f72cdc030 1858       1       java.lang.invoke.InvokerBytecodeGenerator::isStaticallyInvocable (168 bytes)
Event: 1.210 Thread 0x0000021f72cd7fb0 1859       1       java.lang.invoke.MemberName::isPrivate (8 bytes)
Event: 1.210 Thread 0x0000021f72cd77a0 nmethod 1854 0x0000021f684ed808 code [0x0000021f684ed900, 0x0000021f684edab8]
Event: 1.210 Thread 0x0000021f72cd77a0 1860       1       java.lang.invoke.InvokerBytecodeGenerator::emitStaticInvoke (260 bytes)
Event: 1.210 Thread 0x0000021f72cd7fb0 nmethod 1859 0x0000021f684edb08 code [0x0000021f684edc00, 0x0000021f684edce0]
Event: 1.210 Thread 0x0000021f72cd7fb0 1861       1       java.lang.invoke.InvokerBytecodeGenerator::refKindOpcode (112 bytes)
Event: 1.210 Thread 0x0000021f5ecc95e0 nmethod 1856 0x0000021f684ede08 code [0x0000021f684edf00, 0x0000021f684ee1d0]
Event: 1.211 Thread 0x0000021f72cd7fb0 nmethod 1861 0x0000021f684ee208 code [0x0000021f684ee300, 0x0000021f684ee7e0]
Event: 1.211 Thread 0x0000021f72cdc030 nmethod 1858 0x0000021f684ee808 code [0x0000021f684ee900, 0x0000021f684eef28]
Event: 1.212 Thread 0x0000021f72cd77a0 nmethod 1860 0x0000021f684eef88 code [0x0000021f684ef080, 0x0000021f684ef850]

GC Heap Usage History (0 events):
No events

Metaspace Usage History (0 events):
No events

Dll operation events (10 events):
Event: 0.098 Loaded shared library C:\Users\sharo\.jdks\openjdk-25.0.2\bin\java.dll
Event: 0.363 Loaded shared library C:\Users\sharo\.jdks\openjdk-25.0.2\bin\zip.dll
Event: 0.385 Loaded shared library C:\Users\sharo\.jdks\openjdk-25.0.2\bin\instrument.dll
Event: 0.397 Loaded shared library C:\Users\sharo\.jdks\openjdk-25.0.2\bin\net.dll
Event: 0.403 Loaded shared library C:\Users\sharo\.jdks\openjdk-25.0.2\bin\nio.dll
Event: 0.415 Loaded shared library C:\Users\sharo\.jdks\openjdk-25.0.2\bin\zip.dll
Event: 0.531 Loaded shared library C:\Users\sharo\.jdks\openjdk-25.0.2\bin\jimage.dll
Event: 0.686 Loaded shared library C:\Users\sharo\.jdks\openjdk-25.0.2\bin\extnet.dll
Event: 0.710 Loaded shared library C:\Users\sharo\.jdks\openjdk-25.0.2\bin\management.dll
Event: 0.731 Loaded shared library C:\Users\sharo\.jdks\openjdk-25.0.2\bin\management_ext.dll

Deoptimization events (0 events):
No events

Classes loaded (20 events):
Event: 1.186 Loading class java/lang/invoke/ClassSpecializer$Factory$1$4
Event: 1.186 Loading class java/lang/invoke/ClassSpecializer$Factory$1$4 done
Event: 1.186 Loading class java/lang/invoke/ClassSpecializer$Factory$1$5
Event: 1.187 Loading class java/lang/invoke/ClassSpecializer$Factory$1$5 done
Event: 1.187 Loading class java/lang/invoke/ClassSpecializer$Factory$1$5$1
Event: 1.187 Loading class java/lang/invoke/ClassSpecializer$Factory$1$5$1 done
Event: 1.201 Loading class sun/reflect/misc/MethodUtil
Event: 1.201 Loading class sun/reflect/misc/MethodUtil done
Event: 1.201 Loading class sun/reflect/misc/MethodUtil$1
Event: 1.201 Loading class java/security/PrivilegedExceptionAction
Event: 1.201 Loading class java/security/PrivilegedExceptionAction done
Event: 1.201 Loading class sun/reflect/misc/MethodUtil$1 done
Event: 1.202 Loading class java/security/AllPermissionCollection
Event: 1.202 Loading class java/security/AllPermissionCollection done
Event: 1.202 Loading class java/security/UnresolvedPermission
Event: 1.202 Loading class java/security/UnresolvedPermission done
Event: 1.202 Loading class java/lang/UnsupportedOperationException
Event: 1.202 Loading class java/lang/UnsupportedOperationException done
Event: 1.203 Loading class java/lang/IllegalAccessException
Event: 1.203 Loading class java/lang/IllegalAccessException done

Classes unloaded (0 events):
No events

Classes redefined (0 events):
No events

Internal exceptions (20 events):
Event: 1.065 Thread 0x0000021f5ecc1020 Exception <a 'java/lang/NoSuchMethodError'{0x000000071912a7b0}: 'java.lang.Object java.lang.invoke.DirectMethodHandle$Holder.invokeStaticInit(java.lang.Object, java.lang.Object, int, int, int, int)'> (0x000000071912a7b0) 
thrown [s\open\src\hotspot\share\interpreter\linkResolver.cpp, line 804]
Event: 1.069 Thread 0x0000021f5eb65ad0 Exception <a 'java/lang/NoSuchMethodError'{0x00000007190a84d0}: 'void java.lang.invoke.DirectMethodHandle$Holder.invokeSpecial(java.lang.Object, java.lang.Object, int)'> (0x00000007190a84d0) 
thrown [s\open\src\hotspot\share\interpreter\linkResolver.cpp, line 804]
Event: 1.070 Thread 0x0000021f5eb65ad0 Exception <a 'java/lang/NoSuchMethodError'{0x00000007190b0128}: 'void java.lang.invoke.Invokers$Holder.invokeExact_MT(java.lang.Object, int, java.lang.Object)'> (0x00000007190b0128) 
thrown [s\open\src\hotspot\share\interpreter\linkResolver.cpp, line 804]
Event: 1.079 Thread 0x0000021f5eb65ad0 Exception <a 'sun/nio/fs/WindowsException'{0x00000007190d7ee8}> (0x00000007190d7ee8) 
thrown [s\open\src\hotspot\share\prims\jni.cpp, line 516]
Event: 1.082 Thread 0x0000021f5eb65ad0 Exception <a 'sun/nio/fs/WindowsException'{0x00000007190dd820}> (0x00000007190dd820) 
thrown [s\open\src\hotspot\share\prims\jni.cpp, line 516]
Event: 1.086 Thread 0x0000021f5ecc1020 Exception <a 'java/lang/ClassNotFoundException'{0x0000000719141398}: javax/management/remote/rmi/RMIServerImpl_Skel> (0x0000000719141398) 
thrown [s\open\src\hotspot\share\classfile\systemDictionary.cpp, line 327]
Event: 1.089 Thread 0x0000021f5eb65ad0 Exception <a 'sun/nio/fs/WindowsException'{0x00000007190e0128}> (0x00000007190e0128) 
thrown [s\open\src\hotspot\share\prims\jni.cpp, line 516]
Event: 1.102 Thread 0x0000021f5ecc1020 Exception <a 'java/lang/NoSuchMethodError'{0x0000000719152b38}: 'long java.lang.invoke.Invokers$Holder.invokeExact_MT(java.lang.Object, java.lang.Object)'> (0x0000000719152b38) 
thrown [s\open\src\hotspot\share\interpreter\linkResolver.cpp, line 804]
Event: 1.151 Thread 0x0000021f7916d090 Exception <a 'java/lang/NoSuchMethodError'{0x0000000718a37060}: static [B.<clinit>()V> (0x0000000718a37060) 
thrown [s\open\src\hotspot\share\prims\jni.cpp, line 1106]
Event: 1.152 Thread 0x0000021f7916d090 Exception <a 'java/lang/NoSuchMethodError'{0x0000000718a389c0}: 'java.lang.Object java.lang.invoke.DirectMethodHandle$Holder.invokeInterface(java.lang.Object, java.lang.Object, java.lang.Object)'> (0x0000000718a389c0) 
thrown [s\open\src\hotspot\share\interpreter\linkResolver.cpp, line 804]
Event: 1.160 Thread 0x0000021f5ecd0220 Exception <a 'java/lang/NoSuchMethodError'{0x0000000718809f60}: 'java.lang.Object java.lang.invoke.DirectMethodHandle$Holder.invokeSpecial(java.lang.Object, java.lang.Object, java.lang.Object, java.lang.Object, long)'> (0x0000000718809f60) 
thrown [s\open\src\hotspot\share\interpreter\linkResolver.cpp, line 804]
Event: 1.162 Thread 0x0000021f5ecd0220 Exception <a 'java/lang/NoSuchMethodError'{0x0000000718819f80}: 'java.lang.Object java.lang.invoke.Invokers$Holder.linkToTargetMethod(java.lang.Object, long, java.lang.Object)'> (0x0000000718819f80) 
thrown [s\open\src\hotspot\share\interpreter\linkResolver.cpp, line 804]
Event: 1.162 Thread 0x0000021f7916d090 Exception <a 'java/lang/ClassNotFoundException'{0x0000000718a58d70}: javax/management/remote/rmi/RMIConnectionImpl_Skel> (0x0000000718a58d70) 
thrown [s\open\src\hotspot\share\classfile\systemDictionary.cpp, line 327]
Event: 1.170 Thread 0x0000021f7916d090 Exception <a 'java/lang/NoSuchMethodError'{0x0000000718a768c0}: 'java.lang.Object java.lang.invoke.DirectMethodHandle$Holder.invokeInterface(java.lang.Object, java.lang.Object)'> (0x0000000718a768c0) 
thrown [s\open\src\hotspot\share\interpreter\linkResolver.cpp, line 804]
Event: 1.178 Thread 0x0000021f7916d090 Exception <a 'java/lang/NoSuchMethodError'{0x0000000718a9e5a0}: 'int java.lang.invoke.DelegatingMethodHandle$Holder.reinvoke_L(java.lang.Object, java.lang.Object, java.lang.Object, java.lang.Object, java.lang.Object)'> (0x0000000718a9e5a0) 
thrown [s\open\src\hotspot\share\interpreter\linkResolver.cpp, line 804]
Event: 1.190 Thread 0x0000021f7916d090 Exception <a 'java/lang/NoSuchMethodError'{0x0000000718adda38}: 'java.lang.Object java.lang.invoke.DirectMethodHandle$Holder.invokeStatic(java.lang.Object, java.lang.Object, java.lang.Object, java.lang.Object, java.lang.Object, java.lang.Object, java.lang.Object, java.lang.Object, java.lang.Object)'> (0x0000000718adda38) 
thrown [s\open\src\hotspot\share\interpreter\linkResolver.cpp, line 804]
Event: 1.192 Thread 0x0000021f7916d090 Exception <a 'java/lang/NoSuchMethodError'{0x0000000718af0f40}: 'java.lang.Object java.lang.invoke.Invokers$Holder.invokeExact_MT(java.lang.Object, java.lang.Object, java.lang.Object, java.lang.Object, java.lang.Object, java.lang.Object)'> (0x0000000718af0f40) 
thrown [s\open\src\hotspot\share\interpreter\linkResolver.cpp, line 804]
Event: 1.196 Thread 0x0000021f7916d090 Exception <a 'java/lang/NoSuchMethodError'{0x00000007189004e0}: 'java.lang.Object java.lang.invoke.DirectMethodHandle$Holder.invokeInterface(java.lang.Object, java.lang.Object, java.lang.Object, java.lang.Object, java.lang.Object)'> (0x00000007189004e0) 
thrown [s\open\src\hotspot\share\interpreter\linkResolver.cpp, line 804]
Event: 1.205 Thread 0x0000021f7916d090 Exception <a 'java/lang/NoSuchMethodError'{0x000000071894b0d8}: 'double java.lang.invoke.DirectMethodHandle$Holder.invokeInterface(java.lang.Object, java.lang.Object)'> (0x000000071894b0d8) 
thrown [s\open\src\hotspot\share\interpreter\linkResolver.cpp, line 804]
Event: 1.207 Thread 0x0000021f7916d090 Exception <a 'java/lang/NoSuchMethodError'{0x000000071895bdd8}: 'double java.lang.invoke.DelegatingMethodHandle$Holder.reinvoke_L(java.lang.Object, java.lang.Object)'> (0x000000071895bdd8) 
thrown [s\open\src\hotspot\share\interpreter\linkResolver.cpp, line 804]

VM Operations (16 events):
Event: 0.340 Executing non-safepoint VM operation: HandshakeAllThreads (Deoptimize)
Event: 0.340 Executing non-safepoint VM operation: HandshakeAllThreads (Deoptimize) done
Event: 0.544 Executing non-safepoint VM operation: HandshakeAllThreads (Deoptimize)
Event: 0.544 Executing non-safepoint VM operation: HandshakeAllThreads (Deoptimize) done
Event: 0.746 Executing non-safepoint VM operation: HandshakeAllThreads (Deoptimize)
Event: 0.747 Executing non-safepoint VM operation: HandshakeAllThreads (Deoptimize) done
Event: 0.993 Executing non-safepoint VM operation: HandshakeAllThreads (Deoptimize)
Event: 0.993 Executing non-safepoint VM operation: HandshakeAllThreads (Deoptimize) done
Event: 1.076 Executing non-safepoint VM operation: HandshakeAllThreads (Deoptimize)
Event: 1.076 Executing non-safepoint VM operation: HandshakeAllThreads (Deoptimize) done
Event: 1.078 Executing non-safepoint VM operation: HandshakeAllThreads (Deoptimize)
Event: 1.078 Executing non-safepoint VM operation: HandshakeAllThreads (Deoptimize) done
Event: 1.125 Executing safepoint VM operation: JFRSafepointClear
Event: 1.125 Executing safepoint VM operation: JFRSafepointClear done
Event: 1.161 Executing non-safepoint VM operation: HandshakeAllThreads (Deoptimize)
Event: 1.161 Executing non-safepoint VM operation: HandshakeAllThreads (Deoptimize) done

Memory protections (0 events):
No events

Nmethod flushes (0 events):
No events

Events (19 events):
Event: 0.120 Thread 0x0000021f5eb65ad0 Thread added: 0x0000021f5eb65ad0
Event: 0.141 Thread 0x0000021f5eb65ad0 Thread added: 0x0000021f5ecb7a50
Event: 0.142 Thread 0x0000021f5eb65ad0 Thread added: 0x0000021f5ecb84b0
Event: 0.142 Thread 0x0000021f5eb65ad0 Thread added: 0x0000021f5ecbefd0
Event: 0.142 Thread 0x0000021f5eb65ad0 Thread added: 0x0000021f5ecc1020
Event: 0.142 Thread 0x0000021f5eb65ad0 Thread added: 0x0000021f5ecc7c00
Event: 0.142 Thread 0x0000021f5eb65ad0 Thread added: 0x0000021f5ecc87c0
Event: 0.143 Thread 0x0000021f5eb65ad0 Thread added: 0x0000021f5ecc95e0
Event: 0.340 Thread 0x0000021f5ecc95e0 Thread added: 0x0000021f72cd7fb0
Event: 0.341 Thread 0x0000021f5ecc95e0 Thread added: 0x0000021f72cd77a0
Event: 0.391 Thread 0x0000021f5eb65ad0 Thread added: 0x0000021f72dd5b30
Event: 0.658 Thread 0x0000021f5eb65ad0 Thread added: 0x0000021f77439910
Event: 0.743 Thread 0x0000021f5eb65ad0 Thread added: 0x0000021f78fc2390
Event: 1.036 Thread 0x0000021f72cd77a0 Thread added: 0x0000021f72cdc030
Event: 1.073 Thread 0x0000021f5eb65ad0 Thread added: 0x0000021f79124cd0
Event: 1.096 Thread 0x0000021f5ecc1020 Thread added: 0x0000021f791391f0
Event: 1.123 Thread 0x0000021f791391f0 Thread added: 0x0000021f7916d090
Event: 1.149 Thread 0x0000021f7916d090 Thread added: 0x0000021f79164d80
Event: 1.158 Thread 0x0000021f7916d090 Thread added: 0x0000021f5ecd0220


Dynamic libraries:
0x00007ff718270000 - 0x00007ff71827e000 	C:\Users\sharo\.jdks\openjdk-25.0.2\bin\java.exe
0x00007ff91fda0000 - 0x00007ff920007000 	C:\WINDOWS\SYSTEM32\ntdll.dll
0x00007ff91ef10000 - 0x00007ff91efd9000 	C:\WINDOWS\System32\KERNEL32.DLL
0x00007ff91c9f0000 - 0x00007ff91cde1000 	C:\WINDOWS\System32\KERNELBASE.dll
0x00007ff91c7f0000 - 0x00007ff91c93b000 	C:\WINDOWS\System32\ucrtbase.dll
0x00007ff8f8810000 - 0x00007ff8f882e000 	C:\Users\sharo\.jdks\openjdk-25.0.2\bin\VCRUNTIME140.dll
0x00007ff8f7fd0000 - 0x00007ff8f7fe7000 	C:\Users\sharo\.jdks\openjdk-25.0.2\bin\jli.dll
0x00007ff91f2d0000 - 0x00007ff91f495000 	C:\WINDOWS\System32\USER32.dll
0x00007ff9060e0000 - 0x00007ff906373000 	C:\WINDOWS\WinSxS\amd64_microsoft.windows.common-controls_6595b64144ccf1df_6.0.26100.8037_none_3e092faae333b53b\COMCTL32.dll
0x00007ff91c710000 - 0x00007ff91c737000 	C:\WINDOWS\System32\win32u.dll
0x00007ff91efe0000 - 0x00007ff91f089000 	C:\WINDOWS\System32\msvcrt.dll
0x00007ff91fd30000 - 0x00007ff91fd5b000 	C:\WINDOWS\System32\GDI32.dll
0x00007ff91d890000 - 0x00007ff91d9bb000 	C:\WINDOWS\System32\gdi32full.dll
0x00007ff91c740000 - 0x00007ff91c7e3000 	C:\WINDOWS\System32\msvcp_win.dll
0x00007ff91fc50000 - 0x00007ff91fc81000 	C:\WINDOWS\System32\IMM32.DLL
0x00007ff90b9a0000 - 0x00007ff90b9ac000 	C:\Users\sharo\.jdks\openjdk-25.0.2\bin\vcruntime140_1.dll
0x00007ff8c5560000 - 0x00007ff8c55ed000 	C:\Users\sharo\.jdks\openjdk-25.0.2\bin\msvcp140.dll
0x00007ff8954c0000 - 0x00007ff89631f000 	C:\Users\sharo\.jdks\openjdk-25.0.2\bin\server\jvm.dll
0x00007ff91ed00000 - 0x00007ff91edbb000 	C:\WINDOWS\System32\ADVAPI32.dll
0x00007ff91fba0000 - 0x00007ff91fc47000 	C:\WINDOWS\System32\sechost.dll
0x00007ff91dbc0000 - 0x00007ff91dcd8000 	C:\WINDOWS\System32\RPCRT4.dll
0x00007ff91db40000 - 0x00007ff91dbb4000 	C:\WINDOWS\System32\WS2_32.dll
0x00007ff910240000 - 0x00007ff910275000 	C:\WINDOWS\SYSTEM32\WINMM.dll
0x00007ff90d750000 - 0x00007ff90d75b000 	C:\WINDOWS\SYSTEM32\VERSION.dll
0x00007ff91c530000 - 0x00007ff91c58e000 	C:\WINDOWS\SYSTEM32\POWRPROF.dll
0x00007ff91c4e0000 - 0x00007ff91c4f4000 	C:\WINDOWS\SYSTEM32\UMPDC.dll
0x00007ff91b410000 - 0x00007ff91b42b000 	C:\WINDOWS\SYSTEM32\kernel.appcore.dll
0x00007ff8ffad0000 - 0x00007ff8ffada000 	C:\Users\sharo\.jdks\openjdk-25.0.2\bin\jimage.dll
0x00007ff91a750000 - 0x00007ff91a992000 	C:\WINDOWS\SYSTEM32\DBGHELP.DLL
0x00007ff91f790000 - 0x00007ff91fb12000 	C:\WINDOWS\System32\combase.dll
0x00007ff91f1f0000 - 0x00007ff91f2c7000 	C:\WINDOWS\System32\OLEAUT32.dll
0x00007ff919460000 - 0x00007ff91949b000 	C:\WINDOWS\SYSTEM32\dbgcore.DLL
0x00007ff91c940000 - 0x00007ff91c9e5000 	C:\WINDOWS\System32\bcryptPrimitives.dll
0x00007ff8fce80000 - 0x00007ff8fce90000 	C:\Users\sharo\.jdks\openjdk-25.0.2\bin\instrument.dll
0x00007ff8f73d0000 - 0x00007ff8f73ef000 	C:\Users\sharo\.jdks\openjdk-25.0.2\bin\java.dll
0x00007ff91ded0000 - 0x00007ff91e065000 	C:\WINDOWS\System32\ole32.dll
0x00007ff91e090000 - 0x00007ff91e7ef000 	C:\WINDOWS\System32\SHELL32.dll
0x00007ff91d660000 - 0x00007ff91d7ca000 	C:\WINDOWS\System32\wintypes.dll
0x00007ff8f4a70000 - 0x00007ff8f4c68000 	C:\Users\sharo\AppData\Local\Temp\idea_libasyncProfiler_dll_temp_folder1\libasyncProfiler.dll
0x00007ff91cdf0000 - 0x00007ff91d654000 	C:\WINDOWS\System32\windows.storage.dll
0x00007ff91f5c0000 - 0x00007ff91f6b7000 	C:\WINDOWS\System32\SHCORE.dll
0x00007ff91fcc0000 - 0x00007ff91fd27000 	C:\WINDOWS\System32\shlwapi.dll
0x00007ff91c5a0000 - 0x00007ff91c5c9000 	C:\WINDOWS\SYSTEM32\profapi.dll
0x00007ff8f4ed0000 - 0x00007ff8f4ee7000 	C:\Users\sharo\.jdks\openjdk-25.0.2\bin\zip.dll
0x00007ff8f4f10000 - 0x00007ff8f4f22000 	C:\Users\sharo\.jdks\openjdk-25.0.2\bin\net.dll
0x00007ff91b980000 - 0x00007ff91b9eb000 	C:\WINDOWS\system32\mswsock.dll
0x00007ff8f4ef0000 - 0x00007ff8f4f06000 	C:\Users\sharo\.jdks\openjdk-25.0.2\bin\nio.dll
0x00007ff8f73c0000 - 0x00007ff8f73c9000 	C:\Users\sharo\.jdks\openjdk-25.0.2\bin\extnet.dll
0x00007ff91adc0000 - 0x00007ff91aeea000 	C:\WINDOWS\SYSTEM32\DNSAPI.dll
0x00007ff91ad80000 - 0x00007ff91adb3000 	C:\WINDOWS\SYSTEM32\IPHLPAPI.DLL
0x00007ff91ecf0000 - 0x00007ff91ecfa000 	C:\WINDOWS\System32\NSI.dll
0x00007ff90fae0000 - 0x00007ff90faeb000 	C:\Windows\System32\rasadhlp.dll
0x00007ff915f10000 - 0x00007ff915f96000 	C:\WINDOWS\System32\fwpuclnt.dll
0x00007ff8f7140000 - 0x00007ff8f714a000 	C:\Users\sharo\.jdks\openjdk-25.0.2\bin\management.dll
0x00007ff8f44f0000 - 0x00007ff8f44fc000 	C:\Users\sharo\.jdks\openjdk-25.0.2\bin\management_ext.dll
0x00007ff91dec0000 - 0x00007ff91dec8000 	C:\WINDOWS\System32\PSAPI.DLL
0x00007ff91bc60000 - 0x00007ff91bc7b000 	C:\WINDOWS\SYSTEM32\CRYPTSP.dll
0x00007ff91b370000 - 0x00007ff91b3a9000 	C:\WINDOWS\system32\rsaenh.dll
0x00007ff91ba30000 - 0x00007ff91ba62000 	C:\WINDOWS\SYSTEM32\USERENV.dll
0x00007ff91c500000 - 0x00007ff91c52a000 	C:\WINDOWS\SYSTEM32\bcrypt.dll
0x00007ff91bc80000 - 0x00007ff91bc8c000 	C:\WINDOWS\SYSTEM32\CRYPTBASE.dll
0x00007ff8f4560000 - 0x00007ff8f4578000 	C:\WINDOWS\system32\napinsp.dll
0x00007ff8f4450000 - 0x00007ff8f4462000 	C:\WINDOWS\System32\winrnr.dll
0x00007ff8eaf90000 - 0x00007ff8eafb2000 	C:\WINDOWS\system32\nlansp_c.dll
0x00007ff90faf0000 - 0x00007ff90fb06000 	C:\WINDOWS\system32\wshbth.dll
0x00007ff90cd70000 - 0x00007ff90cdc6000 	C:\WINDOWS\SYSTEM32\pdh.dll

JVMTI agents:
C:\Program Files\JetBrains\IntelliJ IDEA 2025.1.1.1\lib\idea_rt.jar path:C:\Users\sharo\.jdks\openjdk-25.0.2\bin\instrument.dll, loaded, initialized, instrumentlib options:49877
C:\Users\sharo\AppData\Local\Temp\idea_libasyncProfiler_dll_temp_folder1\libasyncProfiler.dll path:C:\Users\sharo\AppData\Local\Temp\idea_libasyncProfiler_dll_temp_folder1\libasyncProfiler.dll, loaded, initialized, options:start,jfr,event=wall,interval=10ms,jfrsync=profile,cstack=no,file=C:\Users\sharo\IdeaSnapshots\KnowlyBackApplication_2026_03_30_212351.jfr,dbghelppath=C:\Users\sharo\AppData\Local\Temp\idea_dbghelp_dll_temp_folder\dbghelp.dll,log=C:\Users\sharo\AppData\Local\Temp\KnowlyBackApplication_2026_03_30_212351.jfr.log.txt,logLevel=DEBUG

dbghelp: loaded successfully - version: 4.0.5 - missing functions: none
symbol engine: initialized successfully - sym options: 0x614 - pdb path: .;C:\Users\sharo\.jdks\openjdk-25.0.2\bin;C:\WINDOWS\SYSTEM32;C:\WINDOWS\WinSxS\amd64_microsoft.windows.common-controls_6595b64144ccf1df_6.0.26100.8037_none_3e092faae333b53b;C:\Users\sharo\.jdks\openjdk-25.0.2\bin\server;C:\Users\sharo\AppData\Local\Temp\idea_libasyncProfiler_dll_temp_folder1

VM Arguments:
jvm_args: --enable-preview -XX:TieredStopAtLevel=1 -Dspring.output.ansi.enabled=always -Dcom.sun.management.jmxremote -Dspring.jmx.enabled=true -Dspring.liveBeansView.mbeanDomain -Dspring.application.admin.enabled=true -Dmanagement.endpoints.jmx.exposure.include=* -javaagent:C:\Program Files\JetBrains\IntelliJ IDEA 2025.1.1.1\lib\idea_rt.jar=49877 -agentpath:C:\Users\sharo\AppData\Local\Temp\idea_libasyncProfiler_dll_temp_folder1\libasyncProfiler.dll=start,jfr,event=wall,interval=10ms,jfrsync=profile,cstack=no,file=C:\Users\sharo\IdeaSnapshots\KnowlyBackApplication_2026_03_30_212351.jfr,dbghelppath=C:\Users\sharo\AppData\Local\Temp\idea_dbghelp_dll_temp_folder\dbghelp.dll,log=C:\Users\sharo\AppData\Local\Temp\KnowlyBackApplication_2026_03_30_212351.jfr.log.txt,logLevel=DEBUG -Dfile.encoding=UTF-8 -Dsun.stdout.encoding=UTF-8 -Dsun.stderr.encoding=UTF-8 
java_command: com.proyecto.knowly_back.KnowlyBackApplication
java_class_path (initial): C:\Users\sharo\knowly_back\target\classes;C:\Users\sharo\.m2\repository\org\springframework\boot\spring-boot-h2console\4.0.3\spring-boot-h2console-4.0.3.jar;C:\Users\sharo\.m2\repository\org\springframework\boot\spring-boot\4.0.3\spring-boot-4.0.3.jar;C:\Users\sharo\.m2\repository\org\springframework\spring-core\7.0.5\spring-core-7.0.5.jar;C:\Users\sharo\.m2\repository\commons-logging\commons-logging\1.3.5\commons-logging-1.3.5.jar;C:\Users\sharo\.m2\repository\org\springframework\spring-context\7.0.5\spring-context-7.0.5.jar;C:\Users\sharo\.m2\repository\org\springframework\spring-aop\7.0.5\spring-aop-7.0.5.jar;C:\Users\sharo\.m2\repository\org\springframework\spring-beans\7.0.5\spring-beans-7.0.5.jar;C:\Users\sharo\.m2\repository\org\springframework\spring-expression\7.0.5\spring-expression-7.0.5.jar;C:\Users\sharo\.m2\repository\io\micrometer\micrometer-observation\1.16.3\micrometer-observation-1.16.3.jar;C:\Users\sharo\.m2\repository\io\micrometer\micrometer-commons\1.16.3\micrometer-commons-1.16.3.jar;C:\Users\sharo\.m2\repository\jakarta\servlet\jakarta.servlet-api\6.1.0\jakarta.servlet-api-6.1.0.jar;C:\Users\sharo\.m2\repository\org\springframework\boot\spring-boot-starter-data-jpa\4.0.3\spring-boot-starter-data-jpa-4.0.3.jar;C:\Users\sharo\.m2\repository\org\springframework\boot\spring-boot-starter\4.0.3\spring-boot-starter-4.0.3.jar;C:\Users\sharo\.m2\repository\org\springframework\boot\spring-boot-starter-logging\4.0.3\spring-boot-starter-logging-4.0.3.jar;C:\Users\sharo\.m2\repository\ch\qos\logback\logback-classic\1.5.32\logback-classic-1.5.32.jar;C:\Users\sharo\.m2\repository\ch\qos\logback\logback-core\1.5.32\logback-core-1.5.32.jar;C:\Users\sharo\.m2\repository\org\apache\logging\log4j\log4j-to-slf4j\2.25.3\log4j-to-slf4j-2.25.3.jar;C:\Users\sharo\.m2\repository\org\apache\logging\log4j\log4j-api\2.25.3\log4j-api-2.25.3.jar;C:\Users\sharo\.m2\repository\org\slf4j\jul-to-slf4j\2.0.17\jul-to-slf4j-2.0.17.jar;C:\Users\sharo\.m2\repository\jakarta\annotation\jakarta.annotation-api\3.0.0\jakarta.annotation-api-3.0.0.jar;C:\Users\sharo\.m2\repository\org\yaml\snakeyaml\2.5\snakeyaml-2.5.jar;C:\Users\sharo\.m2\repository\org\springframework\boot\spring-boot-starter-jdbc\4.0.3\spring-boot-starter-jdbc-4.0.3.jar;C:\Users\sharo\.m2\repository\com\zaxxer\HikariCP\7.0.2\HikariCP-7.0.2.jar;C:\Users\sharo\.m2\repository\org\slf4j\slf4j-api\2.0.17\slf4j-api-2.0.17.jar;C:\Users\sharo\.m2\repository\org\springframework\boot\spring-boot-data-jpa\4.0.3\spring-boot-data-jpa-4.0.3.jar;C:\Users\sharo\.m2\repository\org\springframework\boot\spring-boot-data-commons\4.0.3\spring-boot-data-commons-4.0.3.jar;C:\Users\sharo\.m2\repository\org\springframework\boot\spring-boot-persistence\4.0.3\spring-boot-persistence-4.0.3.jar;C:\Users\sharo\.m2\repository\org\springframework\data\spring-data-commons\4.0.3\spring-data-commons-4.0.3.jar;C:\Users\sharo\.m2\repository\org\springframework\boot\spring-boot-hibernate\4.0.3\spring-boot-hibernate-4.0.3.jar;C:\Users\sharo\.m2\repository\org\springframework\boot\spring-boot-jpa\4.0.3\spring-boot-jpa-4.0.3.jar;C:\Users\sharo\.m2\repository\jakarta\persistence\jakarta.persistence-api\3.2.0\jakarta.persistence-api-3.2.0.jar;C:\Users\sharo\.m2\repository\org\hibernate\orm\hibernate-core\7.2.4.Final\hibernate-core-7.2.4.Final.jar;C:\Users\sharo\.m2\repository\jakarta\transaction\jakarta.transaction-api\2.0.1\jakarta.transaction-api-2.0.1.jar;C:\Users\sharo\.m2\repository\org\jboss\logging\jboss-logging\3.6.2.Final\jboss-logging-3.6.2.Final.jar;C:\Users\sharo\.m2\repository\org\hibernate\models\hibernate-models\1.0.1\hibernate-models-1.0.1.jar;C:\Users\sharo\.m2\repository\com\fasterxml\classmate\1.7.3\classmate-1.7.3.jar;C:\Users\sharo\.m2\repository\jakarta\inject\jakarta.inject-api\2.0.1\jakarta.inject-api-2.0.1.jar;C:\Users\sharo\.m2\repository\org\springframework\spring-orm\7.0.5\spring-orm-7.0.5.jar;C:\Users\sharo\.m2\repository\org\springframework\data\spring-data-jpa\4.0.3\spring-data-jpa-4.0.3.jar;C:\Users\sharo\.m2\repository\org\springframework\spring-tx\7.0.5\spring-tx-7.0.5.jar;C:\Users\sharo\.m2\repository\org\antlr\antlr4-runtime\4.13.2\antlr4-runtime-4.13.2.jar;C:\Users\sharo\.m2\repository\org\springframework\spring-aspects\7.0.5\spring-aspects-7.0.5.jar;C:\Users\sharo\.m2\repository\org\aspectj\aspectjweaver\1.9.25.1\aspectjweaver-1.9.25.1.jar;C:\Users\sharo\.m2\repository\org\springframework\boot\spring-boot-jdbc\4.0.3\spring-boot-jdbc-4.0.3.jar;C:\Users\sharo\.m2\repository\org\springframework\boot\spring-boot-sql\4.0.3\spring-boot-sql-4.0.3.jar;C:\Users\sharo\.m2\repository\org\springframework\boot\spring-boot-transaction\4.0.3\spring-boot-transaction-4.0.3.jar;C:\Users\sharo\.m2\repository\org\springframework\spring-jdbc\7.0.5\spring-jdbc-7.0.5.jar;C:\Users\sharo\.m2\repository\org\springframework\boot\spring-boot-starter-webclient\4.0.3\spring-boot-starter-webclient-4.0.3.jar;C:\Users\sharo\.m2\repository\org\springframework\boot\spring-boot-starter-jackson\4.0.3\spring-boot-starter-jackson-4.0.3.jar;C:\Users\sharo\.m2\repository\org\springframework\boot\spring-boot-jackson\4.0.3\spring-boot-jackson-4.0.3.jar;C:\Users\sharo\.m2\repository\tools\jackson\core\jackson-databind\3.0.4\jackson-databind-3.0.4.jar;C:\Users\sharo\.m2\repository\com\fasterxml\jackson\core\jackson-annotations\2.20\jackson-annotations-2.20.jar;C:\Users\sharo\.m2\repository\tools\jackson\core\jackson-core\3.0.4\jackson-core-3.0.4.jar;C:\Users\sharo\.m2\repository\org\springframework\boot\spring-boot-webclient\4.0.3\spring-boot-webclient-4.0.3.jar;C:\Users\sharo\.m2\repository\org\springframework\boot\spring-boot-http-client\4.0.3\spring-boot-http-client-4.0.3.jar;C:\Users\sharo\.m2\repository\org\springframework\spring-web\7.0.5\spring-web-7.0.5.jar;C:\Users\sharo\.m2\repository\org\springframework\spring-webflux\7.0.5\spring-webflux-7.0.5.jar;C:\Users\sharo\.m2\repository\org\springframework\boot\spring-boot-http-codec\4.0.3\spring-boot-http-codec-4.0.3.jar;C:\Users\sharo\.m2\repository\io\projectreactor\netty\reactor-netty-http\1.3.3\reactor-netty-http-1.3.3.jar;C:\Users\sharo\.m2\repository\io\netty\netty-codec-http\4.2.10.Final\netty-codec-http-4.2.10.Final.jar;C:\Users\sharo\.m2\repository\io\netty\netty-common\4.2.10.Final\netty-common-4.2.10.Final.jar;C:\Users\sharo\.m2\repository\io\netty\netty-buffer\4.2.10.Final\netty-buffer-4.2.10.Final.jar;C:\Users\sharo\.m2\repository\io\netty\netty-transport\4.2.10.Final\netty-transport-4.2.10.Final.jar;C:\Users\sharo\.m2\repository\io\netty\netty-codec-base\4.2.10.Final\netty-codec-base-4.2.10.Final.jar;C:\Users\sharo\.m2\repository\io\netty\netty-codec-compression\4.2.10.Final\netty-codec-compression-4.2.10.Final.jar;C:\Users\sharo\.m2\repository\io\netty\netty-handler\4.2.10.Final\netty-handler-4.2.10.Final.jar;C:\Users\sharo\.m2\repository\io\netty\netty-codec-http2\4.2.10.Final\netty-codec-http2-4.2.10.Final.jar;C:\Users\sharo\.m2\repository\io\netty\netty-codec-http3\4.2.10.Final\netty-codec-http3-4.2.10.Final.jar;C:\Users\sharo\.m2\repository\io\netty\netty-transport-native-unix-common\4.2.10.Final\netty-transport-native-unix-common-4.2.10.Final.jar;C:\Users\sharo\.m2\repository\io\netty\netty-resolver\4.2.10.Final\netty-resolver-4.2.10.Final.jar;C:\Users\sharo\.m2\repository\io\netty\netty-codec-classes-quic\4.2.10.Final\netty-codec-classes-quic-4.2.10.Final.jar;C:\Users\sharo\.m2\repository\io\netty\netty-codec-native-quic\4.2.10.Final\netty-codec-native-quic-4.2.10.Final-linux-x86_64.jar;C:\Users\sharo\.m2\repository\io\netty\netty-codec-native-quic\4.2.10.Final\netty-codec-native-quic-4.2.10.Final-linux-aarch_64.jar;C:\Users\sharo\.m2\repository\io\netty\netty-codec-native-quic\4.2.10.Final\netty-codec-native-quic-4.2.10.Final-osx-x86_64.jar;C:\Users\sharo\.m2\repository\io\netty\netty-codec-native-quic\4.2.10.Final\netty-codec-native-quic-4.2.10.Final-osx-aarch_64.jar;C:\Users\sharo\.m2\repository\io\netty\netty-codec-native-quic\4.2.10.Final\netty-codec-native-quic-4.2.10.Final-windows-x86_64.jar;C:\Users\sharo\.m2\repository\io\netty\netty-resolver-dns\4.2.10.Final\netty-resolver-dns-4.2.10.Final.jar;C:\Users\sharo\.m2\repository\io\netty\netty-codec-dns\4.2.10.Final\netty-codec-dns-4.2.10.Final.jar;C:\Users\sharo\.m2\repository\io\netty\netty-resolver-dns-native-macos\4.2.10.Final\netty-resolver-dns-native-macos-4.2.10.Final-osx-x86_64.jar;C:\Users\sharo\.m2\repository\io\netty\netty-resolver-dns-classes-macos\4.2.10.Final\netty-resolver-dns-classes-macos-4.2.10.Final.jar;C:\Users\sharo\.m2\repository\io\netty\netty-transport-native-epoll\4.2.10.Final\netty-transport-native-epoll-4.2.10.Final-linux-x86_64.jar;C:\Users\sharo\.m2\repository\io\netty\netty-transport-classes-epoll\4.2.10.Final\netty-transport-classes-epoll-4.2.10.Final.jar;C:\Users\sharo\.m2\repository\io\projectreactor\netty\reactor-netty-core\1.3.3\reactor-netty-core-1.3.3.jar;C:\Users\sharo\.m2\repository\io\netty\netty-handler-proxy\4.2.10.Final\netty-handler-proxy-4.2.10.Final.jar;C:\Users\sharo\.m2\repository\io\netty\netty-codec-socks\4.2.10.Final\netty-codec-socks-4.2.10.Final.jar;C:\Users\sharo\.m2\repository\io\projectreactor\reactor-core\3.8.3\reactor-core-3.8.3.jar;C:\Users\sharo\.m2\repository\org\reactivestreams\reactive-streams\1.0.4\reactive-streams-1.0.4.jar;C:\Users\sharo\.m2\repository\org\jspecify\jspecify\1.0.0\jspecify-1.0.0.jar;C:\Users\sharo\.m2\repository\org\springframework\boot\spring-boot-starter-webservices\4.0.3\spring-boot-starter-webservices-4.0.3.jar;C:\Users\sharo\.m2\repository\org\springframework\boot\spring-boot-starter-webmvc\4.0.3\spring-boot-starter-webmvc-4.0.3.jar;C:\Users\sharo\.m2\repository\org\springframework\boot\spring-boot-starter-tomcat\4.0.3\spring-boot-starter-tomcat-4.0.3.jar;C:\Users\sharo\.m2\repository\org\springframework\boot\spring-boot-starter-tomcat-runtime\4.0.3\spring-boot-starter-tomcat-runtime-4.0.3.jar;C:\Users\sharo\.m2\repository\org\apache\tomcat\embed\tomcat-embed-core\11.0.18\tomcat-embed-core-11.0.18.jar;C:\Users\sharo\.m2\repository\org\apache\tomcat\embed\tomcat-embed-el\11.0.18\tomcat-embed-el-11.0.18.jar;C:\Users\sharo\.m2\repository\org\apache\tomcat\embed\tomcat-embed-websocket\11.0.18\tomcat-embed-websocket-11.0.18.jar;C:\Users\sharo\.m2\repository\org\springframework\boot\spring-boot-tomcat\4.0.3\spring-boot-tomcat-4.0.3.jar;C:\Users\sharo\.m2\repository\org\springframework\boot\spring-boot-http-converter\4.0.3\spring-boot-http-converter-4.0.3.jar;C:\Users\sharo\.m2\repository\org\springframework\boot\spring-boot-webmvc\4.0.3\spring-boot-webmvc-4.0.3.jar;C:\Users\sharo\.m2\repository\org\springframework\boot\spring-boot-servlet\4.0.3\spring-boot-servlet-4.0.3.jar;C:\Users\sharo\.m2\repository\org\springframework\spring-webmvc\7.0.5\spring-webmvc-7.0.5.jar;C:\Users\sharo\.m2\repository\org\springframework\boot\spring-boot-webservices\4.0.3\spring-boot-webservices-4.0.3.jar;C:\Users\sharo\.m2\repository\org\springframework\spring-oxm\7.0.5\spring-oxm-7.0.5.jar;C:\Users\sharo\.m2\repository\org\springframework\ws\spring-ws-core\5.0.0\spring-ws-core-5.0.0.jar;C:\Users\sharo\.m2\repository\org\springframework\ws\spring-xml\5.0.0\spring-xml-5.0.0.jar;C:\Users\sharo\.m2\repository\org\glassfish\jaxb\jaxb-runtime\4.0.6\jaxb-runtime-4.0.6.jar;C:\Users\sharo\.m2\repository\org\glassfish\jaxb\jaxb-core\4.0.6\jaxb-core-4.0.6.jar;C:\Users\sharo\.m2\repository\org\glassfish\jaxb\txw2\4.0.6\txw2-4.0.6.jar;C:\Users\sharo\.m2\repository\com\sun\istack\istack-commons-runtime\4.1.2\istack-commons-runtime-4.1.2.jar;C:\Users\sharo\.m2\repository\com\sun\xml\messaging\saaj\saaj-impl\3.0.4\saaj-impl-3.0.4.jar;C:\Users\sharo\.m2\repository\jakarta\xml\soap\jakarta.xml.soap-api\3.0.2\jakarta.xml.soap-api-3.0.2.jar;C:\Users\sharo\.m2\repository\org\jvnet\staxex\stax-ex\2.1.0\stax-ex-2.1.0.jar;C:\Users\sharo\.m2\repository\jakarta\activation\jakarta.activation-api\2.1.4\jakarta.activation-api-2.1.4.jar;C:\Users\sharo\.m2\repository\org\eclipse\angus\angus-activation\2.0.2\angus-activation-2.0.2.jar;C:\Users\sharo\.m2\repository\jakarta\xml\ws\jakarta.xml.ws-api\4.0.2\jakarta.xml.ws-api-4.0.2.jar;C:\Users\sharo\.m2\repository\jakarta\xml\bind\jakarta.xml.bind-api\4.0.4\jakarta.xml.bind-api-4.0.4.jar;C:\Users\sharo\.m2\repository\org\springframework\boot\spring-boot-devtools\4.0.3\spring-boot-devtools-4.0.3.jar;C:\Users\sharo\.m2\repository\org\springframework\boot\spring-boot-autoconfigure\4.0.3\spring-boot-autoconfigure-4.0.3.jar;C:\Users\sharo\.m2\repository\com\h2database\h2\2.4.240\h2-2.4.240.jar;C:\Users\sharo\.m2\repository\com\microsoft\sqlserver\mssql-jdbc\13.2.1.jre11\mssql-jdbc-13.2.1.jre11.jar;C:\Users\sharo\.m2\repository\com\mysql\mysql-connector-j\9.6.0\mysql-connector-j-9.6.0.jar;C:\Users\sharo\.m2\repository\net\bytebuddy\byte-buddy\1.17.8\byte-buddy-1.17.8.jar;C:\Users\sharo\.m2\repository\org\springframework\boot\spring-boot-web-server\4.0.3\spring-boot-web-server-4.0.3.jar
Launcher Type: SUN_STANDARD

[Global flags]
     intx CICompilerCount                          = 4                                         {product} {ergonomic}
     uint ConcGCThreads                            = 2                                         {product} {ergonomic}
     bool FlightRecorder                           = true                                      {product} {management}
     uint G1ConcRefinementThreads                  = 8                                         {product} {ergonomic}
   size_t G1HeapRegionSize                         = 2097152                                   {product} {ergonomic}
   size_t InitialHeapSize                          = 257949696                                 {product} {ergonomic}
     bool ManagementServer                         = true                                      {product} {command line}
   size_t MarkStackSize                            = 4194304                                   {product} {ergonomic}
   size_t MarkStackSizeMax                         = 536870912                                 {product} {ergonomic}
   size_t MaxHeapSize                              = 4102029312                                {product} {ergonomic}
   size_t MaxNewSize                               = 2459959296                                {product} {ergonomic}
   size_t MinHeapDeltaBytes                        = 2097152                                   {product} {ergonomic}
   size_t MinHeapSize                              = 8388608                                   {product} {ergonomic}
    uintx NonNMethodCodeHeapSize                   = 4096                                   {pd product} {ergonomic}
    uintx NonProfiledCodeHeapSize                  = 0                                      {pd product} {ergonomic}
     bool ProfileInterpreter                       = false                                  {pd product} {command line}
    uintx ProfiledCodeHeapSize                     = 0                                      {pd product} {ergonomic}
   size_t SoftMaxHeapSize                          = 4102029312                             {manageable} {ergonomic}
     intx TieredStopAtLevel                        = 1                                         {product} {command line}
     bool UseCompressedOops                        = true                           {product lp64_product} {ergonomic}
     bool UseG1GC                                  = true                                      {product} {ergonomic}
     bool UseLargePagesIndividualAllocation        = false                                  {pd product} {ergonomic}

Logging:
Log output configuration:
 #0: stdout all=warning uptime,level,tags foldmultilines=false
 #1: stderr all=off uptime,level,tags foldmultilines=false

Release file:
<release file has not been read>
Environment Variables:
PATH=C:\Program Files\Common Files\Oracle\Java\javapath;C:\WINDOWS\system32;C:\WINDOWS;C:\WINDOWS\System32\Wbem;C:\WINDOWS\System32\WindowsPowerShell\v1.0\;C:\WINDOWS\System32\OpenSSH\;C:\Program Files (x86)\Microsoft SQL Server\160\Tools\Binn\;C:\Program Files\Microsoft SQL Server\160\Tools\Binn\;C:\Program Files\Microsoft SQL Server\Client SDK\ODBC\170\Tools\Binn\;C:\Program Files\Microsoft SQL Server\160\DTS\Binn\;C:\Program Files (x86)\Microsoft SQL Server\160\DTS\Binn\;C:\Program Files\Git\cmd;C:\Program Files\nodejs\;C:\Program Files\Common Files\Oracle\Java\javapath;C:\WINDOWS\system32;C:\WINDOWS;C:\WINDOWS\System32\Wbem;C:\WINDOWS\System32\WindowsPowerShell\v1.0\;C:\WINDOWS\System32\OpenSSH\;C:\Program Files (x86)\Microsoft SQL Server\160\Tools\Binn\;C:\Program Files\Microsoft SQL Server\160\Tools\Binn\;C:\Program Files\Microsoft SQL Server\Client SDK\ODBC\170\Tools\Binn\;C:\Program Files\Microsoft SQL Server\160\DTS\Binn\;C:\Program Files (x86)\Microsoft SQL Server\160\DTS\Binn\;C:\Program Files\Git\cmd;C:\Program Files\nodejs\;C:\Program Files\MySQL\MySQL Shell 8.0\bin\;C:\Users\sharo\AppData\Local\Microsoft\WindowsApps;C:\Users\sharo\AppData\Local\Programs\Microsoft VS Code\bin;;C:\Program Files\JetBrains\IntelliJ IDEA 2025.1.1.1\bin;;C:\Users\sharo\IntelliJ IDEA Community Edition 2025.2\bin;C:\Users\sharo\AppData\Roaming\npm;C:\Users\sharo\AppData\Local\Python\bin;C:\Users\TU_USUARIO\AppData\Local\Programs\Python\Python3x\;C:\Users\TU_USUARIO\AppData\Local\Programs\Python\Python3x\Scripts"
USERNAME=sharo
OS=Windows_NT
PROCESSOR_IDENTIFIER=AMD64 Family 23 Model 160 Stepping 0, AuthenticAMD
TMP=C:\Users\sharo\AppData\Local\Temp
TEMP=C:\Users\sharo\AppData\Local\Temp




Compilation memory statistics disabled.

Periodic native trim disabled

---------------  S Y S T E M  ---------------

OS:
 Windows 11 , 64 bit Build 26100 (10.0.26100.7920)
OS uptime: 3 days 12:30 hours
Hyper-V role detected

CPU: total 8 (initial active 8) (8 cores per cpu, 2 threads per core) family 23 model 160 stepping 0 microcode 0x8a00006, cx8, cmov, fxsr, ht, mmx, 3dnowpref, sse, sse2, sse3, ssse3, sse4a, sse4.1, sse4.2, popcnt, lzcnt, tsc, tscinvbit, avx, avx2, aes, clmul, bmi1, bmi2, adx, sha, fma, vzeroupper, clflush, clflushopt, clwb, hv, rdtscp, rdpid, f16c
Processor Information for the first 8 processors :
  Max Mhz: 2801, Current Mhz: 2483, Mhz Limit: 2801

Memory: 4k page, system-wide physical 15647M (4110M free)
TotalPageFile size 22815M (AvailPageFile size 6469M)
current process WorkingSet (physical memory assigned to process): 99M, peak: 99M
current process commit charge ("private bytes"): 382M, peak: 384M

vm_info: OpenJDK 64-Bit Server VM (25.0.2+10-69) for windows-amd64 JRE (25.0.2+10-69), built on 2025-12-18T11:36:35Z with MS VC++ 17.13 (VS2022)

END.
