#
# A fatal error has been detected by the Java Runtime Environment:
#
#  EXCEPTION_ACCESS_VIOLATION (0xc0000005) at pc=0x00007ffebed126c4, pid=16748, tid=26564
#
# JRE version: OpenJDK Runtime Environment (25.0.2+10) (build 25.0.2+10-69)
# Java VM: OpenJDK 64-Bit Server VM (25.0.2+10-69, mixed mode, emulated-client, sharing, tiered, compressed oops, compressed class ptrs, g1 gc, windows-amd64)
# Problematic frame:
# C  [libasyncProfiler.dll+0x926c4]
#
# No core dump will be written. Minidumps are not enabled by default on client versions of Windows
#
# JFR recording file will be written. Location: C:\Users\sharo\knowly_back\hs_err_pid16748.jfr
#
# If you would like to submit a bug report, please visit:
#   https://bugreport.java.com/bugreport/crash.jsp
# The crash happened outside the Java Virtual Machine in native code.
# See problematic frame for where to report the bug.
#

---------------  S U M M A R Y ------------

Command Line: --enable-preview -XX:TieredStopAtLevel=1 -Dspring.output.ansi.enabled=always -Dcom.sun.management.jmxremote -Dspring.jmx.enabled=true -Dspring.liveBeansView.mbeanDomain -Dspring.application.admin.enabled=true -Dmanagement.endpoints.jmx.exposure.include=* -javaagent:C:\Program Files\JetBrains\IntelliJ IDEA 2025.1.1.1\lib\idea_rt.jar=51893 -agentpath:C:\Users\sharo\AppData\Local\Temp\idea_libasyncProfiler_dll_temp_folder1\libasyncProfiler.dll=start,jfr,event=wall,interval=10ms,jfrsync=profile,cstack=no,file=C:\Users\sharo\IdeaSnapshots\KnowlyBackApplication_2026_04_27_181435.jfr,dbghelppath=C:\Users\sharo\AppData\Local\Temp\idea_dbghelp_dll_temp_folder\dbghelp.dll,log=C:\Users\sharo\AppData\Local\Temp\KnowlyBackApplication_2026_04_27_181435.jfr.log.txt,logLevel=DEBUG -Dfile.encoding=UTF-8 -Dsun.stdout.encoding=UTF-8 -Dsun.stderr.encoding=UTF-8 com.proyecto.knowly_back.KnowlyBackApplication

Host: AMD Ryzen 5 7520U with Radeon Graphics         , 8 cores, 15G,  Windows 11 , 64 bit Build 26100 (10.0.26100.8246)
Time: Mon Apr 27 18:14:36 2026 Hora est. Pac璗ico, Sudam廨ica elapsed time: 1.170940 seconds (0d 0h 0m 1s)

---------------  T H R E A D  ---------------

Current thread (0x0000024ff5a9e5e0):  JavaThread "main"             [_thread_in_native, id=26564, stack(0x000000762b400000,0x000000762b500000) (1024K)]

Stack: [0x000000762b400000,0x000000762b500000],  sp=0x000000762b4fe800,  free space=1018k
Native frames: (J=compiled Java code, j=interpreted, Vv=VM code, C=native code)
C  [libasyncProfiler.dll+0x926c4]  (no source info available)
C  [libasyncProfiler.dll+0x92b9b]  (no source info available)
C  [libasyncProfiler.dll+0x917f4]  (no source info available)
C  [libasyncProfiler.dll+0x9206a]  (no source info available)
C  [libasyncProfiler.dll+0x8cc21]  (no source info available)
C  [libasyncProfiler.dll+0x7e5e1]  (no source info available)
C  [libasyncProfiler.dll+0x7d2f8]  (no source info available)
C  [libasyncProfiler.dll+0x7d1e0]  (no source info available)
C  [libasyncProfiler.dll+0x832fc]  (no source info available)
V  [jvm.dll+0x64b1ae]  (no source info available)
V  [jvm.dll+0x910f3d]  (no source info available)
V  [jvm.dll+0x4f9331]  (no source info available)
V  [jvm.dll+0x4fabc1]  (no source info available)
C  [jli.dll+0x543e]  (no source info available)
C  [ucrtbase.dll+0x37b0]  (no source info available)
C  [KERNEL32.DLL+0x2e8d7]  (no source info available)
C  [ntdll.dll+0x8c3fc]  (no source info available)


siginfo: EXCEPTION_ACCESS_VIOLATION (0xc0000005), reading address 0xffffffffffffffff


Registers:
RAX=0x0000000000000010, RBX=0x0000000000000000, RCX=0xffffffffffffffff, RDX=0x007ffe82b964e010
RSP=0x000000762b4fe800, RBP=0x0000024f8e4049e0, RSI=0x000000762b4fe970, RDI=0x0000024f8e4049e0
R8 =0x0000000000000042, R9 =0x000000071ac01eb8, R10=0x00007ffe82e1f480, R11=0x0000000000000002
R12=0x000000762b4fe970, R13=0x0000024ff59fc1e0, R14=0x0000024ff5a9ea28, R15=0x0000024ff5a9ea28
RIP=0x00007ffebed126c4, EFLAGS=0x0000000000010202

XMM[0]=0x0000000000000000 0x0000000000000000
XMM[1]=0x0000000000000000 0x0000000000000000
XMM[2]=0x0000000000000000 0x0000000000000000
XMM[3]=0x0000000000000000 0x0000000000000000
XMM[4]=0x0000000000000000 0x0000000000000000
XMM[5]=0x0000000000000000 0x0000000000000000
XMM[6]=0x0000000000000000 0x0000000000000000
XMM[7]=0x0000000000000000 0x0000000000000000
XMM[8]=0x0000000000000000 0x0000000000000000
XMM[9]=0x0000000000000000 0x0000000000000000
XMM[10]=0x0000000000000000 0x0000000000000000
XMM[11]=0x0000000000000000 0x0000000000000000
XMM[12]=0x0000000000000000 0x0000000000000000
XMM[13]=0x0000000000000000 0x0000000000000000
XMM[14]=0x0000000000000000 0x0000000000000000
XMM[15]=0x0000000000000000 0x0000000000000000
  MXCSR=0x00001fa0


Register to memory mapping:

RAX=0x0000000000000010 is an unknown value
RBX=0x0 is null
RCX=0xffffffffffffffff is an unknown value
RDX=0x007ffe82b964e010 is an unknown value
RSP=0x000000762b4fe800 is pointing into the stack for thread: 0x0000024ff5a9e5e0
RBP=0x0000024f8e4049e0 points into unknown readable memory: 0x000000071ac01eb8 | b8 1e c0 1a 07 00 00 00
RSI=0x000000762b4fe970 is pointing into the stack for thread: 0x0000024ff5a9e5e0
RDI=0x0000024f8e4049e0 points into unknown readable memory: 0x000000071ac01eb8 | b8 1e c0 1a 07 00 00 00
R8 =0x0000000000000042 is an unknown value
R9 =0x000000071ac01eb8 is an oop: java.lang.Thread 
{0x000000071ac01eb8} - klass: 'java/lang/Thread' - flags: 

 - ---- fields (total size 14 words):
 - 'threadLocalRandomProbe' 'I' @12  1013904242 (0x3c6ef372)
 - private volatile 'eetop' 'J' @16  2542447224288 (0x0000024ff5a9e5e0)
 - private final 'tid' 'J' @24  3 (0x0000000000000003)
 - 'threadLocalRandomSeed' 'J' @32  4683938025898409430 (0x4100b0d1679e7dd6)
 - injected 'jvmti_thread_state' 'J' @40  2540631514736 (0x0000024f89705e70)
 - 'threadLocalRandomSecondarySeed' 'I' @48  0 (0x00000000)
 - injected 'jvmti_VTMS_transition_disable_count' 'I' @52  0 (0x00000000)
 - injected 'jfr_epoch' 'S' @56  0 (0x0000)
 - volatile 'interrupted' 'Z' @58  false (0x00)
 - injected 'jvmti_is_in_VTMS_transition' 'Z' @59  false (0x00)
 - private volatile 'name' 'Ljava/lang/String;' @60  "main"{0x000000071ac01f28} (0xe35803e5)
 - private volatile 'contextClassLoader' 'Ljava/lang/ClassLoader;' @64  a 'jdk/internal/loader/ClassLoaders$AppClassLoader'{0x000000071ac4dfb8} (0xe3589bf7)
 - private final 'holder' 'Ljava/lang/Thread$FieldHolder;' @68  a 'java/lang/Thread$FieldHolder'{0x000000071ac01f68} (0xe35803ed)
 - private 'threadLocals' 'Ljava/lang/ThreadLocal$ThreadLocalMap;' @72  null (0x00000000)
 - private 'inheritableThreadLocals' 'Ljava/lang/ThreadLocal$ThreadLocalMap;' @76  null (0x00000000)
 - private 'scopedValueBindings' 'Ljava/lang/Object;' @80  a 'java/lang/Class'{0x00000007ffe7f210} = 'java/lang/Thread' (0xfffcfe42)
 - final 'interruptLock' 'Ljava/lang/Object;' @84  a 'java/lang/Object'{0x000000071ac01f58} (0xe35803eb)
 - private volatile 'parkBlocker' 'Ljava/lang/Object;' @88  null (0x00000000)
 - private 'nioBlocker' 'Lsun/nio/ch/Interruptible;' @92  null (0x00000000)
 - private 'cont' 'Ljdk/internal/vm/Continuation;' @96  null (0x00000000)
 - private volatile 'uncaughtExceptionHandler' 'Ljava/lang/Thread$UncaughtExceptionHandler;' @100  null (0x00000000)
 - private 'container' 'Ljdk/internal/vm/ThreadContainer;' @104  null (0x00000000)
 - private volatile 'headStackableScopes' 'Ljdk/internal/vm/StackableScope;' @108  null (0x00000000)
R10=0x00007ffe82e1f480 jvm.dll
R11=0x0000000000000002 is an unknown value
R12=0x000000762b4fe970 is pointing into the stack for thread: 0x0000024ff5a9e5e0
R13=0x0000024ff59fc1e0 points into unknown readable memory: 0x00007ffe82d8fc50 | 50 fc d8 82 fe 7f 00 00
R14=0x0000024ff5a9ea28 points into unknown readable memory: 0x00007ffe82d86ba0 | a0 6b d8 82 fe 7f 00 00
R15=0x0000024ff5a9ea28 points into unknown readable memory: 0x00007ffe82d86ba0 | a0 6b d8 82 fe 7f 00 00

Top of Stack: (sp=0x000000762b4fe800)
0x000000762b4fe800:   000000762b4fe970 0000024f8e4049e0   p.O+v....I@.O...
0x000000762b4fe810:   0000000000000000 0000024ff55a4ec8   .........NZ.O...
0x000000762b4fe820:   000000000000001e 00007ffebed12b9b   .........+......
0x000000762b4fe830:   0000000000000000 0000024ff5a9ea28   ........(...O...
0x000000762b4fe840:   000000762b4fe901 0000000000000000   ..O+v...........
0x000000762b4fe850:   0000024f8fb78e70 00007ffebed117f4   p...O...........
0x000000762b4fe860:   0000000000000000 000000000000001e   ................
0x000000762b4fe870:   0000000000000000 000000000000001e   ................
0x000000762b4fe880:   0000000d00000002 0000024f8fb39100   ............O...
0x000000762b4fe890:   0000024f8fb78e70 0000024f8fb78ee8   p...O.......O...
0x000000762b4fe8a0:   0000024f8fb78f18 0000000000005380   ....O....S......
0x000000762b4fe8b0:   0000000000000000 0000000000000000   ................
0x000000762b4fe8c0:   0000000000000000 00007ffe82588434   ........4.X.....
0x000000762b4fe8d0:   00007ffebee54ca0 000000000000416c   .L......lA......
0x000000762b4fe8e0:   00007ffebee54ca0 00000000ffffffff   .L..............
0x000000762b4fe8f0:   0000000000000000 00007ffebed1206a   ........j ......
0x000000762b4fe900:   0000024ff5a9ea28 0000000000000000   (...O...........
0x000000762b4fe910:   000000762b4fe979 0000024ff59fc1e0   y.O+v.......O...
0x000000762b4fe920:   0000024f899fc040 0000024ff34d0000   @...O.....M.O...
0x000000762b4fe930:   0000024f899fc040 00007fff29c6b949   @...O...I..)....
0x000000762b4fe940:   0000024ff5a9ea28 00007ffebee54ca0   (...O....L......
0x000000762b4fe950:   00007ffebedff0d8 00007ffebedff0c8   ................
0x000000762b4fe960:   0000000000000000 0000024ff5a9ea28   ........(...O...
0x000000762b4fe970:   0000024f8fb1b210 0000024f8fb1b5d0   ....O.......O...
0x000000762b4fe980:   0000024f8fb1b5d0 00007ffebee54ca0   ....O....L......
0x000000762b4fe990:   0000024ff5a13948 000000762b4feb08   H9..O.....O+v...
0x000000762b4fe9a0:   000000762b4fec40 0000000000008840   @.O+v...@.......
0x000000762b4fe9b0:   00007ffebee47080 00007ffebee54cf0   .p.......L......
0x000000762b4fe9c0:   0000000000989680 0000000000989680   ................
0x000000762b4fe9d0:   000000762b4feae0 00007ffebed0cc21   ..O+v...!.......
0x000000762b4fe9e0:   00007ffebee54ca0 00007ffebee54cf8   .L.......L......
0x000000762b4fe9f0:   00007ffe00000000 003d1f9f00000001   ..............=.

Instructions: (pc=0x00007ffebed126c4)
  0x00007ffebed125c4:   cc cc cc cc cc cc cc cc cc cc cc cc cc cc cc cc
  0x00007ffebed125d4:   cc cc cc cc cc cc cc cc cc cc cc cc cc cc cc cc
  0x00007ffebed125e4:   cc cc cc cc cc cc cc cc cc cc cc cc cc cc cc cc
  0x00007ffebed125f4:   cc cc cc cc cc cc cc cc cc cc cc cc cc cc cc cc
  0x00007ffebed12604:   cc cc cc cc cc cc cc cc cc cc cc cc cc cc cc cc
  0x00007ffebed12614:   cc cc cc cc cc cc cc cc cc cc cc cc cc cc cc cc
  0x00007ffebed12624:   cc cc cc cc cc cc cc cc cc cc cc cc cc cc cc cc
  0x00007ffebed12634:   cc cc cc cc cc cc cc cc cc cc cc cc cc cc cc cc
  0x00007ffebed12644:   cc cc cc cc cc cc cc cc cc cc cc cc 40 57 48 83
  0x00007ffebed12654:   ec 20 48 8b f9 48 8b 0d 10 28 14 00 48 85 c9 74
  0x00007ffebed12664:   20 48 8b 01 48 8d 54 24 38 41 b8 06 00 01 00 4c
  0x00007ffebed12674:   8b 48 30 41 ff d1 85 c0 75 07 48 8b 4c 24 38 eb
  0x00007ffebed12684:   02 33 c9 4c 8b 05 ea 28 14 00 48 89 5c 24 30 4d
  0x00007ffebed12694:   85 c0 74 4a 48 8b 01 48 8b d7 4c 8b 88 28 03 00
  0x00007ffebed126a4:   00 41 ff d1 48 85 c0 74 35 48 63 0d f8 e6 13 00
  0x00007ffebed126b4:   48 8b 14 01 48 85 d2 74 15 48 63 05 fc e6 13 00
=>0x00007ffebed126c4:   8b 04 10 48 8b 5c 24 30 48 83 c4 20 5f c3 b8 ff
  0x00007ffebed126d4:   ff ff ff 48 8b 5c 24 30 48 83 c4 20 5f c3 80 3d
  0x00007ffebed126e4:   9b 27 14 00 00 bb ff ff ff ff 74 20 4c 8b 0d 31
  0x00007ffebed126f4:   24 14 00 4c 8d 44 24 38 48 8b 0d 15 24 14 00 48
  0x00007ffebed12704:   8b d7 41 ff d1 85 c0 0f 44 5c 24 38 8b c3 48 8b
  0x00007ffebed12714:   5c 24 30 48 83 c4 20 5f c3 cc cc cc cc cc cc cc
  0x00007ffebed12724:   cc cc cc cc cc cc cc cc cc cc cc cc cc cc cc cc
  0x00007ffebed12734:   cc cc cc cc cc cc cc cc cc cc cc cc cc cc cc cc
  0x00007ffebed12744:   cc cc cc cc cc cc cc cc cc cc cc cc 48 89 54 24
  0x00007ffebed12754:   10 53 55 56 57 41 56 41 57 48 83 ec 28 48 8b f2
  0x00007ffebed12764:   4c 8b f1 48 89 4c 24 78 45 33 ff 44 89 7c 24 68
  0x00007ffebed12774:   c7 44 24 60 01 00 00 00 48 8d 4c 24 68 e8 ed 42
  0x00007ffebed12784:   f7 ff 8b d8 48 8d 4c 24 60 e8 e1 42 f7 ff 8b e8
  0x00007ffebed12794:   49 8b ce e8 00 fc f6 ff 48 8b f8 90 8b c3 f0 0f
  0x00007ffebed127a4:   b1 2f 74 04 f3 90 eb f4 4c 89 3e 4c 89 7e 08 4c
  0x00007ffebed127b4:   89 7e 10 49 8b 6e 08 4d 8b 76 10 49 3b ee 0f 84


Stack slot to memory mapping:

stack at sp + 0 slots: 0x000000762b4fe970 is pointing into the stack for thread: 0x0000024ff5a9e5e0
stack at sp + 1 slots: 0x0000024f8e4049e0 points into unknown readable memory: 0x000000071ac01eb8 | b8 1e c0 1a 07 00 00 00
stack at sp + 2 slots: 0x0 is null
stack at sp + 3 slots: 0x0000024ff55a4ec8 points into unknown readable memory: 0x6e616c2e6176616a | 6a 61 76 61 2e 6c 61 6e
stack at sp + 4 slots: 0x000000000000001e is an unknown value
stack at sp + 5 slots: 0x00007ffebed12b9b libasyncProfiler.dll
stack at sp + 6 slots: 0x0 is null
stack at sp + 7 slots: 0x0000024ff5a9ea28 points into unknown readable memory: 0x00007ffe82d86ba0 | a0 6b d8 82 fe 7f 00 00

Lock stack of current Java thread (top to bottom):


---------------  P R O C E S S  ---------------

Threads class SMR info:
_java_thread_list=0x0000024f8fb6c750, length=19, elements={
0x0000024ff5a9e5e0, 0x0000024ff56f9420, 0x0000024ff56f9be0, 0x0000024ff56fa910,
0x0000024ff56fc1d0, 0x0000024ff5704e60, 0x0000024ff5713870, 0x0000024ff571a3e0,
0x0000024f89796440, 0x0000024f8979f980, 0x0000024ff570c6c0, 0x0000024ff570bef0,
0x0000024ff570e600, 0x0000024f8e5ca680, 0x0000024f8fad1960, 0x0000024f8facf250,
0x0000024f8fad09c0, 0x0000024f8fb515e0, 0x0000024f8fb50e10
}

Java Threads: ( => current thread )
=>0x0000024ff5a9e5e0 JavaThread "main"                              [_thread_in_native, id=26564, stack(0x000000762b400000,0x000000762b500000) (1024K)]
  0x0000024ff56f9420 JavaThread "Reference Handler"          daemon [_thread_blocked, id=3724, stack(0x000000762bc00000,0x000000762bd00000) (1024K)]
  0x0000024ff56f9be0 JavaThread "Finalizer"                  daemon [_thread_blocked, id=11128, stack(0x000000762bd00000,0x000000762be00000) (1024K)]
  0x0000024ff56fa910 JavaThread "Signal Dispatcher"          daemon [_thread_blocked, id=16556, stack(0x000000762be00000,0x000000762bf00000) (1024K)]
  0x0000024ff56fc1d0 JavaThread "Attach Listener"            daemon [_thread_blocked, id=17156, stack(0x000000762bf00000,0x000000762c000000) (1024K)]
  0x0000024ff5704e60 JavaThread "Service Thread"             daemon [_thread_blocked, id=6472, stack(0x000000762c000000,0x000000762c100000) (1024K)]
  0x0000024ff5713870 JavaThread "Monitor Deflation Thread"   daemon [_thread_blocked, id=23112, stack(0x000000762c100000,0x000000762c200000) (1024K)]
  0x0000024ff571a3e0 JavaThread "C1 CompilerThread0"         daemon [_thread_blocked, id=7644, stack(0x000000762c200000,0x000000762c300000) (1024K)]
  0x0000024f89796440 JavaThread "C1 CompilerThread1"         daemon [_thread_blocked, id=15712, stack(0x000000762c300000,0x000000762c400000) (1024K)]
  0x0000024f8979f980 JavaThread "C1 CompilerThread2"         daemon [_thread_blocked, id=19548, stack(0x000000762c400000,0x000000762c500000) (1024K)]
  0x0000024ff570c6c0 JavaThread "Common-Cleaner"             daemon [_thread_blocked, id=22960, stack(0x000000762c500000,0x000000762c600000) (1024K)]
  0x0000024ff570bef0 JavaThread "Monitor Ctrl-Break"         daemon [_thread_in_native, id=14668, stack(0x000000762c600000,0x000000762c700000) (1024K)]
  0x0000024ff570e600 JavaThread "JFR Recorder Thread"        daemon [_thread_in_native, id=24664, stack(0x000000762c700000,0x000000762c800000) (1024K)]
  0x0000024f8e5ca680 JavaThread "C1 CompilerThread3"         daemon [_thread_blocked, id=17696, stack(0x000000762c800000,0x000000762c900000) (1024K)]
  0x0000024f8fad1960 JavaThread "JFR Periodic Tasks"         daemon [_thread_blocked, id=20992, stack(0x000000762c900000,0x000000762ca00000) (1024K)]
  0x0000024f8facf250 JavaThread "RMI TCP Accept-0"           daemon [_thread_in_native, id=20292, stack(0x000000762ca00000,0x000000762cb00000) (1024K)]
  0x0000024f8fad09c0 JavaThread "RMI TCP Connection(1)-192.168.5.101" daemon [_thread_in_native, id=8160, stack(0x000000762cb00000,0x000000762cc00000) (1024K)]
  0x0000024f8fb515e0 JavaThread "RMI Scheduler(0)"           daemon [_thread_blocked, id=9932, stack(0x000000762cc00000,0x000000762cd00000) (1024K)]
  0x0000024f8fb50e10 JavaThread "JMX server connection timeout 33" daemon [_thread_blocked, id=21376, stack(0x000000762cd00000,0x000000762ce00000) (1024K)]
Total: 19

Other Threads:
  0x0000024ff56e8e80 VMThread "VM Thread"                           [id=16044, stack(0x000000762bb00000,0x000000762bc00000) (1024K)]
  0x0000024f896bca00 WatcherThread "VM Periodic Task Thread"        [id=20816, stack(0x000000762ba00000,0x000000762bb00000) (1024K)]
  0x0000024ff560bea0 WorkerThread "GC Thread#0"                     [id=7656, stack(0x000000762b500000,0x000000762b600000) (1024K)]
  0x0000024ff5625ce0 ConcurrentGCThread "G1 Main Marker"            [id=13120, stack(0x000000762b600000,0x000000762b700000) (1024K)]
  0x0000024ff5629710 WorkerThread "G1 Conc#0"                       [id=6200, stack(0x000000762b700000,0x000000762b800000) (1024K)]
  0x0000024ff5680100 ConcurrentGCThread "G1 Refine#0"               [id=21856, stack(0x000000762b800000,0x000000762b900000) (1024K)]
  0x0000024ff56805c0 ConcurrentGCThread "G1 Service"                [id=20544, stack(0x000000762b900000,0x000000762ba00000) (1024K)]
Total: 7

Threads with active compile tasks:
Total: 0

VM state: not at safepoint (normal execution)

VM Mutex/Monitor currently owned by a thread: None

Heap address: 0x000000070b800000, size: 3912 MB, Compressed Oops mode: Zero based, Oop shift amount: 3

CDS archive(s) mapped at: [0x0000000013000000-0x0000000013dd0000-0x0000000013dd0000), size 14483456, SharedBaseAddress: 0x0000000013000000, ArchiveRelocationMode: 1.
Compressed class space mapped at: 0x0000000014000000-0x0000000054000000, reserved size: 1073741824
UseCompressedClassPointers 1, UseCompactObjectHeaders 0
Narrow klass pointer bits 32, Max shift 3
Narrow klass base: 0x0000000013000000, Narrow klass shift: 0
Encoding Range: [0x0000000013000000 - 0x0000000113000000), (4294967296 bytes)
Klass Range:    [0x0000000013010000 - 0x0000000054000000), (1090453504 bytes)
Klass ID Range:  [65536 - 1090519033) (1090453497)
Protection zone: [0x0000000013000000 - 0x0000000013010000), (65536 bytes)

GC Precious Log:
 CardTable entry size: 512
 Card Set container configuration: InlinePtr #cards 4 size 8 Array Of Cards #cards 16 size 48 Howl #buckets 8 coarsen threshold 3686 Howl Bitmap #cards 512 size 80 coarsen threshold 460 Card regions per heap region 1 cards per card region 4096
 CPUs: 8 total, 8 available
 Memory: 15647M
 Large Page Support: Disabled
 NUMA Support: Disabled
 Compressed Oops: Enabled (Zero based)
 Heap Region Size: 2M
 Heap Min Capacity: 8M
 Heap Initial Capacity: 246M
 Heap Max Capacity: 3912M
 Pre-touch: Disabled
 Parallel Workers: 8
 Concurrent Workers: 2
 Concurrent Refinement Workers: 8
 Periodic GC: Disabled

Heap:
 garbage-first heap   total reserved 4005888K, committed 253952K, used 35987K [0x000000070b800000, 0x0000000800000000)
  region size 2048K, 19 young (38912K), 0 survivors (0K)

Heap Regions: E=young(eden), S=young(survivor), O=old, HS=humongous(starts), HC=humongous(continues), CS=collection set, F=free, TAMS=top-at-mark-start, PB=parsable bottom
|   0|0x000000070b800000, 0x000000070b800000, 0x000000070ba00000|  0%| F|  |TAMS 0x000000070b800000| PB 0x000000070b800000| Untracked |  0
|   1|0x000000070ba00000, 0x000000070ba00000, 0x000000070bc00000|  0%| F|  |TAMS 0x000000070ba00000| PB 0x000000070ba00000| Untracked |  0
|   2|0x000000070bc00000, 0x000000070bc00000, 0x000000070be00000|  0%| F|  |TAMS 0x000000070bc00000| PB 0x000000070bc00000| Untracked |  0
|   3|0x000000070be00000, 0x000000070be00000, 0x000000070c000000|  0%| F|  |TAMS 0x000000070be00000| PB 0x000000070be00000| Untracked |  0
|   4|0x000000070c000000, 0x000000070c000000, 0x000000070c200000|  0%| F|  |TAMS 0x000000070c000000| PB 0x000000070c000000| Untracked |  0
|   5|0x000000070c200000, 0x000000070c200000, 0x000000070c400000|  0%| F|  |TAMS 0x000000070c200000| PB 0x000000070c200000| Untracked |  0
|   6|0x000000070c400000, 0x000000070c400000, 0x000000070c600000|  0%| F|  |TAMS 0x000000070c400000| PB 0x000000070c400000| Untracked |  0
|   7|0x000000070c600000, 0x000000070c600000, 0x000000070c800000|  0%| F|  |TAMS 0x000000070c600000| PB 0x000000070c600000| Untracked |  0
|   8|0x000000070c800000, 0x000000070c800000, 0x000000070ca00000|  0%| F|  |TAMS 0x000000070c800000| PB 0x000000070c800000| Untracked |  0
|   9|0x000000070ca00000, 0x000000070ca00000, 0x000000070cc00000|  0%| F|  |TAMS 0x000000070ca00000| PB 0x000000070ca00000| Untracked |  0
|  10|0x000000070cc00000, 0x000000070cc00000, 0x000000070ce00000|  0%| F|  |TAMS 0x000000070cc00000| PB 0x000000070cc00000| Untracked |  0
|  11|0x000000070ce00000, 0x000000070ce00000, 0x000000070d000000|  0%| F|  |TAMS 0x000000070ce00000| PB 0x000000070ce00000| Untracked |  0
|  12|0x000000070d000000, 0x000000070d000000, 0x000000070d200000|  0%| F|  |TAMS 0x000000070d000000| PB 0x000000070d000000| Untracked |  0
|  13|0x000000070d200000, 0x000000070d200000, 0x000000070d400000|  0%| F|  |TAMS 0x000000070d200000| PB 0x000000070d200000| Untracked |  0
|  14|0x000000070d400000, 0x000000070d400000, 0x000000070d600000|  0%| F|  |TAMS 0x000000070d400000| PB 0x000000070d400000| Untracked |  0
|  15|0x000000070d600000, 0x000000070d600000, 0x000000070d800000|  0%| F|  |TAMS 0x000000070d600000| PB 0x000000070d600000| Untracked |  0
|  16|0x000000070d800000, 0x000000070d800000, 0x000000070da00000|  0%| F|  |TAMS 0x000000070d800000| PB 0x000000070d800000| Untracked |  0
|  17|0x000000070da00000, 0x000000070da00000, 0x000000070dc00000|  0%| F|  |TAMS 0x000000070da00000| PB 0x000000070da00000| Untracked |  0
|  18|0x000000070dc00000, 0x000000070dc00000, 0x000000070de00000|  0%| F|  |TAMS 0x000000070dc00000| PB 0x000000070dc00000| Untracked |  0
|  19|0x000000070de00000, 0x000000070de00000, 0x000000070e000000|  0%| F|  |TAMS 0x000000070de00000| PB 0x000000070de00000| Untracked |  0
|  20|0x000000070e000000, 0x000000070e000000, 0x000000070e200000|  0%| F|  |TAMS 0x000000070e000000| PB 0x000000070e000000| Untracked |  0
|  21|0x000000070e200000, 0x000000070e200000, 0x000000070e400000|  0%| F|  |TAMS 0x000000070e200000| PB 0x000000070e200000| Untracked |  0
|  22|0x000000070e400000, 0x000000070e400000, 0x000000070e600000|  0%| F|  |TAMS 0x000000070e400000| PB 0x000000070e400000| Untracked |  0
|  23|0x000000070e600000, 0x000000070e600000, 0x000000070e800000|  0%| F|  |TAMS 0x000000070e600000| PB 0x000000070e600000| Untracked |  0
|  24|0x000000070e800000, 0x000000070e800000, 0x000000070ea00000|  0%| F|  |TAMS 0x000000070e800000| PB 0x000000070e800000| Untracked |  0
|  25|0x000000070ea00000, 0x000000070ea00000, 0x000000070ec00000|  0%| F|  |TAMS 0x000000070ea00000| PB 0x000000070ea00000| Untracked |  0
|  26|0x000000070ec00000, 0x000000070ec00000, 0x000000070ee00000|  0%| F|  |TAMS 0x000000070ec00000| PB 0x000000070ec00000| Untracked |  0
|  27|0x000000070ee00000, 0x000000070ee00000, 0x000000070f000000|  0%| F|  |TAMS 0x000000070ee00000| PB 0x000000070ee00000| Untracked |  0
|  28|0x000000070f000000, 0x000000070f000000, 0x000000070f200000|  0%| F|  |TAMS 0x000000070f000000| PB 0x000000070f000000| Untracked |  0
|  29|0x000000070f200000, 0x000000070f200000, 0x000000070f400000|  0%| F|  |TAMS 0x000000070f200000| PB 0x000000070f200000| Untracked |  0
|  30|0x000000070f400000, 0x000000070f400000, 0x000000070f600000|  0%| F|  |TAMS 0x000000070f400000| PB 0x000000070f400000| Untracked |  0
|  31|0x000000070f600000, 0x000000070f600000, 0x000000070f800000|  0%| F|  |TAMS 0x000000070f600000| PB 0x000000070f600000| Untracked |  0
|  32|0x000000070f800000, 0x000000070f800000, 0x000000070fa00000|  0%| F|  |TAMS 0x000000070f800000| PB 0x000000070f800000| Untracked |  0
|  33|0x000000070fa00000, 0x000000070fa00000, 0x000000070fc00000|  0%| F|  |TAMS 0x000000070fa00000| PB 0x000000070fa00000| Untracked |  0
|  34|0x000000070fc00000, 0x000000070fc00000, 0x000000070fe00000|  0%| F|  |TAMS 0x000000070fc00000| PB 0x000000070fc00000| Untracked |  0
|  35|0x000000070fe00000, 0x000000070fe00000, 0x0000000710000000|  0%| F|  |TAMS 0x000000070fe00000| PB 0x000000070fe00000| Untracked |  0
|  36|0x0000000710000000, 0x0000000710000000, 0x0000000710200000|  0%| F|  |TAMS 0x0000000710000000| PB 0x0000000710000000| Untracked |  0
|  37|0x0000000710200000, 0x0000000710200000, 0x0000000710400000|  0%| F|  |TAMS 0x0000000710200000| PB 0x0000000710200000| Untracked |  0
|  38|0x0000000710400000, 0x0000000710400000, 0x0000000710600000|  0%| F|  |TAMS 0x0000000710400000| PB 0x0000000710400000| Untracked |  0
|  39|0x0000000710600000, 0x0000000710600000, 0x0000000710800000|  0%| F|  |TAMS 0x0000000710600000| PB 0x0000000710600000| Untracked |  0
|  40|0x0000000710800000, 0x0000000710800000, 0x0000000710a00000|  0%| F|  |TAMS 0x0000000710800000| PB 0x0000000710800000| Untracked |  0
|  41|0x0000000710a00000, 0x0000000710a00000, 0x0000000710c00000|  0%| F|  |TAMS 0x0000000710a00000| PB 0x0000000710a00000| Untracked |  0
|  42|0x0000000710c00000, 0x0000000710c00000, 0x0000000710e00000|  0%| F|  |TAMS 0x0000000710c00000| PB 0x0000000710c00000| Untracked |  0
|  43|0x0000000710e00000, 0x0000000710e00000, 0x0000000711000000|  0%| F|  |TAMS 0x0000000710e00000| PB 0x0000000710e00000| Untracked |  0
|  44|0x0000000711000000, 0x0000000711000000, 0x0000000711200000|  0%| F|  |TAMS 0x0000000711000000| PB 0x0000000711000000| Untracked |  0
|  45|0x0000000711200000, 0x0000000711200000, 0x0000000711400000|  0%| F|  |TAMS 0x0000000711200000| PB 0x0000000711200000| Untracked |  0
|  46|0x0000000711400000, 0x0000000711400000, 0x0000000711600000|  0%| F|  |TAMS 0x0000000711400000| PB 0x0000000711400000| Untracked |  0
|  47|0x0000000711600000, 0x0000000711600000, 0x0000000711800000|  0%| F|  |TAMS 0x0000000711600000| PB 0x0000000711600000| Untracked |  0
|  48|0x0000000711800000, 0x0000000711800000, 0x0000000711a00000|  0%| F|  |TAMS 0x0000000711800000| PB 0x0000000711800000| Untracked |  0
|  49|0x0000000711a00000, 0x0000000711a00000, 0x0000000711c00000|  0%| F|  |TAMS 0x0000000711a00000| PB 0x0000000711a00000| Untracked |  0
|  50|0x0000000711c00000, 0x0000000711c00000, 0x0000000711e00000|  0%| F|  |TAMS 0x0000000711c00000| PB 0x0000000711c00000| Untracked |  0
|  51|0x0000000711e00000, 0x0000000711e00000, 0x0000000712000000|  0%| F|  |TAMS 0x0000000711e00000| PB 0x0000000711e00000| Untracked |  0
|  52|0x0000000712000000, 0x0000000712000000, 0x0000000712200000|  0%| F|  |TAMS 0x0000000712000000| PB 0x0000000712000000| Untracked |  0
|  53|0x0000000712200000, 0x0000000712200000, 0x0000000712400000|  0%| F|  |TAMS 0x0000000712200000| PB 0x0000000712200000| Untracked |  0
|  54|0x0000000712400000, 0x0000000712400000, 0x0000000712600000|  0%| F|  |TAMS 0x0000000712400000| PB 0x0000000712400000| Untracked |  0
|  55|0x0000000712600000, 0x0000000712600000, 0x0000000712800000|  0%| F|  |TAMS 0x0000000712600000| PB 0x0000000712600000| Untracked |  0
|  56|0x0000000712800000, 0x0000000712800000, 0x0000000712a00000|  0%| F|  |TAMS 0x0000000712800000| PB 0x0000000712800000| Untracked |  0
|  57|0x0000000712a00000, 0x0000000712a00000, 0x0000000712c00000|  0%| F|  |TAMS 0x0000000712a00000| PB 0x0000000712a00000| Untracked |  0
|  58|0x0000000712c00000, 0x0000000712c00000, 0x0000000712e00000|  0%| F|  |TAMS 0x0000000712c00000| PB 0x0000000712c00000| Untracked |  0
|  59|0x0000000712e00000, 0x0000000712e00000, 0x0000000713000000|  0%| F|  |TAMS 0x0000000712e00000| PB 0x0000000712e00000| Untracked |  0
|  60|0x0000000713000000, 0x0000000713000000, 0x0000000713200000|  0%| F|  |TAMS 0x0000000713000000| PB 0x0000000713000000| Untracked |  0
|  61|0x0000000713200000, 0x0000000713200000, 0x0000000713400000|  0%| F|  |TAMS 0x0000000713200000| PB 0x0000000713200000| Untracked |  0
|  62|0x0000000713400000, 0x0000000713400000, 0x0000000713600000|  0%| F|  |TAMS 0x0000000713400000| PB 0x0000000713400000| Untracked |  0
|  63|0x0000000713600000, 0x0000000713600000, 0x0000000713800000|  0%| F|  |TAMS 0x0000000713600000| PB 0x0000000713600000| Untracked |  0
|  64|0x0000000713800000, 0x0000000713800000, 0x0000000713a00000|  0%| F|  |TAMS 0x0000000713800000| PB 0x0000000713800000| Untracked |  0
|  65|0x0000000713a00000, 0x0000000713a00000, 0x0000000713c00000|  0%| F|  |TAMS 0x0000000713a00000| PB 0x0000000713a00000| Untracked |  0
|  66|0x0000000713c00000, 0x0000000713c00000, 0x0000000713e00000|  0%| F|  |TAMS 0x0000000713c00000| PB 0x0000000713c00000| Untracked |  0
|  67|0x0000000713e00000, 0x0000000713e00000, 0x0000000714000000|  0%| F|  |TAMS 0x0000000713e00000| PB 0x0000000713e00000| Untracked |  0
|  68|0x0000000714000000, 0x0000000714000000, 0x0000000714200000|  0%| F|  |TAMS 0x0000000714000000| PB 0x0000000714000000| Untracked |  0
|  69|0x0000000714200000, 0x0000000714200000, 0x0000000714400000|  0%| F|  |TAMS 0x0000000714200000| PB 0x0000000714200000| Untracked |  0
|  70|0x0000000714400000, 0x0000000714400000, 0x0000000714600000|  0%| F|  |TAMS 0x0000000714400000| PB 0x0000000714400000| Untracked |  0
|  71|0x0000000714600000, 0x0000000714600000, 0x0000000714800000|  0%| F|  |TAMS 0x0000000714600000| PB 0x0000000714600000| Untracked |  0
|  72|0x0000000714800000, 0x0000000714800000, 0x0000000714a00000|  0%| F|  |TAMS 0x0000000714800000| PB 0x0000000714800000| Untracked |  0
|  73|0x0000000714a00000, 0x0000000714a00000, 0x0000000714c00000|  0%| F|  |TAMS 0x0000000714a00000| PB 0x0000000714a00000| Untracked |  0
|  74|0x0000000714c00000, 0x0000000714c00000, 0x0000000714e00000|  0%| F|  |TAMS 0x0000000714c00000| PB 0x0000000714c00000| Untracked |  0
|  75|0x0000000714e00000, 0x0000000714e00000, 0x0000000715000000|  0%| F|  |TAMS 0x0000000714e00000| PB 0x0000000714e00000| Untracked |  0
|  76|0x0000000715000000, 0x0000000715000000, 0x0000000715200000|  0%| F|  |TAMS 0x0000000715000000| PB 0x0000000715000000| Untracked |  0
|  77|0x0000000715200000, 0x0000000715200000, 0x0000000715400000|  0%| F|  |TAMS 0x0000000715200000| PB 0x0000000715200000| Untracked |  0
|  78|0x0000000715400000, 0x0000000715400000, 0x0000000715600000|  0%| F|  |TAMS 0x0000000715400000| PB 0x0000000715400000| Untracked |  0
|  79|0x0000000715600000, 0x0000000715600000, 0x0000000715800000|  0%| F|  |TAMS 0x0000000715600000| PB 0x0000000715600000| Untracked |  0
|  80|0x0000000715800000, 0x0000000715800000, 0x0000000715a00000|  0%| F|  |TAMS 0x0000000715800000| PB 0x0000000715800000| Untracked |  0
|  81|0x0000000715a00000, 0x0000000715a00000, 0x0000000715c00000|  0%| F|  |TAMS 0x0000000715a00000| PB 0x0000000715a00000| Untracked |  0
|  82|0x0000000715c00000, 0x0000000715c00000, 0x0000000715e00000|  0%| F|  |TAMS 0x0000000715c00000| PB 0x0000000715c00000| Untracked |  0
|  83|0x0000000715e00000, 0x0000000715e00000, 0x0000000716000000|  0%| F|  |TAMS 0x0000000715e00000| PB 0x0000000715e00000| Untracked |  0
|  84|0x0000000716000000, 0x0000000716000000, 0x0000000716200000|  0%| F|  |TAMS 0x0000000716000000| PB 0x0000000716000000| Untracked |  0
|  85|0x0000000716200000, 0x0000000716200000, 0x0000000716400000|  0%| F|  |TAMS 0x0000000716200000| PB 0x0000000716200000| Untracked |  0
|  86|0x0000000716400000, 0x0000000716400000, 0x0000000716600000|  0%| F|  |TAMS 0x0000000716400000| PB 0x0000000716400000| Untracked |  0
|  87|0x0000000716600000, 0x0000000716600000, 0x0000000716800000|  0%| F|  |TAMS 0x0000000716600000| PB 0x0000000716600000| Untracked |  0
|  88|0x0000000716800000, 0x0000000716800000, 0x0000000716a00000|  0%| F|  |TAMS 0x0000000716800000| PB 0x0000000716800000| Untracked |  0
|  89|0x0000000716a00000, 0x0000000716a00000, 0x0000000716c00000|  0%| F|  |TAMS 0x0000000716a00000| PB 0x0000000716a00000| Untracked |  0
|  90|0x0000000716c00000, 0x0000000716c00000, 0x0000000716e00000|  0%| F|  |TAMS 0x0000000716c00000| PB 0x0000000716c00000| Untracked |  0
|  91|0x0000000716e00000, 0x0000000716e00000, 0x0000000717000000|  0%| F|  |TAMS 0x0000000716e00000| PB 0x0000000716e00000| Untracked |  0
|  92|0x0000000717000000, 0x0000000717000000, 0x0000000717200000|  0%| F|  |TAMS 0x0000000717000000| PB 0x0000000717000000| Untracked |  0
|  93|0x0000000717200000, 0x0000000717200000, 0x0000000717400000|  0%| F|  |TAMS 0x0000000717200000| PB 0x0000000717200000| Untracked |  0
|  94|0x0000000717400000, 0x0000000717400000, 0x0000000717600000|  0%| F|  |TAMS 0x0000000717400000| PB 0x0000000717400000| Untracked |  0
|  95|0x0000000717600000, 0x0000000717600000, 0x0000000717800000|  0%| F|  |TAMS 0x0000000717600000| PB 0x0000000717600000| Untracked |  0
|  96|0x0000000717800000, 0x0000000717800000, 0x0000000717a00000|  0%| F|  |TAMS 0x0000000717800000| PB 0x0000000717800000| Untracked |  0
|  97|0x0000000717a00000, 0x0000000717a00000, 0x0000000717c00000|  0%| F|  |TAMS 0x0000000717a00000| PB 0x0000000717a00000| Untracked |  0
|  98|0x0000000717c00000, 0x0000000717c00000, 0x0000000717e00000|  0%| F|  |TAMS 0x0000000717c00000| PB 0x0000000717c00000| Untracked |  0
|  99|0x0000000717e00000, 0x0000000717e00000, 0x0000000718000000|  0%| F|  |TAMS 0x0000000717e00000| PB 0x0000000717e00000| Untracked |  0
| 100|0x0000000718000000, 0x0000000718000000, 0x0000000718200000|  0%| F|  |TAMS 0x0000000718000000| PB 0x0000000718000000| Untracked |  0
| 101|0x0000000718200000, 0x0000000718200000, 0x0000000718400000|  0%| F|  |TAMS 0x0000000718200000| PB 0x0000000718200000| Untracked |  0
| 102|0x0000000718400000, 0x0000000718400000, 0x0000000718600000|  0%| F|  |TAMS 0x0000000718400000| PB 0x0000000718400000| Untracked |  0
| 103|0x0000000718600000, 0x0000000718600000, 0x0000000718800000|  0%| F|  |TAMS 0x0000000718600000| PB 0x0000000718600000| Untracked |  0
| 104|0x0000000718800000, 0x00000007189ec878, 0x0000000718a00000| 96%| E|  |TAMS 0x0000000718800000| PB 0x0000000718800000| Complete |  0
| 105|0x0000000718a00000, 0x0000000718c00000, 0x0000000718c00000|100%| E|CS|TAMS 0x0000000718a00000| PB 0x0000000718a00000| Complete |  0
| 106|0x0000000718c00000, 0x0000000718e00000, 0x0000000718e00000|100%| E|CS|TAMS 0x0000000718c00000| PB 0x0000000718c00000| Complete |  0
| 107|0x0000000718e00000, 0x0000000719000000, 0x0000000719000000|100%| E|CS|TAMS 0x0000000718e00000| PB 0x0000000718e00000| Complete |  0
| 108|0x0000000719000000, 0x0000000719200000, 0x0000000719200000|100%| E|CS|TAMS 0x0000000719000000| PB 0x0000000719000000| Complete |  0
| 109|0x0000000719200000, 0x0000000719400000, 0x0000000719400000|100%| E|CS|TAMS 0x0000000719200000| PB 0x0000000719200000| Complete |  0
| 110|0x0000000719400000, 0x0000000719600000, 0x0000000719600000|100%| E|CS|TAMS 0x0000000719400000| PB 0x0000000719400000| Complete |  0
| 111|0x0000000719600000, 0x0000000719800000, 0x0000000719800000|100%| E|CS|TAMS 0x0000000719600000| PB 0x0000000719600000| Complete |  0
| 112|0x0000000719800000, 0x0000000719a00000, 0x0000000719a00000|100%| E|CS|TAMS 0x0000000719800000| PB 0x0000000719800000| Complete |  0
| 113|0x0000000719a00000, 0x0000000719c00000, 0x0000000719c00000|100%| E|CS|TAMS 0x0000000719a00000| PB 0x0000000719a00000| Complete |  0
| 114|0x0000000719c00000, 0x0000000719e00000, 0x0000000719e00000|100%| E|CS|TAMS 0x0000000719c00000| PB 0x0000000719c00000| Complete |  0
| 115|0x0000000719e00000, 0x000000071a000000, 0x000000071a000000|100%| E|CS|TAMS 0x0000000719e00000| PB 0x0000000719e00000| Complete |  0
| 116|0x000000071a000000, 0x000000071a200000, 0x000000071a200000|100%| E|CS|TAMS 0x000000071a000000| PB 0x000000071a000000| Complete |  0
| 117|0x000000071a200000, 0x000000071a400000, 0x000000071a400000|100%| E|CS|TAMS 0x000000071a200000| PB 0x000000071a200000| Complete |  0
| 118|0x000000071a400000, 0x000000071a600000, 0x000000071a600000|100%| E|CS|TAMS 0x000000071a400000| PB 0x000000071a400000| Complete |  0
| 119|0x000000071a600000, 0x000000071a800000, 0x000000071a800000|100%| E|CS|TAMS 0x000000071a600000| PB 0x000000071a600000| Complete |  0
| 120|0x000000071a800000, 0x000000071aa00000, 0x000000071aa00000|100%| E|  |TAMS 0x000000071a800000| PB 0x000000071a800000| Complete |  0
| 121|0x000000071aa00000, 0x000000071ac00000, 0x000000071ac00000|100%| E|CS|TAMS 0x000000071aa00000| PB 0x000000071aa00000| Complete |  0
| 122|0x000000071ac00000, 0x000000071ae00000, 0x000000071ae00000|100%| E|CS|TAMS 0x000000071ac00000| PB 0x000000071ac00000| Complete |  0
|1955|0x00000007ffe00000, 0x00000007fff24ea8, 0x0000000800000000| 57%| O|  |TAMS 0x00000007ffe00000| PB 0x00000007ffe00000| Untracked |  0

Card table byte_map: [0x0000024f83000000,0x0000024f837b0000] _byte_map_base: 0x0000024f7f7a4000

Marking Bits: (CMBitMap*) 0x0000024ff560e440
 Bits: [0x0000024f837b0000, 0x0000024f874d0000)

Polling page: 0x0000024ff3710000

Metaspace:
Metaspace        used 6618K, committed 6784K, reserved 1114112K
 class space     used 823K, committed 896K, reserved 1048576K

Usage:
  Non-class:      5.66 MB used.
      Class:    823.73 KB used.
       Both:      6.46 MB used.

Virtual space:
  Non-class space:       64.00 MB reserved,       5.75 MB (  9%) committed,  1 nodes.
      Class space:        1.00 GB reserved,     896.00 KB ( <1%) committed,  1 nodes.
             Both:        1.06 GB reserved,       6.62 MB ( <1%) committed. 

Chunk freelists:
   Non-Class:  10.07 MB
       Class:  15.07 MB
        Both:  25.15 MB

MaxMetaspaceSize: unlimited
CompressedClassSpaceSize: 1.00 GB
Initial GC threshold: 21.00 MB
Current GC threshold: 21.00 MB
CDS: on
 - commit_granule_bytes: 65536.
 - commit_granule_words: 8192.
 - virtual_space_node_default_size: 8388608.
 - enlarge_chunks_in_place: 1.
UseCompressedClassPointers 1, UseCompactObjectHeaders 0
Narrow klass pointer bits 32, Max shift 3
Narrow klass base: 0x0000000013000000, Narrow klass shift: 0
Encoding Range: [0x0000000013000000 - 0x0000000113000000), (4294967296 bytes)
Klass Range:    [0x0000000013010000 - 0x0000000054000000), (1090453504 bytes)
Klass ID Range:  [65536 - 1090519033) (1090453497)
Protection zone: [0x0000000013000000 - 0x0000000013010000), (65536 bytes)


Internal statistics:

num_allocs_failed_limit: 0.
num_arena_births: 162.
num_arena_deaths: 0.
num_vsnodes_births: 2.
num_vsnodes_deaths: 0.
num_space_committed: 106.
num_space_uncommitted: 0.
num_chunks_returned_to_freelist: 0.
num_chunks_taken_from_freelist: 229.
num_chunk_merges: 0.
num_chunk_splits: 123.
num_chunks_enlarged: 26.
num_inconsistent_stats: 0.

CodeCache: size=49152Kb used=4892Kb max_used=4892Kb free=44259Kb
 bounds [0x0000024f80000000, 0x0000024f804d0000, 0x0000024f83000000]
 total_blobs=2386, nmethods=1885, adapters=422, full_count=0
Compilation: enabled, stopped_count=0, restarted_count=0

Compilation events (20 events):
Event: 1.123 Thread 0x0000024f8979f980 nmethod 1865 0x0000024f804c1808 code [0x0000024f804c1900, 0x0000024f804c1bd0]
Event: 1.123 Thread 0x0000024f8979f980 1870       1       java.lang.invoke.InvokerBytecodeGenerator::refKindOpcode (112 bytes)
Event: 1.123 Thread 0x0000024f8e5ca680 nmethod 1871 0x0000024f804c1f08 code [0x0000024f804c2000, 0x0000024f804c2200]
Event: 1.123 Thread 0x0000024f8979f980 nmethod 1870 0x0000024f804c2208 code [0x0000024f804c2300, 0x0000024f804c27e0]
Event: 1.124 Thread 0x0000024ff571a3e0 nmethod 1867 0x0000024f804c2808 code [0x0000024f804c2900, 0x0000024f804c2f28]
Event: 1.124 Thread 0x0000024f89796440 nmethod 1869 0x0000024f804c3888 code [0x0000024f804c3980, 0x0000024f804c4150]
Event: 1.124 Thread 0x0000024ff571a3e0 1876       1       java.lang.classfile.CodeBuilder::invoke (46 bytes)
Event: 1.124 Thread 0x0000024f8979f980 1877       1       jdk.internal.classfile.impl.DirectCodeBuilder::invoke (43 bytes)
Event: 1.125 Thread 0x0000024f89796440 1878       1       jdk.internal.event.ExceptionThrownEvent::enabled (2 bytes)
Event: 1.125 Thread 0x0000024f8979f980 nmethod 1877 0x0000024f804c4188 code [0x0000024f804c4280, 0x0000024f804c4758]
Event: 1.125 Thread 0x0000024ff571a3e0 nmethod 1876 0x0000024f804c4788 code [0x0000024f804c4880, 0x0000024f804c4e70]
Event: 1.125 Thread 0x0000024f89796440 nmethod 1878 0x0000024f804c4e88 code [0x0000024f804c4f80, 0x0000024f804c5028]
Event: 1.126 Thread 0x0000024ff571a3e0 1879       1       jdk.internal.classfile.impl.StackMapGenerator$Frame::setLocal (76 bytes)
Event: 1.126 Thread 0x0000024f8979f980 1880       1       jdk.internal.classfile.impl.StackMapGenerator$Frame::setLocalRawInternal (41 bytes)
Event: 1.126 Thread 0x0000024ff571a3e0 nmethod 1879 0x0000024f804c5488 code [0x0000024f804c5580, 0x0000024f804c57b0]
Event: 1.126 Thread 0x0000024f8979f980 nmethod 1880 0x0000024f804c5b08 code [0x0000024f804c5c00, 0x0000024f804c5e80]
Event: 1.127 Thread 0x0000024ff571a3e0 1883       1       jdk.internal.classfile.impl.AbstractPoolEntry$Utf8EntryImpl::equalsString (215 bytes)
Event: 1.127 Thread 0x0000024f8979f980 1884       1       jdk.internal.classfile.impl.BufWriterImpl::grow (33 bytes)
Event: 1.127 Thread 0x0000024f8979f980 nmethod 1884 0x0000024f804c5e88 code [0x0000024f804c5f80, 0x0000024f804c6300]
Event: 1.128 Thread 0x0000024ff571a3e0 nmethod 1883 0x0000024f804c6308 code [0x0000024f804c6400, 0x0000024f804c6d88]

GC Heap Usage History (0 events):
No events

Metaspace Usage History (0 events):
No events

Dll operation events (10 events):
Event: 0.096 Loaded shared library C:\Users\sharo\.jdks\openjdk-25.0.2\bin\java.dll
Event: 0.359 Loaded shared library C:\Users\sharo\.jdks\openjdk-25.0.2\bin\zip.dll
Event: 0.364 Loaded shared library C:\Users\sharo\.jdks\openjdk-25.0.2\bin\instrument.dll
Event: 0.373 Loaded shared library C:\Users\sharo\.jdks\openjdk-25.0.2\bin\net.dll
Event: 0.378 Loaded shared library C:\Users\sharo\.jdks\openjdk-25.0.2\bin\nio.dll
Event: 0.386 Loaded shared library C:\Users\sharo\.jdks\openjdk-25.0.2\bin\zip.dll
Event: 0.481 Loaded shared library C:\Users\sharo\.jdks\openjdk-25.0.2\bin\jimage.dll
Event: 0.623 Loaded shared library C:\Users\sharo\.jdks\openjdk-25.0.2\bin\extnet.dll
Event: 0.655 Loaded shared library C:\Users\sharo\.jdks\openjdk-25.0.2\bin\management.dll
Event: 0.681 Loaded shared library C:\Users\sharo\.jdks\openjdk-25.0.2\bin\management_ext.dll

Deoptimization events (0 events):
No events

Classes loaded (20 events):
Event: 1.107 Loading class java/lang/invoke/ClassSpecializer$Factory$1$4
Event: 1.107 Loading class java/lang/invoke/ClassSpecializer$Factory$1$4 done
Event: 1.107 Loading class java/lang/invoke/ClassSpecializer$Factory$1$5
Event: 1.107 Loading class java/lang/invoke/ClassSpecializer$Factory$1$5 done
Event: 1.108 Loading class java/lang/invoke/ClassSpecializer$Factory$1$5$1
Event: 1.108 Loading class java/lang/invoke/ClassSpecializer$Factory$1$5$1 done
Event: 1.119 Loading class sun/reflect/misc/MethodUtil
Event: 1.119 Loading class sun/reflect/misc/MethodUtil done
Event: 1.119 Loading class sun/reflect/misc/MethodUtil$1
Event: 1.120 Loading class java/security/PrivilegedExceptionAction
Event: 1.120 Loading class java/security/PrivilegedExceptionAction done
Event: 1.120 Loading class sun/reflect/misc/MethodUtil$1 done
Event: 1.120 Loading class java/security/AllPermissionCollection
Event: 1.120 Loading class java/security/AllPermissionCollection done
Event: 1.120 Loading class java/security/UnresolvedPermission
Event: 1.120 Loading class java/security/UnresolvedPermission done
Event: 1.121 Loading class java/lang/UnsupportedOperationException
Event: 1.121 Loading class java/lang/UnsupportedOperationException done
Event: 1.121 Loading class java/lang/IllegalAccessException
Event: 1.121 Loading class java/lang/IllegalAccessException done

Classes unloaded (0 events):
No events

Classes redefined (0 events):
No events

Internal exceptions (20 events):
Event: 0.980 Thread 0x0000024ff56fc1d0 Exception <a 'java/lang/NoSuchMethodError'{0x0000000719009c28}: 'java.lang.Object java.lang.invoke.DirectMethodHandle$Holder.invokeStaticInit(java.lang.Object, java.lang.Object, int, int, int, int)'> (0x0000000719009c28) 
thrown [s\open\src\hotspot\share\interpreter\linkResolver.cpp, line 804]
Event: 0.991 Thread 0x0000024ff5a9e5e0 Exception <a 'java/lang/NoSuchMethodError'{0x00000007190fbd68}: 'void java.lang.invoke.DirectMethodHandle$Holder.invokeSpecial(java.lang.Object, java.lang.Object, int)'> (0x00000007190fbd68) 
thrown [s\open\src\hotspot\share\interpreter\linkResolver.cpp, line 804]
Event: 0.992 Thread 0x0000024ff5a9e5e0 Exception <a 'java/lang/NoSuchMethodError'{0x00000007191039c0}: 'void java.lang.invoke.Invokers$Holder.invokeExact_MT(java.lang.Object, int, java.lang.Object)'> (0x00000007191039c0) 
thrown [s\open\src\hotspot\share\interpreter\linkResolver.cpp, line 804]
Event: 1.002 Thread 0x0000024ff5a9e5e0 Exception <a 'sun/nio/fs/WindowsException'{0x000000071912b780}> (0x000000071912b780) 
thrown [s\open\src\hotspot\share\prims\jni.cpp, line 516]
Event: 1.005 Thread 0x0000024ff56fc1d0 Exception <a 'java/lang/ClassNotFoundException'{0x0000000719020810}: javax/management/remote/rmi/RMIServerImpl_Skel> (0x0000000719020810) 
thrown [s\open\src\hotspot\share\classfile\systemDictionary.cpp, line 327]
Event: 1.005 Thread 0x0000024ff5a9e5e0 Exception <a 'sun/nio/fs/WindowsException'{0x00000007191310b8}> (0x00000007191310b8) 
thrown [s\open\src\hotspot\share\prims\jni.cpp, line 516]
Event: 1.010 Thread 0x0000024ff5a9e5e0 Exception <a 'sun/nio/fs/WindowsException'{0x00000007191339c0}> (0x00000007191339c0) 
thrown [s\open\src\hotspot\share\prims\jni.cpp, line 516]
Event: 1.023 Thread 0x0000024ff56fc1d0 Exception <a 'java/lang/NoSuchMethodError'{0x0000000719031fb0}: 'long java.lang.invoke.Invokers$Holder.invokeExact_MT(java.lang.Object, java.lang.Object)'> (0x0000000719031fb0) 
thrown [s\open\src\hotspot\share\interpreter\linkResolver.cpp, line 804]
Event: 1.071 Thread 0x0000024f8fad09c0 Exception <a 'java/lang/NoSuchMethodError'{0x0000000718d3d3f0}: static [B.<clinit>()V> (0x0000000718d3d3f0) 
thrown [s\open\src\hotspot\share\prims\jni.cpp, line 1106]
Event: 1.073 Thread 0x0000024f8fad09c0 Exception <a 'java/lang/NoSuchMethodError'{0x0000000718d3ed50}: 'java.lang.Object java.lang.invoke.DirectMethodHandle$Holder.invokeInterface(java.lang.Object, java.lang.Object, java.lang.Object)'> (0x0000000718d3ed50) 
thrown [s\open\src\hotspot\share\interpreter\linkResolver.cpp, line 804]
Event: 1.080 Thread 0x0000024f8fb50e10 Exception <a 'java/lang/NoSuchMethodError'{0x0000000718809f60}: 'java.lang.Object java.lang.invoke.DirectMethodHandle$Holder.invokeSpecial(java.lang.Object, java.lang.Object, java.lang.Object, java.lang.Object, long)'> (0x0000000718809f60) 
thrown [s\open\src\hotspot\share\interpreter\linkResolver.cpp, line 804]
Event: 1.082 Thread 0x0000024f8fb50e10 Exception <a 'java/lang/NoSuchMethodError'{0x0000000718819f80}: 'java.lang.Object java.lang.invoke.Invokers$Holder.linkToTargetMethod(java.lang.Object, long, java.lang.Object)'> (0x0000000718819f80) 
thrown [s\open\src\hotspot\share\interpreter\linkResolver.cpp, line 804]
Event: 1.082 Thread 0x0000024f8fad09c0 Exception <a 'java/lang/ClassNotFoundException'{0x0000000718d5f100}: javax/management/remote/rmi/RMIConnectionImpl_Skel> (0x0000000718d5f100) 
thrown [s\open\src\hotspot\share\classfile\systemDictionary.cpp, line 327]
Event: 1.091 Thread 0x0000024f8fad09c0 Exception <a 'java/lang/NoSuchMethodError'{0x0000000718d7cc50}: 'java.lang.Object java.lang.invoke.DirectMethodHandle$Holder.invokeInterface(java.lang.Object, java.lang.Object)'> (0x0000000718d7cc50) 
thrown [s\open\src\hotspot\share\interpreter\linkResolver.cpp, line 804]
Event: 1.101 Thread 0x0000024f8fad09c0 Exception <a 'java/lang/NoSuchMethodError'{0x0000000718dbd3a8}: 'int java.lang.invoke.DelegatingMethodHandle$Holder.reinvoke_L(java.lang.Object, java.lang.Object, java.lang.Object, java.lang.Object, java.lang.Object)'> (0x0000000718dbd3a8) 
thrown [s\open\src\hotspot\share\interpreter\linkResolver.cpp, line 804]
Event: 1.110 Thread 0x0000024f8fad09c0 Exception <a 'java/lang/NoSuchMethodError'{0x0000000718906eb8}: 'java.lang.Object java.lang.invoke.DirectMethodHandle$Holder.invokeStatic(java.lang.Object, java.lang.Object, java.lang.Object, java.lang.Object, java.lang.Object, java.lang.Object, java.lang.Object, java.lang.Object, java.lang.Object)'> (0x0000000718906eb8) 
thrown [s\open\src\hotspot\share\interpreter\linkResolver.cpp, line 804]
Event: 1.112 Thread 0x0000024f8fad09c0 Exception <a 'java/lang/NoSuchMethodError'{0x000000071891a3c0}: 'java.lang.Object java.lang.invoke.Invokers$Holder.invokeExact_MT(java.lang.Object, java.lang.Object, java.lang.Object, java.lang.Object, java.lang.Object, java.lang.Object)'> (0x000000071891a3c0) 
thrown [s\open\src\hotspot\share\interpreter\linkResolver.cpp, line 804]
Event: 1.116 Thread 0x0000024f8fad09c0 Exception <a 'java/lang/NoSuchMethodError'{0x0000000718926138}: 'java.lang.Object java.lang.invoke.DirectMethodHandle$Holder.invokeInterface(java.lang.Object, java.lang.Object, java.lang.Object, java.lang.Object, java.lang.Object)'> (0x0000000718926138) 
thrown [s\open\src\hotspot\share\interpreter\linkResolver.cpp, line 804]
Event: 1.123 Thread 0x0000024f8fad09c0 Exception <a 'java/lang/NoSuchMethodError'{0x0000000718970d30}: 'double java.lang.invoke.DirectMethodHandle$Holder.invokeInterface(java.lang.Object, java.lang.Object)'> (0x0000000718970d30) 
thrown [s\open\src\hotspot\share\interpreter\linkResolver.cpp, line 804]
Event: 1.125 Thread 0x0000024f8fad09c0 Exception <a 'java/lang/NoSuchMethodError'{0x0000000718981a30}: 'double java.lang.invoke.DelegatingMethodHandle$Holder.reinvoke_L(java.lang.Object, java.lang.Object)'> (0x0000000718981a30) 
thrown [s\open\src\hotspot\share\interpreter\linkResolver.cpp, line 804]

VM Operations (18 events):
Event: 0.340 Executing non-safepoint VM operation: HandshakeAllThreads (Deoptimize)
Event: 0.340 Executing non-safepoint VM operation: HandshakeAllThreads (Deoptimize) done
Event: 0.493 Executing non-safepoint VM operation: HandshakeAllThreads (Deoptimize)
Event: 0.493 Executing non-safepoint VM operation: HandshakeAllThreads (Deoptimize) done
Event: 0.641 Executing non-safepoint VM operation: HandshakeAllThreads (Deoptimize)
Event: 0.641 Executing non-safepoint VM operation: HandshakeAllThreads (Deoptimize) done
Event: 0.698 Executing non-safepoint VM operation: HandshakeAllThreads (Deoptimize)
Event: 0.699 Executing non-safepoint VM operation: HandshakeAllThreads (Deoptimize) done
Event: 0.919 Executing non-safepoint VM operation: HandshakeAllThreads (Deoptimize)
Event: 0.919 Executing non-safepoint VM operation: HandshakeAllThreads (Deoptimize) done
Event: 0.997 Executing non-safepoint VM operation: HandshakeAllThreads (Deoptimize)
Event: 0.997 Executing non-safepoint VM operation: HandshakeAllThreads (Deoptimize) done
Event: 0.998 Executing non-safepoint VM operation: HandshakeAllThreads (Deoptimize)
Event: 0.999 Executing non-safepoint VM operation: HandshakeAllThreads (Deoptimize) done
Event: 1.048 Executing safepoint VM operation: JFRSafepointClear
Event: 1.048 Executing safepoint VM operation: JFRSafepointClear done
Event: 1.081 Executing non-safepoint VM operation: HandshakeAllThreads (Deoptimize)
Event: 1.081 Executing non-safepoint VM operation: HandshakeAllThreads (Deoptimize) done

Memory protections (0 events):
No events

Nmethod flushes (0 events):
No events

Events (19 events):
Event: 0.118 Thread 0x0000024ff5a9e5e0 Thread added: 0x0000024ff5a9e5e0
Event: 0.136 Thread 0x0000024ff5a9e5e0 Thread added: 0x0000024ff56f9420
Event: 0.136 Thread 0x0000024ff5a9e5e0 Thread added: 0x0000024ff56f9be0
Event: 0.136 Thread 0x0000024ff5a9e5e0 Thread added: 0x0000024ff56fa910
Event: 0.136 Thread 0x0000024ff5a9e5e0 Thread added: 0x0000024ff56fc1d0
Event: 0.137 Thread 0x0000024ff5a9e5e0 Thread added: 0x0000024ff5704e60
Event: 0.137 Thread 0x0000024ff5a9e5e0 Thread added: 0x0000024ff5713870
Event: 0.137 Thread 0x0000024ff5a9e5e0 Thread added: 0x0000024ff571a3e0
Event: 0.340 Thread 0x0000024ff571a3e0 Thread added: 0x0000024f89796440
Event: 0.341 Thread 0x0000024ff571a3e0 Thread added: 0x0000024f8979f980
Event: 0.369 Thread 0x0000024ff5a9e5e0 Thread added: 0x0000024ff570c6c0
Event: 0.584 Thread 0x0000024ff5a9e5e0 Thread added: 0x0000024ff570bef0
Event: 0.671 Thread 0x0000024ff5a9e5e0 Thread added: 0x0000024ff570e600
Event: 0.822 Thread 0x0000024f8979f980 Thread added: 0x0000024f8e5ca680
Event: 0.995 Thread 0x0000024ff5a9e5e0 Thread added: 0x0000024f8fad1960
Event: 1.017 Thread 0x0000024ff56fc1d0 Thread added: 0x0000024f8facf250
Event: 1.042 Thread 0x0000024f8facf250 Thread added: 0x0000024f8fad09c0
Event: 1.070 Thread 0x0000024f8fad09c0 Thread added: 0x0000024f8fb515e0
Event: 1.078 Thread 0x0000024f8fad09c0 Thread added: 0x0000024f8fb50e10


Dynamic libraries:
0x00007ff7ed0c0000 - 0x00007ff7ed0ce000 	C:\Users\sharo\.jdks\openjdk-25.0.2\bin\java.exe
0x00007fff2d260000 - 0x00007fff2d4c7000 	C:\WINDOWS\SYSTEM32\ntdll.dll
0x00007fff2cb60000 - 0x00007fff2cc29000 	C:\WINDOWS\System32\KERNEL32.DLL
0x00007fff29bc0000 - 0x00007fff29fb4000 	C:\WINDOWS\System32\KERNELBASE.dll
0x00007fff2a1d0000 - 0x00007fff2a31b000 	C:\WINDOWS\System32\ucrtbase.dll
0x00007fff19930000 - 0x00007fff19947000 	C:\Users\sharo\.jdks\openjdk-25.0.2\bin\jli.dll
0x00007fff1a640000 - 0x00007fff1a65e000 	C:\Users\sharo\.jdks\openjdk-25.0.2\bin\VCRUNTIME140.dll
0x00007fff2b3d0000 - 0x00007fff2b595000 	C:\WINDOWS\System32\USER32.dll
0x00007fff0fe60000 - 0x00007fff100f3000 	C:\WINDOWS\WinSxS\amd64_microsoft.windows.common-controls_6595b64144ccf1df_6.0.26100.8115_none_3e075c82e3354f9c\COMCTL32.dll
0x00007fff2a1a0000 - 0x00007fff2a1c7000 	C:\WINDOWS\System32\win32u.dll
0x00007fff2cc40000 - 0x00007fff2cce9000 	C:\WINDOWS\System32\msvcrt.dll
0x00007fff2b6a0000 - 0x00007fff2b6cb000 	C:\WINDOWS\System32\GDI32.dll
0x00007fff2a070000 - 0x00007fff2a19b000 	C:\WINDOWS\System32\gdi32full.dll
0x00007fff2ab90000 - 0x00007fff2ac33000 	C:\WINDOWS\System32\msvcp_win.dll
0x00007fff2b0e0000 - 0x00007fff2b112000 	C:\WINDOWS\System32\IMM32.DLL
0x00007fff1a630000 - 0x00007fff1a63c000 	C:\Users\sharo\.jdks\openjdk-25.0.2\bin\vcruntime140_1.dll
0x00007fff08550000 - 0x00007fff085dd000 	C:\Users\sharo\.jdks\openjdk-25.0.2\bin\msvcp140.dll
0x00007ffe820a0000 - 0x00007ffe82eff000 	C:\Users\sharo\.jdks\openjdk-25.0.2\bin\server\jvm.dll
0x00007fff2b310000 - 0x00007fff2b3c6000 	C:\WINDOWS\System32\ADVAPI32.dll
0x00007fff2d170000 - 0x00007fff2d217000 	C:\WINDOWS\System32\sechost.dll
0x00007fff2bf40000 - 0x00007fff2c058000 	C:\WINDOWS\System32\RPCRT4.dll
0x00007fff2cfb0000 - 0x00007fff2d030000 	C:\WINDOWS\System32\WS2_32.dll
0x00007fff29990000 - 0x00007fff299ee000 	C:\WINDOWS\SYSTEM32\POWRPROF.dll
0x00007fff1f2e0000 - 0x00007fff1f316000 	C:\WINDOWS\SYSTEM32\WINMM.dll
0x00007fff1ea20000 - 0x00007fff1ea2b000 	C:\WINDOWS\SYSTEM32\VERSION.dll
0x00007fff29970000 - 0x00007fff29984000 	C:\WINDOWS\SYSTEM32\UMPDC.dll
0x00007fff288c0000 - 0x00007fff288db000 	C:\WINDOWS\SYSTEM32\kernel.appcore.dll
0x00007fff18880000 - 0x00007fff1888a000 	C:\Users\sharo\.jdks\openjdk-25.0.2\bin\jimage.dll
0x00007fff1f460000 - 0x00007fff1f6a2000 	C:\WINDOWS\SYSTEM32\DBGHELP.DLL
0x00007fff2c7d0000 - 0x00007fff2cb52000 	C:\WINDOWS\System32\combase.dll
0x00007fff2be60000 - 0x00007fff2bf38000 	C:\WINDOWS\System32\OLEAUT32.dll
0x00007fff1d5a0000 - 0x00007fff1d5db000 	C:\WINDOWS\SYSTEM32\dbgcore.DLL
0x00007fff29fc0000 - 0x00007fff2a065000 	C:\WINDOWS\System32\bcryptPrimitives.dll
0x00007fff0b270000 - 0x00007fff0b280000 	C:\Users\sharo\.jdks\openjdk-25.0.2\bin\instrument.dll
0x00007fff18580000 - 0x00007fff1859f000 	C:\Users\sharo\.jdks\openjdk-25.0.2\bin\java.dll
0x00007fff2b830000 - 0x00007fff2b9c7000 	C:\WINDOWS\System32\ole32.dll
0x00007fff2c060000 - 0x00007fff2c7c7000 	C:\WINDOWS\System32\SHELL32.dll
0x00007fff2ae80000 - 0x00007fff2afea000 	C:\WINDOWS\System32\wintypes.dll
0x00007ffebec80000 - 0x00007ffebee78000 	C:\Users\sharo\AppData\Local\Temp\idea_libasyncProfiler_dll_temp_folder1\libasyncProfiler.dll
0x00007fff2a320000 - 0x00007fff2ab88000 	C:\WINDOWS\System32\windows.storage.dll
0x00007fff2b5a0000 - 0x00007fff2b698000 	C:\WINDOWS\System32\SHCORE.dll
0x00007fff2ccf0000 - 0x00007fff2cd56000 	C:\WINDOWS\System32\shlwapi.dll
0x00007fff29a50000 - 0x00007fff29a79000 	C:\WINDOWS\SYSTEM32\profapi.dll
0x00007fff0bf80000 - 0x00007fff0bf97000 	C:\Users\sharo\.jdks\openjdk-25.0.2\bin\zip.dll
0x00007fff0c220000 - 0x00007fff0c232000 	C:\Users\sharo\.jdks\openjdk-25.0.2\bin\net.dll
0x00007fff28e30000 - 0x00007fff28e9c000 	C:\WINDOWS\system32\mswsock.dll
0x00007fff0c200000 - 0x00007fff0c216000 	C:\Users\sharo\.jdks\openjdk-25.0.2\bin\nio.dll
0x00007fff0c000000 - 0x00007fff0c009000 	C:\Users\sharo\.jdks\openjdk-25.0.2\bin\extnet.dll
0x00007fff282e0000 - 0x00007fff28412000 	C:\WINDOWS\SYSTEM32\DNSAPI.dll
0x00007fff282a0000 - 0x00007fff282d2000 	C:\WINDOWS\SYSTEM32\IPHLPAPI.DLL
0x00007fff2b300000 - 0x00007fff2b30a000 	C:\WINDOWS\System32\NSI.dll
0x00007fff1c370000 - 0x00007fff1c37b000 	C:\Windows\System32\rasadhlp.dll
0x00007fff23820000 - 0x00007fff238a6000 	C:\WINDOWS\System32\fwpuclnt.dll
0x00007fff0b990000 - 0x00007fff0b99a000 	C:\Users\sharo\.jdks\openjdk-25.0.2\bin\management.dll
0x00007fff0b960000 - 0x00007fff0b96c000 	C:\Users\sharo\.jdks\openjdk-25.0.2\bin\management_ext.dll
0x00007fff2b0d0000 - 0x00007fff2b0d8000 	C:\WINDOWS\System32\PSAPI.DLL
0x00007fff29110000 - 0x00007fff2912b000 	C:\WINDOWS\SYSTEM32\CRYPTSP.dll
0x00007fff28820000 - 0x00007fff28859000 	C:\WINDOWS\system32\rsaenh.dll
0x00007fff28ee0000 - 0x00007fff28f13000 	C:\WINDOWS\SYSTEM32\USERENV.dll
0x00007fff29a20000 - 0x00007fff29a4a000 	C:\WINDOWS\SYSTEM32\bcrypt.dll
0x00007fff29130000 - 0x00007fff2913c000 	C:\WINDOWS\SYSTEM32\CRYPTBASE.dll
0x00007ffef8620000 - 0x00007ffef8638000 	C:\WINDOWS\system32\napinsp.dll
0x00007ffef8600000 - 0x00007ffef8613000 	C:\WINDOWS\System32\winrnr.dll
0x00007ffef6dc0000 - 0x00007ffef6de2000 	C:\WINDOWS\system32\nlansp_c.dll
0x00007fff1c350000 - 0x00007fff1c366000 	C:\WINDOWS\system32\wshbth.dll
0x00007fff1be10000 - 0x00007fff1be66000 	C:\WINDOWS\SYSTEM32\pdh.dll

JVMTI agents:
C:\Program Files\JetBrains\IntelliJ IDEA 2025.1.1.1\lib\idea_rt.jar path:C:\Users\sharo\.jdks\openjdk-25.0.2\bin\instrument.dll, loaded, initialized, instrumentlib options:51893
C:\Users\sharo\AppData\Local\Temp\idea_libasyncProfiler_dll_temp_folder1\libasyncProfiler.dll path:C:\Users\sharo\AppData\Local\Temp\idea_libasyncProfiler_dll_temp_folder1\libasyncProfiler.dll, loaded, initialized, options:start,jfr,event=wall,interval=10ms,jfrsync=profile,cstack=no,file=C:\Users\sharo\IdeaSnapshots\KnowlyBackApplication_2026_04_27_181435.jfr,dbghelppath=C:\Users\sharo\AppData\Local\Temp\idea_dbghelp_dll_temp_folder\dbghelp.dll,log=C:\Users\sharo\AppData\Local\Temp\KnowlyBackApplication_2026_04_27_181435.jfr.log.txt,logLevel=DEBUG

dbghelp: loaded successfully - version: 4.0.5 - missing functions: none
symbol engine: initialized successfully - sym options: 0x614 - pdb path: .;C:\Users\sharo\.jdks\openjdk-25.0.2\bin;C:\WINDOWS\SYSTEM32;C:\WINDOWS\WinSxS\amd64_microsoft.windows.common-controls_6595b64144ccf1df_6.0.26100.8115_none_3e075c82e3354f9c;C:\Users\sharo\.jdks\openjdk-25.0.2\bin\server;C:\Users\sharo\AppData\Local\Temp\idea_libasyncProfiler_dll_temp_folder1

VM Arguments:
jvm_args: --enable-preview -XX:TieredStopAtLevel=1 -Dspring.output.ansi.enabled=always -Dcom.sun.management.jmxremote -Dspring.jmx.enabled=true -Dspring.liveBeansView.mbeanDomain -Dspring.application.admin.enabled=true -Dmanagement.endpoints.jmx.exposure.include=* -javaagent:C:\Program Files\JetBrains\IntelliJ IDEA 2025.1.1.1\lib\idea_rt.jar=51893 -agentpath:C:\Users\sharo\AppData\Local\Temp\idea_libasyncProfiler_dll_temp_folder1\libasyncProfiler.dll=start,jfr,event=wall,interval=10ms,jfrsync=profile,cstack=no,file=C:\Users\sharo\IdeaSnapshots\KnowlyBackApplication_2026_04_27_181435.jfr,dbghelppath=C:\Users\sharo\AppData\Local\Temp\idea_dbghelp_dll_temp_folder\dbghelp.dll,log=C:\Users\sharo\AppData\Local\Temp\KnowlyBackApplication_2026_04_27_181435.jfr.log.txt,logLevel=DEBUG -Dfile.encoding=UTF-8 -Dsun.stdout.encoding=UTF-8 -Dsun.stderr.encoding=UTF-8 
java_command: com.proyecto.knowly_back.KnowlyBackApplication
java_class_path (initial): C:\Users\sharo\knowly_back\target\classes;C:\Users\sharo\.m2\repository\org\springframework\boot\spring-boot-h2console\4.0.3\spring-boot-h2console-4.0.3.jar;C:\Users\sharo\.m2\repository\org\springframework\boot\spring-boot\4.0.3\spring-boot-4.0.3.jar;C:\Users\sharo\.m2\repository\org\springframework\spring-core\7.0.5\spring-core-7.0.5.jar;C:\Users\sharo\.m2\repository\commons-logging\commons-logging\1.3.5\commons-logging-1.3.5.jar;C:\Users\sharo\.m2\repository\org\springframework\spring-context\7.0.5\spring-context-7.0.5.jar;C:\Users\sharo\.m2\repository\org\springframework\spring-aop\7.0.5\spring-aop-7.0.5.jar;C:\Users\sharo\.m2\repository\org\springframework\spring-beans\7.0.5\spring-beans-7.0.5.jar;C:\Users\sharo\.m2\repository\org\springframework\spring-expression\7.0.5\spring-expression-7.0.5.jar;C:\Users\sharo\.m2\repository\io\micrometer\micrometer-observation\1.16.3\micrometer-observation-1.16.3.jar;C:\Users\sharo\.m2\repository\io\micrometer\micrometer-commons\1.16.3\micrometer-commons-1.16.3.jar;C:\Users\sharo\.m2\repository\jakarta\servlet\jakarta.servlet-api\6.1.0\jakarta.servlet-api-6.1.0.jar;C:\Users\sharo\.m2\repository\org\springframework\boot\spring-boot-starter-data-jpa\4.0.3\spring-boot-starter-data-jpa-4.0.3.jar;C:\Users\sharo\.m2\repository\org\springframework\boot\spring-boot-starter\4.0.3\spring-boot-starter-4.0.3.jar;C:\Users\sharo\.m2\repository\org\springframework\boot\spring-boot-starter-logging\4.0.3\spring-boot-starter-logging-4.0.3.jar;C:\Users\sharo\.m2\repository\ch\qos\logback\logback-classic\1.5.32\logback-classic-1.5.32.jar;C:\Users\sharo\.m2\repository\ch\qos\logback\logback-core\1.5.32\logback-core-1.5.32.jar;C:\Users\sharo\.m2\repository\org\apache\logging\log4j\log4j-to-slf4j\2.25.3\log4j-to-slf4j-2.25.3.jar;C:\Users\sharo\.m2\repository\org\apache\logging\log4j\log4j-api\2.25.3\log4j-api-2.25.3.jar;C:\Users\sharo\.m2\repository\org\slf4j\jul-to-slf4j\2.0.17\jul-to-slf4j-2.0.17.jar;C:\Users\sharo\.m2\repository\jakarta\annotation\jakarta.annotation-api\3.0.0\jakarta.annotation-api-3.0.0.jar;C:\Users\sharo\.m2\repository\org\yaml\snakeyaml\2.5\snakeyaml-2.5.jar;C:\Users\sharo\.m2\repository\org\springframework\boot\spring-boot-starter-jdbc\4.0.3\spring-boot-starter-jdbc-4.0.3.jar;C:\Users\sharo\.m2\repository\com\zaxxer\HikariCP\7.0.2\HikariCP-7.0.2.jar;C:\Users\sharo\.m2\repository\org\slf4j\slf4j-api\2.0.17\slf4j-api-2.0.17.jar;C:\Users\sharo\.m2\repository\org\springframework\boot\spring-boot-data-jpa\4.0.3\spring-boot-data-jpa-4.0.3.jar;C:\Users\sharo\.m2\repository\org\springframework\boot\spring-boot-data-commons\4.0.3\spring-boot-data-commons-4.0.3.jar;C:\Users\sharo\.m2\repository\org\springframework\boot\spring-boot-persistence\4.0.3\spring-boot-persistence-4.0.3.jar;C:\Users\sharo\.m2\repository\org\springframework\data\spring-data-commons\4.0.3\spring-data-commons-4.0.3.jar;C:\Users\sharo\.m2\repository\org\springframework\boot\spring-boot-hibernate\4.0.3\spring-boot-hibernate-4.0.3.jar;C:\Users\sharo\.m2\repository\org\springframework\boot\spring-boot-jpa\4.0.3\spring-boot-jpa-4.0.3.jar;C:\Users\sharo\.m2\repository\jakarta\persistence\jakarta.persistence-api\3.2.0\jakarta.persistence-api-3.2.0.jar;C:\Users\sharo\.m2\repository\org\hibernate\orm\hibernate-core\7.2.4.Final\hibernate-core-7.2.4.Final.jar;C:\Users\sharo\.m2\repository\jakarta\transaction\jakarta.transaction-api\2.0.1\jakarta.transaction-api-2.0.1.jar;C:\Users\sharo\.m2\repository\org\jboss\logging\jboss-logging\3.6.2.Final\jboss-logging-3.6.2.Final.jar;C:\Users\sharo\.m2\repository\org\hibernate\models\hibernate-models\1.0.1\hibernate-models-1.0.1.jar;C:\Users\sharo\.m2\repository\com\fasterxml\classmate\1.7.3\classmate-1.7.3.jar;C:\Users\sharo\.m2\repository\jakarta\inject\jakarta.inject-api\2.0.1\jakarta.inject-api-2.0.1.jar;C:\Users\sharo\.m2\repository\org\springframework\spring-orm\7.0.5\spring-orm-7.0.5.jar;C:\Users\sharo\.m2\repository\org\springframework\data\spring-data-jpa\4.0.3\spring-data-jpa-4.0.3.jar;C:\Users\sharo\.m2\repository\org\springframework\spring-tx\7.0.5\spring-tx-7.0.5.jar;C:\Users\sharo\.m2\repository\org\antlr\antlr4-runtime\4.13.2\antlr4-runtime-4.13.2.jar;C:\Users\sharo\.m2\repository\org\springframework\spring-aspects\7.0.5\spring-aspects-7.0.5.jar;C:\Users\sharo\.m2\repository\org\aspectj\aspectjweaver\1.9.25.1\aspectjweaver-1.9.25.1.jar;C:\Users\sharo\.m2\repository\org\springframework\boot\spring-boot-jdbc\4.0.3\spring-boot-jdbc-4.0.3.jar;C:\Users\sharo\.m2\repository\org\springframework\boot\spring-boot-sql\4.0.3\spring-boot-sql-4.0.3.jar;C:\Users\sharo\.m2\repository\org\springframework\boot\spring-boot-transaction\4.0.3\spring-boot-transaction-4.0.3.jar;C:\Users\sharo\.m2\repository\org\springframework\spring-jdbc\7.0.5\spring-jdbc-7.0.5.jar;C:\Users\sharo\.m2\repository\org\springframework\boot\spring-boot-starter-webclient\4.0.3\spring-boot-starter-webclient-4.0.3.jar;C:\Users\sharo\.m2\repository\org\springframework\boot\spring-boot-starter-jackson\4.0.3\spring-boot-starter-jackson-4.0.3.jar;C:\Users\sharo\.m2\repository\org\springframework\boot\spring-boot-jackson\4.0.3\spring-boot-jackson-4.0.3.jar;C:\Users\sharo\.m2\repository\tools\jackson\core\jackson-databind\3.0.4\jackson-databind-3.0.4.jar;C:\Users\sharo\.m2\repository\com\fasterxml\jackson\core\jackson-annotations\2.20\jackson-annotations-2.20.jar;C:\Users\sharo\.m2\repository\tools\jackson\core\jackson-core\3.0.4\jackson-core-3.0.4.jar;C:\Users\sharo\.m2\repository\org\springframework\boot\spring-boot-webclient\4.0.3\spring-boot-webclient-4.0.3.jar;C:\Users\sharo\.m2\repository\org\springframework\boot\spring-boot-http-client\4.0.3\spring-boot-http-client-4.0.3.jar;C:\Users\sharo\.m2\repository\org\springframework\spring-web\7.0.5\spring-web-7.0.5.jar;C:\Users\sharo\.m2\repository\org\springframework\spring-webflux\7.0.5\spring-webflux-7.0.5.jar;C:\Users\sharo\.m2\repository\org\springframework\boot\spring-boot-http-codec\4.0.3\spring-boot-http-codec-4.0.3.jar;C:\Users\sharo\.m2\repository\io\projectreactor\netty\reactor-netty-http\1.3.3\reactor-netty-http-1.3.3.jar;C:\Users\sharo\.m2\repository\io\netty\netty-codec-http\4.2.10.Final\netty-codec-http-4.2.10.Final.jar;C:\Users\sharo\.m2\repository\io\netty\netty-common\4.2.10.Final\netty-common-4.2.10.Final.jar;C:\Users\sharo\.m2\repository\io\netty\netty-buffer\4.2.10.Final\netty-buffer-4.2.10.Final.jar;C:\Users\sharo\.m2\repository\io\netty\netty-transport\4.2.10.Final\netty-transport-4.2.10.Final.jar;C:\Users\sharo\.m2\repository\io\netty\netty-codec-base\4.2.10.Final\netty-codec-base-4.2.10.Final.jar;C:\Users\sharo\.m2\repository\io\netty\netty-codec-compression\4.2.10.Final\netty-codec-compression-4.2.10.Final.jar;C:\Users\sharo\.m2\repository\io\netty\netty-handler\4.2.10.Final\netty-handler-4.2.10.Final.jar;C:\Users\sharo\.m2\repository\io\netty\netty-codec-http2\4.2.10.Final\netty-codec-http2-4.2.10.Final.jar;C:\Users\sharo\.m2\repository\io\netty\netty-codec-http3\4.2.10.Final\netty-codec-http3-4.2.10.Final.jar;C:\Users\sharo\.m2\repository\io\netty\netty-transport-native-unix-common\4.2.10.Final\netty-transport-native-unix-common-4.2.10.Final.jar;C:\Users\sharo\.m2\repository\io\netty\netty-resolver\4.2.10.Final\netty-resolver-4.2.10.Final.jar;C:\Users\sharo\.m2\repository\io\netty\netty-codec-classes-quic\4.2.10.Final\netty-codec-classes-quic-4.2.10.Final.jar;C:\Users\sharo\.m2\repository\io\netty\netty-codec-native-quic\4.2.10.Final\netty-codec-native-quic-4.2.10.Final-linux-x86_64.jar;C:\Users\sharo\.m2\repository\io\netty\netty-codec-native-quic\4.2.10.Final\netty-codec-native-quic-4.2.10.Final-linux-aarch_64.jar;C:\Users\sharo\.m2\repository\io\netty\netty-codec-native-quic\4.2.10.Final\netty-codec-native-quic-4.2.10.Final-osx-x86_64.jar;C:\Users\sharo\.m2\repository\io\netty\netty-codec-native-quic\4.2.10.Final\netty-codec-native-quic-4.2.10.Final-osx-aarch_64.jar;C:\Users\sharo\.m2\repository\io\netty\netty-codec-native-quic\4.2.10.Final\netty-codec-native-quic-4.2.10.Final-windows-x86_64.jar;C:\Users\sharo\.m2\repository\io\netty\netty-resolver-dns\4.2.10.Final\netty-resolver-dns-4.2.10.Final.jar;C:\Users\sharo\.m2\repository\io\netty\netty-codec-dns\4.2.10.Final\netty-codec-dns-4.2.10.Final.jar;C:\Users\sharo\.m2\repository\io\netty\netty-resolver-dns-native-macos\4.2.10.Final\netty-resolver-dns-native-macos-4.2.10.Final-osx-x86_64.jar;C:\Users\sharo\.m2\repository\io\netty\netty-resolver-dns-classes-macos\4.2.10.Final\netty-resolver-dns-classes-macos-4.2.10.Final.jar;C:\Users\sharo\.m2\repository\io\netty\netty-transport-native-epoll\4.2.10.Final\netty-transport-native-epoll-4.2.10.Final-linux-x86_64.jar;C:\Users\sharo\.m2\repository\io\netty\netty-transport-classes-epoll\4.2.10.Final\netty-transport-classes-epoll-4.2.10.Final.jar;C:\Users\sharo\.m2\repository\io\projectreactor\netty\reactor-netty-core\1.3.3\reactor-netty-core-1.3.3.jar;C:\Users\sharo\.m2\repository\io\netty\netty-handler-proxy\4.2.10.Final\netty-handler-proxy-4.2.10.Final.jar;C:\Users\sharo\.m2\repository\io\netty\netty-codec-socks\4.2.10.Final\netty-codec-socks-4.2.10.Final.jar;C:\Users\sharo\.m2\repository\io\projectreactor\reactor-core\3.8.3\reactor-core-3.8.3.jar;C:\Users\sharo\.m2\repository\org\reactivestreams\reactive-streams\1.0.4\reactive-streams-1.0.4.jar;C:\Users\sharo\.m2\repository\org\jspecify\jspecify\1.0.0\jspecify-1.0.0.jar;C:\Users\sharo\.m2\repository\org\springframework\boot\spring-boot-starter-webservices\4.0.3\spring-boot-starter-webservices-4.0.3.jar;C:\Users\sharo\.m2\repository\org\springframework\boot\spring-boot-starter-webmvc\4.0.3\spring-boot-starter-webmvc-4.0.3.jar;C:\Users\sharo\.m2\repository\org\springframework\boot\spring-boot-starter-tomcat\4.0.3\spring-boot-starter-tomcat-4.0.3.jar;C:\Users\sharo\.m2\repository\org\springframework\boot\spring-boot-starter-tomcat-runtime\4.0.3\spring-boot-starter-tomcat-runtime-4.0.3.jar;C:\Users\sharo\.m2\repository\org\apache\tomcat\embed\tomcat-embed-core\11.0.18\tomcat-embed-core-11.0.18.jar;C:\Users\sharo\.m2\repository\org\apache\tomcat\embed\tomcat-embed-el\11.0.18\tomcat-embed-el-11.0.18.jar;C:\Users\sharo\.m2\repository\org\apache\tomcat\embed\tomcat-embed-websocket\11.0.18\tomcat-embed-websocket-11.0.18.jar;C:\Users\sharo\.m2\repository\org\springframework\boot\spring-boot-tomcat\4.0.3\spring-boot-tomcat-4.0.3.jar;C:\Users\sharo\.m2\repository\org\springframework\boot\spring-boot-http-converter\4.0.3\spring-boot-http-converter-4.0.3.jar;C:\Users\sharo\.m2\repository\org\springframework\boot\spring-boot-webmvc\4.0.3\spring-boot-webmvc-4.0.3.jar;C:\Users\sharo\.m2\repository\org\springframework\boot\spring-boot-servlet\4.0.3\spring-boot-servlet-4.0.3.jar;C:\Users\sharo\.m2\repository\org\springframework\spring-webmvc\7.0.5\spring-webmvc-7.0.5.jar;C:\Users\sharo\.m2\repository\org\springframework\boot\spring-boot-webservices\4.0.3\spring-boot-webservices-4.0.3.jar;C:\Users\sharo\.m2\repository\org\springframework\spring-oxm\7.0.5\spring-oxm-7.0.5.jar;C:\Users\sharo\.m2\repository\org\springframework\ws\spring-ws-core\5.0.0\spring-ws-core-5.0.0.jar;C:\Users\sharo\.m2\repository\org\springframework\ws\spring-xml\5.0.0\spring-xml-5.0.0.jar;C:\Users\sharo\.m2\repository\org\glassfish\jaxb\jaxb-runtime\4.0.6\jaxb-runtime-4.0.6.jar;C:\Users\sharo\.m2\repository\org\glassfish\jaxb\jaxb-core\4.0.6\jaxb-core-4.0.6.jar;C:\Users\sharo\.m2\repository\org\glassfish\jaxb\txw2\4.0.6\txw2-4.0.6.jar;C:\Users\sharo\.m2\repository\com\sun\istack\istack-commons-runtime\4.1.2\istack-commons-runtime-4.1.2.jar;C:\Users\sharo\.m2\repository\com\sun\xml\messaging\saaj\saaj-impl\3.0.4\saaj-impl-3.0.4.jar;C:\Users\sharo\.m2\repository\jakarta\xml\soap\jakarta.xml.soap-api\3.0.2\jakarta.xml.soap-api-3.0.2.jar;C:\Users\sharo\.m2\repository\org\jvnet\staxex\stax-ex\2.1.0\stax-ex-2.1.0.jar;C:\Users\sharo\.m2\repository\jakarta\activation\jakarta.activation-api\2.1.4\jakarta.activation-api-2.1.4.jar;C:\Users\sharo\.m2\repository\org\eclipse\angus\angus-activation\2.0.2\angus-activation-2.0.2.jar;C:\Users\sharo\.m2\repository\jakarta\xml\ws\jakarta.xml.ws-api\4.0.2\jakarta.xml.ws-api-4.0.2.jar;C:\Users\sharo\.m2\repository\jakarta\xml\bind\jakarta.xml.bind-api\4.0.4\jakarta.xml.bind-api-4.0.4.jar;C:\Users\sharo\.m2\repository\org\springframework\boot\spring-boot-devtools\4.0.3\spring-boot-devtools-4.0.3.jar;C:\Users\sharo\.m2\repository\org\springframework\boot\spring-boot-autoconfigure\4.0.3\spring-boot-autoconfigure-4.0.3.jar;C:\Users\sharo\.m2\repository\com\h2database\h2\2.4.240\h2-2.4.240.jar;C:\Users\sharo\.m2\repository\com\microsoft\sqlserver\mssql-jdbc\13.2.1.jre11\mssql-jdbc-13.2.1.jre11.jar;C:\Users\sharo\.m2\repository\com\mysql\mysql-connector-j\9.6.0\mysql-connector-j-9.6.0.jar;C:\Users\sharo\.m2\repository\net\bytebuddy\byte-buddy\1.17.8\byte-buddy-1.17.8.jar;C:\Users\sharo\.m2\repository\org\springframework\boot\spring-boot-web-server\4.0.3\spring-boot-web-server-4.0.3.jar
Launcher Type: SUN_STANDARD

[Global flags]
     intx CICompilerCount                          = 4                                         {product} {ergonomic}
     uint ConcGCThreads                            = 2                                         {product} {ergonomic}
     bool FlightRecorder                           = true                                      {product} {management}
     uint G1ConcRefinementThreads                  = 8                                         {product} {ergonomic}
   size_t G1HeapRegionSize                         = 2097152                                   {product} {ergonomic}
   size_t InitialHeapSize                          = 257949696                                 {product} {ergonomic}
     bool ManagementServer                         = true                                      {product} {command line}
   size_t MarkStackSize                            = 4194304                                   {product} {ergonomic}
   size_t MarkStackSizeMax                         = 536870912                                 {product} {ergonomic}
   size_t MaxHeapSize                              = 4102029312                                {product} {ergonomic}
   size_t MaxNewSize                               = 2459959296                                {product} {ergonomic}
   size_t MinHeapDeltaBytes                        = 2097152                                   {product} {ergonomic}
   size_t MinHeapSize                              = 8388608                                   {product} {ergonomic}
    uintx NonNMethodCodeHeapSize                   = 4096                                   {pd product} {ergonomic}
    uintx NonProfiledCodeHeapSize                  = 0                                      {pd product} {ergonomic}
     bool ProfileInterpreter                       = false                                  {pd product} {command line}
    uintx ProfiledCodeHeapSize                     = 0                                      {pd product} {ergonomic}
   size_t SoftMaxHeapSize                          = 4102029312                             {manageable} {ergonomic}
     intx TieredStopAtLevel                        = 1                                         {product} {command line}
     bool UseCompressedOops                        = true                           {product lp64_product} {ergonomic}
     bool UseG1GC                                  = true                                      {product} {ergonomic}
     bool UseLargePagesIndividualAllocation        = false                                  {pd product} {ergonomic}

Logging:
Log output configuration:
 #0: stdout all=warning uptime,level,tags foldmultilines=false
 #1: stderr all=off uptime,level,tags foldmultilines=false

Release file:
<release file has not been read>
Environment Variables:
PATH=C:\Program Files\Common Files\Oracle\Java\javapath;C:\WINDOWS\system32;C:\WINDOWS;C:\WINDOWS\System32\Wbem;C:\WINDOWS\System32\WindowsPowerShell\v1.0\;C:\WINDOWS\System32\OpenSSH\;C:\Program Files (x86)\Microsoft SQL Server\160\Tools\Binn\;C:\Program Files\Microsoft SQL Server\160\Tools\Binn\;C:\Program Files\Microsoft SQL Server\Client SDK\ODBC\170\Tools\Binn\;C:\Program Files\Microsoft SQL Server\160\DTS\Binn\;C:\Program Files (x86)\Microsoft SQL Server\160\DTS\Binn\;C:\Program Files\Git\cmd;C:\Program Files\nodejs\;C:\Program Files\Common Files\Oracle\Java\javapath;C:\WINDOWS\system32;C:\WINDOWS;C:\WINDOWS\System32\Wbem;C:\WINDOWS\System32\WindowsPowerShell\v1.0\;C:\WINDOWS\System32\OpenSSH\;C:\Program Files (x86)\Microsoft SQL Server\160\Tools\Binn\;C:\Program Files\Microsoft SQL Server\160\Tools\Binn\;C:\Program Files\Microsoft SQL Server\Client SDK\ODBC\170\Tools\Binn\;C:\Program Files\Microsoft SQL Server\160\DTS\Binn\;C:\Program Files (x86)\Microsoft SQL Server\160\DTS\Binn\;C:\Program Files\Git\cmd;C:\Program Files\nodejs\;C:\Program Files\MySQL\MySQL Shell 8.0\bin\;C:\Users\sharo\AppData\Local\Microsoft\WindowsApps;C:\Users\sharo\AppData\Local\Programs\Microsoft VS Code\bin;;C:\Program Files\JetBrains\IntelliJ IDEA 2025.1.1.1\bin;;C:\Users\sharo\IntelliJ IDEA Community Edition 2025.2\bin;C:\Users\sharo\AppData\Roaming\npm;C:\Users\sharo\AppData\Local\Python\bin;C:\Users\TU_USUARIO\AppData\Local\Programs\Python\Python3x\;C:\Users\TU_USUARIO\AppData\Local\Programs\Python\Python3x\Scripts"
USERNAME=sharo
OS=Windows_NT
PROCESSOR_IDENTIFIER=AMD64 Family 23 Model 160 Stepping 0, AuthenticAMD
TMP=C:\Users\sharo\AppData\Local\Temp
TEMP=C:\Users\sharo\AppData\Local\Temp




Compilation memory statistics disabled.

Periodic native trim disabled

---------------  S Y S T E M  ---------------

OS:
 Windows 11 , 64 bit Build 26100 (10.0.26100.8246)
OS uptime: 10 days 4:15 hours
Hyper-V role detected

CPU: total 8 (initial active 8) (8 cores per cpu, 2 threads per core) family 23 model 160 stepping 0 microcode 0x8a00006, cx8, cmov, fxsr, ht, mmx, 3dnowpref, sse, sse2, sse3, ssse3, sse4a, sse4.1, sse4.2, popcnt, lzcnt, tsc, tscinvbit, avx, avx2, aes, clmul, bmi1, bmi2, adx, sha, fma, vzeroupper, clflush, clflushopt, clwb, hv, rdtscp, rdpid, f16c
Processor Information for the first 8 processors :
  Max Mhz: 2801, Current Mhz: 2483, Mhz Limit: 2801

Memory: 4k page, system-wide physical 15647M (5255M free)
TotalPageFile size 22303M (AvailPageFile size 8348M)
current process WorkingSet (physical memory assigned to process): 100M, peak: 100M
current process commit charge ("private bytes"): 382M, peak: 383M

vm_info: OpenJDK 64-Bit Server VM (25.0.2+10-69) for windows-amd64 JRE (25.0.2+10-69), built on 2025-12-18T11:36:35Z with MS VC++ 17.13 (VS2022)

END.
